<?xml version="1.0" encoding="UTF-8"?>
<coverage generated="1748782869509" clover="3.2.0">
  <project timestamp="1748782869509" name="All files">
    <metrics statements="841" coveredstatements="492" conditionals="341" coveredconditionals="101" methods="264" coveredmethods="114" elements="1446" coveredelements="707" complexity="0" loc="841" ncloc="841" packages="5" files="20" classes="20"/>
    <package name="app.components">
      <metrics statements="512" coveredstatements="290" conditionals="219" coveredconditionals="74" methods="150" coveredmethods="59"/>
      <file name="ExpenseList.tsx" path="/Users/benebsworth/projects/pfinance/web/src/app/components/ExpenseList.tsx">
        <metrics statements="96" coveredstatements="76" conditionals="19" coveredconditionals="16" methods="24" coveredmethods="15"/>
        <line num="3" count="2" type="stmt"/>
        <line num="4" count="2" type="stmt"/>
        <line num="5" count="2" type="stmt"/>
        <line num="6" count="2" type="stmt"/>
        <line num="14" count="2" type="stmt"/>
        <line num="22" count="2" type="stmt"/>
        <line num="30" count="2" type="stmt"/>
        <line num="37" count="2" type="stmt"/>
        <line num="38" count="2" type="stmt"/>
        <line num="39" count="2" type="stmt"/>
        <line num="41" count="2" type="stmt"/>
        <line num="42" count="2" type="stmt"/>
        <line num="43" count="2" type="stmt"/>
        <line num="52" count="21" type="stmt"/>
        <line num="53" count="76" type="stmt"/>
        <line num="54" count="76" type="stmt"/>
        <line num="55" count="76" type="stmt"/>
        <line num="56" count="76" type="stmt"/>
        <line num="57" count="76" type="stmt"/>
        <line num="58" count="76" type="stmt"/>
        <line num="59" count="76" type="stmt"/>
        <line num="60" count="76" type="stmt"/>
        <line num="62" count="76" type="stmt"/>
        <line num="72" count="76" type="stmt"/>
        <line num="73" count="21" type="stmt"/>
        <line num="74" count="4" type="cond" truecount="1" falsecount="0"/>
        <line num="75" count="4" type="stmt"/>
        <line num="79" count="21" type="stmt"/>
        <line num="80" count="15" type="cond" truecount="1" falsecount="0"/>
        <line num="81" count="15" type="stmt"/>
        <line num="85" count="21" type="stmt"/>
        <line num="86" count="21" type="stmt"/>
        <line num="88" count="21" type="stmt"/>
        <line num="89" count="21" type="stmt"/>
        <line num="90" count="21" type="stmt"/>
        <line num="95" count="76" type="stmt"/>
        <line num="96" count="695" type="stmt"/>
        <line num="104" count="76" type="stmt"/>
        <line num="105" count="695" type="stmt"/>
        <line num="112" count="76" type="stmt"/>
        <line num="113" count="695" type="stmt"/>
        <line num="117" count="76" type="stmt"/>
        <line num="118" count="0" type="stmt"/>
        <line num="119" count="0" type="stmt"/>
        <line num="125" count="0" type="stmt"/>
        <line num="129" count="76" type="stmt"/>
        <line num="130" count="0" type="stmt"/>
        <line num="131" count="0" type="stmt"/>
        <line num="135" count="76" type="stmt"/>
        <line num="136" count="0" type="cond" truecount="0" falsecount="1"/>
        <line num="137" count="0" type="stmt"/>
        <line num="138" count="0" type="stmt"/>
        <line num="140" count="0" type="stmt"/>
        <line num="144" count="76" type="stmt"/>
        <line num="145" count="0" type="cond" truecount="0" falsecount="1"/>
        <line num="147" count="0" type="stmt"/>
        <line num="155" count="0" type="stmt"/>
        <line num="156" count="0" type="stmt"/>
        <line num="160" count="76" type="stmt"/>
        <line num="161" count="30" type="stmt"/>
        <line num="162" count="30" type="cond" truecount="4" falsecount="0"/>
        <line num="164" count="4" type="stmt"/>
        <line num="165" count="4" type="stmt"/>
        <line num="168" count="17" type="stmt"/>
        <line num="171" count="4" type="stmt"/>
        <line num="174" count="4" type="stmt"/>
        <line num="177" count="4" type="stmt"/>
        <line num="178" count="17" type="cond" truecount="1" falsecount="1"/>
        <line num="179" count="17" type="stmt"/>
        <line num="181" count="0" type="stmt"/>
        <line num="185" count="4" type="stmt"/>
        <line num="188" count="26" type="stmt"/>
        <line num="191" count="26" type="cond" truecount="2" falsecount="0"/>
        <line num="192" count="2" type="stmt"/>
        <line num="194" count="24" type="stmt"/>
        <line num="197" count="26" type="stmt"/>
        <line num="200" count="0" type="stmt"/>
        <line num="204" count="30" type="stmt"/>
        <line num="208" count="76" type="stmt"/>
        <line num="209" count="4" type="cond" truecount="2" falsecount="0"/>
        <line num="210" count="1" type="stmt"/>
        <line num="212" count="20" type="stmt"/>
        <line num="215" count="4" type="stmt"/>
        <line num="219" count="76" type="stmt"/>
        <line num="220" count="2" type="cond" truecount="1" falsecount="0"/>
        <line num="221" count="2" type="stmt"/>
        <line num="222" count="2" type="stmt"/>
        <line num="226" count="76" type="stmt"/>
        <line num="239" count="76" type="stmt"/>
        <line num="291" count="695" type="stmt"/>
        <line num="296" count="30" type="stmt"/>
        <line num="329" count="0" type="stmt"/>
        <line num="337" count="0" type="stmt"/>
        <line num="413" count="0" type="stmt"/>
        <line num="442" count="0" type="stmt"/>
        <line num="475" count="0" type="stmt"/>
      </file>
      <file name="SalaryBreakdownChart.tsx" path="/Users/benebsworth/projects/pfinance/web/src/app/components/SalaryBreakdownChart.tsx">
        <metrics statements="61" coveredstatements="52" conditionals="19" coveredconditionals="4" methods="21" coveredmethods="16"/>
        <line num="3" count="2" type="stmt"/>
        <line num="4" count="2" type="stmt"/>
        <line num="5" count="2" type="stmt"/>
        <line num="6" count="2" type="stmt"/>
        <line num="7" count="2" type="stmt"/>
        <line num="8" count="2" type="stmt"/>
        <line num="9" count="2" type="stmt"/>
        <line num="10" count="2" type="stmt"/>
        <line num="11" count="2" type="stmt"/>
        <line num="12" count="2" type="stmt"/>
        <line num="13" count="2" type="stmt"/>
        <line num="34" count="2" type="stmt"/>
        <line num="46" count="37" type="stmt"/>
        <line num="57" count="37" type="stmt"/>
        <line num="66" count="37" type="stmt"/>
        <line num="69" count="37" type="stmt"/>
        <line num="71" count="185" type="stmt"/>
        <line num="73" count="185" type="stmt"/>
        <line num="81" count="37" type="stmt"/>
        <line num="84" count="18" type="stmt"/>
        <line num="85" count="18" type="stmt"/>
        <line num="86" count="18" type="stmt"/>
        <line num="89" count="18" type="stmt"/>
        <line num="93" count="18" type="stmt"/>
        <line num="96" count="18" type="stmt"/>
        <line num="98" count="18" type="stmt"/>
        <line num="132" count="18" type="cond" truecount="0" falsecount="1"/>
        <line num="133" count="0" type="stmt"/>
        <line num="142" count="18" type="cond" truecount="0" falsecount="1"/>
        <line num="143" count="0" type="stmt"/>
        <line num="152" count="18" type="cond" truecount="0" falsecount="1"/>
        <line num="153" count="0" type="stmt"/>
        <line num="161" count="90" type="stmt"/>
        <line num="165" count="37" type="stmt"/>
        <line num="166" count="18" type="stmt"/>
        <line num="167" count="72" type="stmt"/>
        <line num="168" count="72" type="stmt"/>
        <line num="174" count="37" type="stmt"/>
        <line num="175" count="72" type="stmt"/>
        <line num="180" count="37" type="stmt"/>
        <line num="182" count="0" type="cond" truecount="0" falsecount="2"/>
        <line num="185" count="0" type="stmt"/>
        <line num="199" count="370" type="stmt"/>
        <line num="200" count="148" type="cond" truecount="1" falsecount="1"/>
        <line num="209" count="37" type="stmt"/>
        <line num="210" count="37" type="stmt"/>
        <line num="211" count="37" type="stmt"/>
        <line num="219" count="148" type="stmt"/>
        <line num="226" count="37" type="stmt"/>
        <line num="227" count="148" type="stmt"/>
        <line num="228" count="148" type="stmt"/>
        <line num="229" count="148" type="stmt"/>
        <line num="230" count="148" type="cond" truecount="1" falsecount="1"/>
        <line num="231" count="148" type="stmt"/>
        <line num="232" count="148" type="stmt"/>
        <line num="234" count="148" type="stmt"/>
        <line num="239" count="0" type="stmt"/>
        <line num="240" count="0" type="stmt"/>
        <line num="241" count="0" type="stmt"/>
        <line num="242" count="0" type="stmt"/>
        <line num="304" count="148" type="stmt"/>
      </file>
      <file name="SalaryCalculator.tsx" path="/Users/benebsworth/projects/pfinance/web/src/app/components/SalaryCalculator.tsx">
        <metrics statements="355" coveredstatements="162" conditionals="181" coveredconditionals="54" methods="105" coveredmethods="28"/>
        <line num="3" count="2" type="stmt"/>
        <line num="4" count="2" type="stmt"/>
        <line num="6" count="2" type="stmt"/>
        <line num="14" count="2" type="stmt"/>
        <line num="15" count="2" type="stmt"/>
        <line num="22" count="2" type="stmt"/>
        <line num="29" count="2" type="stmt"/>
        <line num="30" count="2" type="stmt"/>
        <line num="31" count="2" type="stmt"/>
        <line num="32" count="2" type="stmt"/>
        <line num="33" count="2" type="stmt"/>
        <line num="34" count="2" type="stmt"/>
        <line num="35" count="2" type="stmt"/>
        <line num="36" count="2" type="stmt"/>
        <line num="37" count="2" type="stmt"/>
        <line num="38" count="2" type="stmt"/>
        <line num="44" count="2" type="stmt"/>
        <line num="45" count="2" type="stmt"/>
        <line num="46" count="2" type="stmt"/>
        <line num="83" count="2" type="stmt"/>
        <line num="84" count="2" type="stmt"/>
        <line num="87" count="2" type="stmt"/>
        <line num="89" count="2" type="stmt"/>
        <line num="90" count="2" type="stmt"/>
        <line num="91" count="2" type="stmt"/>
        <line num="94" count="2" type="stmt"/>
        <line num="102" count="2" type="stmt"/>
        <line num="105" count="2" type="stmt"/>
        <line num="128" count="2" type="stmt"/>
        <line num="129" count="2" type="stmt"/>
        <line num="131" count="8" type="stmt"/>
        <line num="132" count="37" type="stmt"/>
        <line num="133" count="37" type="stmt"/>
        <line num="146" count="37" type="stmt"/>
        <line num="147" count="37" type="stmt"/>
        <line num="148" count="37" type="stmt"/>
        <line num="150" count="37" type="stmt"/>
        <line num="162" count="37" type="stmt"/>
        <line num="163" count="37" type="stmt"/>
        <line num="164" count="37" type="stmt"/>
        <line num="165" count="37" type="stmt"/>
        <line num="166" count="37" type="stmt"/>
        <line num="168" count="37" type="stmt"/>
        <line num="171" count="37" type="stmt"/>
        <line num="172" count="18" type="cond" truecount="1" falsecount="1"/>
        <line num="173" count="18" type="stmt"/>
        <line num="175" count="18" type="cond" truecount="1" falsecount="1"/>
        <line num="176" count="0" type="stmt"/>
        <line num="177" count="18" type="cond" truecount="1" falsecount="1"/>
        <line num="178" count="0" type="stmt"/>
        <line num="179" count="18" type="cond" truecount="0" falsecount="1"/>
        <line num="180" count="0" type="stmt"/>
        <line num="184" count="18" type="cond" truecount="0" falsecount="1"/>
        <line num="185" count="0" type="cond" truecount="0" falsecount="2"/>
        <line num="187" count="0" type="cond" truecount="0" falsecount="2"/>
        <line num="188" count="0" type="stmt"/>
        <line num="190" count="0" type="stmt"/>
        <line num="193" count="18" type="stmt"/>
        <line num="197" count="37" type="stmt"/>
        <line num="198" count="8" type="stmt"/>
        <line num="199" count="0" type="cond" truecount="0" falsecount="2"/>
        <line num="200" count="0" type="cond" truecount="0" falsecount="2"/>
        <line num="202" count="0" type="stmt"/>
        <line num="205" count="0" type="cond" truecount="0" falsecount="2"/>
        <line num="206" count="0" type="stmt"/>
        <line num="207" count="0" type="cond" truecount="0" falsecount="2"/>
        <line num="208" count="0" type="stmt"/>
        <line num="209" count="0" type="cond" truecount="0" falsecount="1"/>
        <line num="210" count="0" type="stmt"/>
        <line num="213" count="0" type="stmt"/>
        <line num="218" count="37" type="stmt"/>
        <line num="219" count="18" type="stmt"/>
        <line num="223" count="37" type="stmt"/>
        <line num="224" count="18" type="stmt"/>
        <line num="225" count="0" type="cond" truecount="0" falsecount="2"/>
        <line num="228" count="0" type="stmt"/>
        <line num="229" count="0" type="cond" truecount="0" falsecount="2"/>
        <line num="230" count="0" type="stmt"/>
        <line num="231" count="0" type="cond" truecount="0" falsecount="2"/>
        <line num="232" count="0" type="stmt"/>
        <line num="233" count="0" type="cond" truecount="0" falsecount="1"/>
        <line num="234" count="0" type="stmt"/>
        <line num="237" count="0" type="stmt"/>
        <line num="240" count="18" type="stmt"/>
        <line num="241" count="0" type="stmt"/>
        <line num="243" count="0" type="cond" truecount="0" falsecount="2"/>
        <line num="246" count="0" type="stmt"/>
        <line num="247" count="0" type="cond" truecount="0" falsecount="2"/>
        <line num="248" count="0" type="stmt"/>
        <line num="249" count="0" type="cond" truecount="0" falsecount="2"/>
        <line num="250" count="0" type="stmt"/>
        <line num="251" count="0" type="cond" truecount="0" falsecount="1"/>
        <line num="252" count="0" type="stmt"/>
        <line num="255" count="0" type="stmt"/>
        <line num="259" count="18" type="stmt"/>
        <line num="262" count="18" type="stmt"/>
        <line num="266" count="18" type="stmt"/>
        <line num="267" count="18" type="cond" truecount="0" falsecount="1"/>
        <line num="268" count="0" type="stmt"/>
        <line num="269" count="0" type="stmt"/>
        <line num="270" count="0" type="stmt"/>
        <line num="271" count="0" type="stmt"/>
        <line num="275" count="18" type="stmt"/>
        <line num="277" count="18" type="stmt"/>
        <line num="289" count="37" type="stmt"/>
        <line num="291" count="26" type="stmt"/>
        <line num="295" count="26" type="stmt"/>
        <line num="298" count="26" type="cond" truecount="1" falsecount="0"/>
        <line num="299" count="10" type="cond" truecount="2" falsecount="0"/>
        <line num="300" count="10" type="stmt"/>
        <line num="303" count="26" type="stmt"/>
        <line num="307" count="37" type="stmt"/>
        <line num="308" count="18" type="stmt"/>
        <line num="311" count="18" type="stmt"/>
        <line num="314" count="18" type="stmt"/>
        <line num="315" count="18" type="stmt"/>
        <line num="318" count="18" type="cond" truecount="0" falsecount="1"/>
        <line num="330" count="18" type="stmt"/>
        <line num="334" count="37" type="stmt"/>
        <line num="336" count="18" type="cond" truecount="3" falsecount="1"/>
        <line num="337" count="0" type="stmt"/>
        <line num="340" count="18" type="stmt"/>
        <line num="344" count="37" type="stmt"/>
        <line num="345" count="18" type="cond" truecount="1" falsecount="0"/>
        <line num="348" count="0" type="stmt"/>
        <line num="349" count="0" type="cond" truecount="0" falsecount="2"/>
        <line num="352" count="0" type="cond" truecount="0" falsecount="1"/>
        <line num="354" count="0" type="stmt"/>
        <line num="358" count="37" type="stmt"/>
        <line num="359" count="8" type="stmt"/>
        <line num="360" count="0" type="stmt"/>
        <line num="362" count="0" type="cond" truecount="0" falsecount="2"/>
        <line num="365" count="0" type="stmt"/>
        <line num="366" count="0" type="cond" truecount="0" falsecount="2"/>
        <line num="367" count="0" type="stmt"/>
        <line num="368" count="0" type="cond" truecount="0" falsecount="2"/>
        <line num="369" count="0" type="stmt"/>
        <line num="370" count="0" type="cond" truecount="0" falsecount="1"/>
        <line num="371" count="0" type="stmt"/>
        <line num="374" count="0" type="stmt"/>
        <line num="377" count="8" type="stmt"/>
        <line num="378" count="0" type="stmt"/>
        <line num="380" count="0" type="cond" truecount="0" falsecount="2"/>
        <line num="383" count="0" type="stmt"/>
        <line num="384" count="0" type="cond" truecount="0" falsecount="2"/>
        <line num="385" count="0" type="stmt"/>
        <line num="386" count="0" type="cond" truecount="0" falsecount="2"/>
        <line num="387" count="0" type="stmt"/>
        <line num="388" count="0" type="cond" truecount="0" falsecount="1"/>
        <line num="389" count="0" type="stmt"/>
        <line num="392" count="0" type="stmt"/>
        <line num="397" count="8" type="stmt"/>
        <line num="398" count="0" type="stmt"/>
        <line num="400" count="0" type="cond" truecount="0" falsecount="2"/>
        <line num="403" count="0" type="stmt"/>
        <line num="404" count="0" type="cond" truecount="0" falsecount="2"/>
        <line num="405" count="0" type="stmt"/>
        <line num="406" count="0" type="cond" truecount="0" falsecount="2"/>
        <line num="407" count="0" type="stmt"/>
        <line num="408" count="0" type="cond" truecount="0" falsecount="1"/>
        <line num="409" count="0" type="stmt"/>
        <line num="413" count="0" type="cond" truecount="0" falsecount="1"/>
        <line num="414" count="0" type="stmt"/>
        <line num="417" count="0" type="stmt"/>
        <line num="420" count="8" type="stmt"/>
        <line num="429" count="37" type="stmt"/>
        <line num="430" count="18" type="cond" truecount="0" falsecount="1"/>
        <line num="433" count="18" type="stmt"/>
        <line num="436" count="18" type="stmt"/>
        <line num="437" count="0" type="cond" truecount="0" falsecount="1"/>
        <line num="438" count="0" type="cond" truecount="0" falsecount="2"/>
        <line num="439" count="0" type="cond" truecount="0" falsecount="2"/>
        <line num="441" count="0" type="stmt"/>
        <line num="444" count="0" type="cond" truecount="0" falsecount="2"/>
        <line num="445" count="0" type="stmt"/>
        <line num="446" count="0" type="cond" truecount="0" falsecount="2"/>
        <line num="447" count="0" type="stmt"/>
        <line num="448" count="0" type="cond" truecount="0" falsecount="1"/>
        <line num="449" count="0" type="stmt"/>
        <line num="452" count="0" type="stmt"/>
        <line num="456" count="18" type="stmt"/>
        <line num="460" count="37" type="stmt"/>
        <line num="461" count="18" type="stmt"/>
        <line num="462" count="18" type="stmt"/>
        <line num="463" count="18" type="stmt"/>
        <line num="467" count="37" type="stmt"/>
        <line num="468" count="26" type="cond" truecount="1" falsecount="0"/>
        <line num="469" count="10" type="cond" truecount="2" falsecount="0"/>
        <line num="470" count="10" type="stmt"/>
        <line num="474" count="37" type="stmt"/>
        <line num="475" count="16" type="cond" truecount="1" falsecount="0"/>
        <line num="479" count="8" type="stmt"/>
        <line num="480" count="8" type="stmt"/>
        <line num="481" count="8" type="stmt"/>
        <line num="485" count="37" type="stmt"/>
        <line num="487" count="26" type="stmt"/>
        <line num="490" count="26" type="stmt"/>
        <line num="493" count="26" type="stmt"/>
        <line num="496" count="26" type="stmt"/>
        <line num="499" count="26" type="cond" truecount="1" falsecount="0"/>
        <line num="500" count="10" type="cond" truecount="2" falsecount="0"/>
        <line num="501" count="10" type="stmt"/>
        <line num="507" count="26" type="stmt"/>
        <line num="521" count="26" type="stmt"/>
        <line num="533" count="37" type="stmt"/>
        <line num="534" count="18" type="stmt"/>
        <line num="538" count="37" type="stmt"/>
        <line num="540" count="1733" type="stmt"/>
        <line num="542" count="1733" type="stmt"/>
        <line num="550" count="37" type="stmt"/>
        <line num="551" count="936" type="cond" truecount="2" falsecount="0"/>
        <line num="552" count="234" type="stmt"/>
        <line num="553" count="702" type="cond" truecount="2" falsecount="0"/>
        <line num="554" count="234" type="stmt"/>
        <line num="555" count="468" type="cond" truecount="1" falsecount="0"/>
        <line num="556" count="234" type="stmt"/>
        <line num="558" count="234" type="stmt"/>
        <line num="562" count="37" type="stmt"/>
        <line num="563" count="18" type="stmt"/>
        <line num="565" count="72" type="stmt"/>
        <line num="596" count="37" type="stmt"/>
        <line num="597" count="0" type="cond" truecount="0" falsecount="1"/>
        <line num="599" count="0" type="stmt"/>
        <line num="600" count="0" type="cond" truecount="0" falsecount="2"/>
        <line num="603" count="0" type="cond" truecount="0" falsecount="1"/>
        <line num="605" count="0" type="stmt"/>
        <line num="609" count="37" type="stmt"/>
        <line num="610" count="0" type="stmt"/>
        <line num="619" count="0" type="stmt"/>
        <line num="632" count="0" type="stmt"/>
        <line num="633" count="0" type="stmt"/>
        <line num="634" count="0" type="stmt"/>
        <line num="637" count="37" type="stmt"/>
        <line num="638" count="8" type="stmt"/>
        <line num="645" count="37" type="stmt"/>
        <line num="646" count="0" type="stmt"/>
        <line num="653" count="0" type="stmt"/>
        <line num="657" count="37" type="stmt"/>
        <line num="658" count="0" type="stmt"/>
        <line num="662" count="37" type="stmt"/>
        <line num="663" count="0" type="stmt"/>
        <line num="664" count="0" type="cond" truecount="0" falsecount="2"/>
        <line num="669" count="37" type="stmt"/>
        <line num="670" count="0" type="cond" truecount="0" falsecount="1"/>
        <line num="672" count="0" type="cond" truecount="0" falsecount="2"/>
        <line num="673" count="0" type="cond" truecount="0" falsecount="2"/>
        <line num="674" count="0" type="stmt"/>
        <line num="676" count="0" type="stmt"/>
        <line num="680" count="37" type="stmt"/>
        <line num="681" count="0" type="cond" truecount="0" falsecount="1"/>
        <line num="683" count="0" type="stmt"/>
        <line num="688" count="0" type="stmt"/>
        <line num="690" count="0" type="stmt"/>
        <line num="696" count="0" type="stmt"/>
        <line num="697" count="0" type="stmt"/>
        <line num="703" count="0" type="stmt"/>
        <line num="704" count="0" type="stmt"/>
        <line num="706" count="0" type="stmt"/>
        <line num="707" count="0" type="stmt"/>
        <line num="713" count="0" type="stmt"/>
        <line num="715" count="0" type="stmt"/>
        <line num="721" count="0" type="stmt"/>
        <line num="726" count="37" type="stmt"/>
        <line num="727" count="0" type="stmt"/>
        <line num="729" count="0" type="stmt"/>
        <line num="737" count="0" type="stmt"/>
        <line num="740" count="0" type="stmt"/>
        <line num="743" count="0" type="stmt"/>
        <line num="749" count="0" type="stmt"/>
        <line num="751" count="0" type="stmt"/>
        <line num="757" count="0" type="stmt"/>
        <line num="762" count="37" type="stmt"/>
        <line num="763" count="0" type="stmt"/>
        <line num="767" count="37" type="stmt"/>
        <line num="768" count="14" type="cond" truecount="1" falsecount="0"/>
        <line num="769" count="14" type="stmt"/>
        <line num="770" count="14" type="stmt"/>
        <line num="771" count="14" type="stmt"/>
        <line num="773" count="14" type="cond" truecount="0" falsecount="1"/>
        <line num="774" count="0" type="stmt"/>
        <line num="777" count="0" type="stmt"/>
        <line num="778" count="0" type="stmt"/>
        <line num="781" count="0" type="cond" truecount="0" falsecount="1"/>
        <line num="782" count="0" type="stmt"/>
        <line num="786" count="0" type="cond" truecount="0" falsecount="3"/>
        <line num="787" count="0" type="stmt"/>
        <line num="794" count="0" type="stmt"/>
        <line num="797" count="0" type="stmt"/>
        <line num="798" count="0" type="stmt"/>
        <line num="801" count="0" type="stmt"/>
        <line num="807" count="37" type="stmt"/>
        <line num="808" count="8" type="cond" truecount="1" falsecount="2"/>
        <line num="809" count="0" type="stmt"/>
        <line num="817" count="37" type="stmt"/>
        <line num="818" count="0" type="stmt"/>
        <line num="826" count="0" type="stmt"/>
        <line num="829" count="37" type="stmt"/>
        <line num="830" count="0" type="stmt"/>
        <line num="833" count="37" type="stmt"/>
        <line num="834" count="0" type="stmt"/>
        <line num="835" count="0" type="cond" truecount="0" falsecount="2"/>
        <line num="840" count="37" type="stmt"/>
        <line num="841" count="0" type="stmt"/>
        <line num="848" count="0" type="stmt"/>
        <line num="851" count="37" type="stmt"/>
        <line num="852" count="0" type="stmt"/>
        <line num="855" count="37" type="stmt"/>
        <line num="856" count="0" type="stmt"/>
        <line num="857" count="0" type="cond" truecount="0" falsecount="2"/>
        <line num="892" count="0" type="stmt"/>
        <line num="906" count="0" type="stmt"/>
        <line num="916" count="0" type="stmt"/>
        <line num="1007" count="0" type="stmt"/>
        <line num="1013" count="0" type="stmt"/>
        <line num="1026" count="0" type="stmt"/>
        <line num="1036" count="0" type="stmt"/>
        <line num="1048" count="0" type="stmt"/>
        <line num="1068" count="0" type="stmt"/>
        <line num="1120" count="0" type="stmt"/>
        <line num="1126" count="0" type="stmt"/>
        <line num="1138" count="0" type="stmt"/>
        <line num="1149" count="0" type="stmt"/>
        <line num="1159" count="0" type="stmt"/>
        <line num="1179" count="0" type="stmt"/>
        <line num="1195" count="0" type="stmt"/>
        <line num="1261" count="148" type="stmt"/>
        <line num="1274" count="0" type="cond" truecount="0" falsecount="2"/>
        <line num="1284" count="0" type="stmt"/>
        <line num="1343" count="0" type="cond" truecount="0" falsecount="2"/>
        <line num="1344" count="0" type="stmt"/>
        <line num="1368" count="0" type="cond" truecount="0" falsecount="2"/>
        <line num="1369" count="0" type="cond" truecount="0" falsecount="2"/>
        <line num="1370" count="0" type="stmt"/>
        <line num="1371" count="0" type="cond" truecount="0" falsecount="2"/>
        <line num="1372" count="0" type="stmt"/>
        <line num="1373" count="0" type="cond" truecount="0" falsecount="2"/>
        <line num="1374" count="0" type="stmt"/>
        <line num="1376" count="0" type="stmt"/>
        <line num="1393" count="0" type="stmt"/>
        <line num="1399" count="0" type="stmt"/>
        <line num="1411" count="0" type="stmt"/>
        <line num="1422" count="0" type="stmt"/>
        <line num="1432" count="0" type="stmt"/>
        <line num="1454" count="0" type="stmt"/>
        <line num="1500" count="0" type="stmt"/>
        <line num="1510" count="0" type="cond" truecount="0" falsecount="2"/>
        <line num="1525" count="0" type="stmt"/>
        <line num="1562" count="0" type="stmt"/>
        <line num="1595" count="0" type="stmt"/>
        <line num="1606" count="0" type="stmt"/>
        <line num="1638" count="8" type="stmt"/>
        <line num="1652" count="5" type="cond" truecount="1" falsecount="1"/>
        <line num="1653" count="5" type="stmt"/>
        <line num="1672" count="0" type="stmt"/>
        <line num="1732" count="148" type="stmt"/>
      </file>
    </package>
    <package name="app.constants">
      <metrics statements="57" coveredstatements="40" conditionals="26" coveredconditionals="8" methods="11" coveredmethods="5"/>
      <file name="taxSystems.ts" path="/Users/benebsworth/projects/pfinance/web/src/app/constants/taxSystems.ts">
        <metrics statements="32" coveredstatements="26" conditionals="14" coveredconditionals="6" methods="4" coveredmethods="3"/>
        <line num="4" count="4" type="stmt"/>
        <line num="18" count="4" type="stmt"/>
        <line num="31" count="4" type="stmt"/>
        <line num="40" count="1936" type="stmt"/>
        <line num="41" count="1936" type="cond" truecount="2" falsecount="2"/>
        <line num="43" count="0" type="stmt"/>
        <line num="45" count="0" type="stmt"/>
        <line num="48" count="1936" type="stmt"/>
        <line num="53" count="36" type="stmt"/>
        <line num="58" count="36" type="cond" truecount="0" falsecount="1"/>
        <line num="61" count="36" type="stmt"/>
        <line num="64" count="36" type="stmt"/>
        <line num="65" count="36" type="cond" truecount="2" falsecount="1"/>
        <line num="68" count="36" type="cond" truecount="0" falsecount="1"/>
        <line num="71" count="36" type="cond" truecount="0" falsecount="1"/>
        <line num="72" count="0" type="stmt"/>
        <line num="73" count="0" type="stmt"/>
        <line num="74" count="0" type="stmt"/>
        <line num="76" count="0" type="stmt"/>
        <line num="80" count="36" type="stmt"/>
        <line num="81" count="36" type="stmt"/>
        <line num="83" count="36" type="stmt"/>
        <line num="84" count="36" type="stmt"/>
        <line num="86" count="36" type="cond" truecount="0" falsecount="1"/>
        <line num="89" count="36" type="cond" truecount="1" falsecount="1"/>
        <line num="90" count="36" type="stmt"/>
        <line num="91" count="36" type="stmt"/>
        <line num="94" count="36" type="stmt"/>
        <line num="95" count="36" type="stmt"/>
        <line num="98" count="36" type="stmt"/>
        <line num="100" count="36" type="cond" truecount="1" falsecount="0"/>
        <line num="103" count="36" type="stmt"/>
      </file>
      <file name="theme.ts" path="/Users/benebsworth/projects/pfinance/web/src/app/constants/theme.ts">
        <metrics statements="25" coveredstatements="14" conditionals="12" coveredconditionals="2" methods="7" coveredmethods="2"/>
        <line num="4" count="2" type="stmt"/>
        <line num="18" count="2" type="stmt"/>
        <line num="26" count="695" type="stmt"/>
        <line num="27" count="695" type="stmt"/>
        <line num="40" count="695" type="cond" truecount="1" falsecount="1"/>
        <line num="44" count="695" type="stmt"/>
        <line num="45" count="695" type="cond" truecount="1" falsecount="1"/>
        <line num="49" count="2" type="stmt"/>
        <line num="50" count="0" type="stmt"/>
        <line num="61" count="0" type="cond" truecount="0" falsecount="2"/>
        <line num="65" count="2" type="stmt"/>
        <line num="66" count="0" type="stmt"/>
        <line num="70" count="2" type="stmt"/>
        <line num="71" count="0" type="stmt"/>
        <line num="82" count="0" type="cond" truecount="0" falsecount="2"/>
        <line num="83" count="0" type="stmt"/>
        <line num="87" count="2" type="stmt"/>
        <line num="88" count="0" type="stmt"/>
        <line num="95" count="0" type="cond" truecount="0" falsecount="2"/>
        <line num="96" count="0" type="stmt"/>
        <line num="101" count="0" type="stmt"/>
        <line num="114" count="0" type="cond" truecount="0" falsecount="2"/>
        <line num="118" count="2" type="stmt"/>
        <line num="119" count="2" type="stmt"/>
        <line num="120" count="2" type="stmt"/>
      </file>
    </package>
    <package name="app.context">
      <metrics statements="146" coveredstatements="53" conditionals="68" coveredconditionals="3" methods="44" coveredmethods="6"/>
      <file name="FinanceContext.tsx" path="/Users/benebsworth/projects/pfinance/web/src/app/context/FinanceContext.tsx">
        <metrics statements="146" coveredstatements="53" conditionals="68" coveredconditionals="3" methods="44" coveredmethods="6"/>
        <line num="3" count="4" type="stmt"/>
        <line num="14" count="4" type="stmt"/>
        <line num="15" count="4" type="stmt"/>
        <line num="62" count="4" type="stmt"/>
        <line num="69" count="4" type="stmt"/>
        <line num="71" count="10" type="stmt"/>
        <line num="72" count="54" type="stmt"/>
        <line num="73" count="54" type="stmt"/>
        <line num="74" count="54" type="stmt"/>
        <line num="77" count="54" type="stmt"/>
        <line num="79" count="29" type="stmt"/>
        <line num="80" count="29" type="cond" truecount="1" falsecount="0"/>
        <line num="81" count="25" type="stmt"/>
        <line num="82" count="25" type="stmt"/>
        <line num="83" count="25" type="stmt"/>
        <line num="87" count="25" type="stmt"/>
        <line num="89" count="0" type="stmt"/>
        <line num="94" count="29" type="stmt"/>
        <line num="95" count="29" type="cond" truecount="1" falsecount="0"/>
        <line num="96" count="25" type="stmt"/>
        <line num="97" count="25" type="stmt"/>
        <line num="98" count="25" type="stmt"/>
        <line num="102" count="25" type="stmt"/>
        <line num="104" count="0" type="stmt"/>
        <line num="109" count="29" type="stmt"/>
        <line num="110" count="29" type="cond" truecount="1" falsecount="0"/>
        <line num="111" count="25" type="stmt"/>
        <line num="112" count="25" type="stmt"/>
        <line num="113" count="25" type="stmt"/>
        <line num="115" count="0" type="stmt"/>
        <line num="121" count="54" type="stmt"/>
        <line num="122" count="54" type="stmt"/>
        <line num="126" count="54" type="stmt"/>
        <line num="127" count="54" type="stmt"/>
        <line num="131" count="54" type="stmt"/>
        <line num="132" count="54" type="stmt"/>
        <line num="136" count="54" type="cond" truecount="0" falsecount="1"/>
        <line num="137" count="0" type="stmt"/>
        <line num="138" count="0" type="stmt"/>
        <line num="146" count="0" type="stmt"/>
        <line num="150" count="54" type="stmt"/>
        <line num="151" count="0" type="stmt"/>
        <line num="153" count="0" type="stmt"/>
        <line num="154" count="0" type="stmt"/>
        <line num="163" count="0" type="stmt"/>
        <line num="166" count="0" type="stmt"/>
        <line num="169" count="54" type="stmt"/>
        <line num="170" count="0" type="stmt"/>
        <line num="171" count="0" type="stmt"/>
        <line num="172" count="0" type="cond" truecount="0" falsecount="2"/>
        <line num="179" count="54" type="stmt"/>
        <line num="180" count="0" type="stmt"/>
        <line num="183" count="54" type="stmt"/>
        <line num="184" count="0" type="stmt"/>
        <line num="187" count="54" type="stmt"/>
        <line num="188" count="0" type="stmt"/>
        <line num="191" count="0" type="cond" truecount="0" falsecount="2"/>
        <line num="196" count="0" type="stmt"/>
        <line num="200" count="54" type="stmt"/>
        <line num="201" count="0" type="stmt"/>
        <line num="204" count="0" type="stmt"/>
        <line num="207" count="0" type="cond" truecount="0" falsecount="2"/>
        <line num="212" count="0" type="cond" truecount="0" falsecount="2"/>
        <line num="213" count="0" type="stmt"/>
        <line num="217" count="0" type="stmt"/>
        <line num="225" count="54" type="stmt"/>
        <line num="232" count="0" type="stmt"/>
        <line num="241" count="0" type="stmt"/>
        <line num="244" count="54" type="stmt"/>
        <line num="245" count="0" type="stmt"/>
        <line num="246" count="0" type="stmt"/>
        <line num="247" count="0" type="cond" truecount="0" falsecount="2"/>
        <line num="254" count="54" type="stmt"/>
        <line num="255" count="0" type="stmt"/>
        <line num="259" count="54" type="stmt"/>
        <line num="260" count="0" type="cond" truecount="0" falsecount="5"/>
        <line num="262" count="0" type="stmt"/>
        <line num="264" count="0" type="stmt"/>
        <line num="266" count="0" type="stmt"/>
        <line num="268" count="0" type="stmt"/>
        <line num="270" count="0" type="stmt"/>
        <line num="275" count="54" type="stmt"/>
        <line num="276" count="0" type="cond" truecount="0" falsecount="5"/>
        <line num="278" count="0" type="stmt"/>
        <line num="280" count="0" type="stmt"/>
        <line num="282" count="0" type="stmt"/>
        <line num="284" count="0" type="stmt"/>
        <line num="286" count="0" type="stmt"/>
        <line num="291" count="54" type="cond" truecount="0" falsecount="1"/>
        <line num="292" count="0" type="stmt"/>
        <line num="293" count="0" type="stmt"/>
        <line num="296" count="0" type="stmt"/>
        <line num="300" count="54" type="stmt"/>
        <line num="301" count="0" type="stmt"/>
        <line num="302" count="0" type="stmt"/>
        <line num="303" count="0" type="stmt"/>
        <line num="308" count="0" type="stmt"/>
        <line num="309" count="0" type="stmt"/>
        <line num="313" count="54" type="stmt"/>
        <line num="315" count="0" type="cond" truecount="0" falsecount="3"/>
        <line num="318" count="0" type="cond" truecount="0" falsecount="1"/>
        <line num="319" count="0" type="stmt"/>
        <line num="323" count="0" type="stmt"/>
        <line num="326" count="0" type="cond" truecount="0" falsecount="2"/>
        <line num="328" count="0" type="stmt"/>
        <line num="332" count="54" type="cond" truecount="0" falsecount="1"/>
        <line num="333" count="0" type="stmt"/>
        <line num="336" count="0" type="cond" truecount="0" falsecount="1"/>
        <line num="341" count="0" type="cond" truecount="0" falsecount="2"/>
        <line num="342" count="0" type="stmt"/>
        <line num="343" count="0" type="cond" truecount="0" falsecount="2"/>
        <line num="344" count="0" type="stmt"/>
        <line num="345" count="0" type="cond" truecount="0" falsecount="2"/>
        <line num="346" count="0" type="stmt"/>
        <line num="348" count="0" type="stmt"/>
        <line num="352" count="0" type="stmt"/>
        <line num="354" count="0" type="cond" truecount="0" falsecount="1"/>
        <line num="355" count="0" type="stmt"/>
        <line num="356" count="0" type="cond" truecount="0" falsecount="1"/>
        <line num="358" count="0" type="stmt"/>
        <line num="359" count="0" type="stmt"/>
        <line num="360" count="0" type="stmt"/>
        <line num="364" count="0" type="cond" truecount="0" falsecount="2"/>
        <line num="365" count="0" type="stmt"/>
        <line num="366" count="0" type="cond" truecount="0" falsecount="2"/>
        <line num="367" count="0" type="stmt"/>
        <line num="368" count="0" type="cond" truecount="0" falsecount="2"/>
        <line num="369" count="0" type="stmt"/>
        <line num="371" count="0" type="stmt"/>
        <line num="374" count="0" type="stmt"/>
        <line num="377" count="0" type="stmt"/>
        <line num="381" count="0" type="stmt"/>
        <line num="385" count="0" type="cond" truecount="0" falsecount="2"/>
        <line num="386" count="0" type="stmt"/>
        <line num="387" count="0" type="cond" truecount="0" falsecount="2"/>
        <line num="388" count="0" type="stmt"/>
        <line num="389" count="0" type="cond" truecount="0" falsecount="2"/>
        <line num="390" count="0" type="stmt"/>
        <line num="392" count="0" type="stmt"/>
        <line num="396" count="0" type="stmt"/>
        <line num="407" count="0" type="stmt"/>
        <line num="440" count="76" type="stmt"/>
        <line num="441" count="74" type="stmt"/>
        <line num="442" count="74" type="cond" truecount="0" falsecount="1"/>
        <line num="443" count="0" type="stmt"/>
        <line num="445" count="74" type="stmt"/>
      </file>
    </package>
    <package name="components.ui">
      <metrics statements="122" coveredstatements="105" conditionals="28" coveredconditionals="16" methods="58" coveredmethods="43"/>
      <file name="badge.tsx" path="/Users/benebsworth/projects/pfinance/web/src/components/ui/badge.tsx">
        <metrics statements="7" coveredstatements="7" conditionals="3" coveredconditionals="2" methods="1" coveredmethods="1"/>
        <line num="1" count="2" type="stmt"/>
        <line num="2" count="2" type="stmt"/>
        <line num="3" count="2" type="stmt"/>
        <line num="5" count="2" type="stmt"/>
        <line num="7" count="2" type="stmt"/>
        <line num="35" count="1170" type="cond" truecount="1" falsecount="1"/>
        <line num="46" count="1390" type="stmt"/>
      </file>
      <file name="button.tsx" path="/Users/benebsworth/projects/pfinance/web/src/components/ui/button.tsx">
        <metrics statements="7" coveredstatements="7" conditionals="3" coveredconditionals="2" methods="1" coveredmethods="1"/>
        <line num="1" count="4" type="stmt"/>
        <line num="2" count="4" type="stmt"/>
        <line num="3" count="4" type="stmt"/>
        <line num="5" count="4" type="stmt"/>
        <line num="7" count="4" type="stmt"/>
        <line num="48" count="1506" type="cond" truecount="1" falsecount="1"/>
        <line num="59" count="1962" type="stmt"/>
      </file>
      <file name="card.tsx" path="/Users/benebsworth/projects/pfinance/web/src/components/ui/card.tsx">
        <metrics statements="9" coveredstatements="7" conditionals="0" coveredconditionals="0" methods="7" coveredmethods="5"/>
        <line num="1" count="4" type="stmt"/>
        <line num="3" count="4" type="stmt"/>
        <line num="85" count="187" type="stmt"/>
        <line num="86" count="187" type="stmt"/>
        <line num="87" count="37" type="stmt"/>
        <line num="88" count="187" type="stmt"/>
        <line num="89" count="0" type="stmt"/>
        <line num="90" count="0" type="stmt"/>
        <line num="91" count="187" type="stmt"/>
      </file>
      <file name="dialog.tsx" path="/Users/benebsworth/projects/pfinance/web/src/components/ui/dialog.tsx">
        <metrics statements="14" coveredstatements="10" conditionals="0" coveredconditionals="0" methods="10" coveredmethods="3"/>
        <line num="3" count="1" type="stmt"/>
        <line num="4" count="1" type="stmt"/>
        <line num="5" count="1" type="stmt"/>
        <line num="7" count="1" type="stmt"/>
        <line num="125" count="22" type="stmt"/>
        <line num="126" count="0" type="stmt"/>
        <line num="127" count="22" type="stmt"/>
        <line num="128" count="11" type="stmt"/>
        <line num="129" count="22" type="stmt"/>
        <line num="130" count="22" type="stmt"/>
        <line num="131" count="0" type="stmt"/>
        <line num="132" count="0" type="stmt"/>
        <line num="133" count="22" type="stmt"/>
        <line num="134" count="0" type="stmt"/>
      </file>
      <file name="form.tsx" path="/Users/benebsworth/projects/pfinance/web/src/components/ui/form.tsx">
        <metrics statements="35" coveredstatements="31" conditionals="8" coveredconditionals="3" methods="7" coveredmethods="6"/>
        <line num="3" count="4" type="stmt"/>
        <line num="5" count="4" type="stmt"/>
        <line num="14" count="4" type="stmt"/>
        <line num="16" count="4" type="stmt"/>
        <line num="17" count="4" type="stmt"/>
        <line num="19" count="4" type="stmt"/>
        <line num="28" count="4" type="stmt"/>
        <line num="32" count="4" type="stmt"/>
        <line num="45" count="4" type="stmt"/>
        <line num="46" count="222" type="stmt"/>
        <line num="47" count="222" type="stmt"/>
        <line num="48" count="222" type="stmt"/>
        <line num="49" count="222" type="stmt"/>
        <line num="50" count="222" type="stmt"/>
        <line num="52" count="222" type="cond" truecount="0" falsecount="1"/>
        <line num="53" count="0" type="stmt"/>
        <line num="56" count="222" type="stmt"/>
        <line num="58" count="222" type="stmt"/>
        <line num="72" count="4" type="stmt"/>
        <line num="77" count="74" type="stmt"/>
        <line num="94" count="74" type="stmt"/>
        <line num="108" count="74" type="stmt"/>
        <line num="126" count="0" type="stmt"/>
        <line num="139" count="74" type="stmt"/>
        <line num="140" count="74" type="cond" truecount="1" falsecount="3"/>
        <line num="142" count="74" type="cond" truecount="1" falsecount="0"/>
        <line num="143" count="74" type="stmt"/>
        <line num="159" count="0" type="stmt"/>
        <line num="160" count="113" type="stmt"/>
        <line num="161" count="74" type="stmt"/>
        <line num="162" count="74" type="stmt"/>
        <line num="163" count="74" type="stmt"/>
        <line num="164" count="0" type="stmt"/>
        <line num="165" count="74" type="stmt"/>
        <line num="166" count="378" type="stmt"/>
      </file>
      <file name="input.tsx" path="/Users/benebsworth/projects/pfinance/web/src/components/ui/input.tsx">
        <metrics statements="3" coveredstatements="3" conditionals="0" coveredconditionals="0" methods="1" coveredmethods="1"/>
        <line num="1" count="4" type="stmt"/>
        <line num="3" count="4" type="stmt"/>
        <line num="21" count="126" type="stmt"/>
      </file>
      <file name="label.tsx" path="/Users/benebsworth/projects/pfinance/web/src/components/ui/label.tsx">
        <metrics statements="4" coveredstatements="4" conditionals="0" coveredconditionals="0" methods="1" coveredmethods="1"/>
        <line num="3" count="4" type="stmt"/>
        <line num="4" count="4" type="stmt"/>
        <line num="6" count="4" type="stmt"/>
        <line num="24" count="185" type="stmt"/>
      </file>
      <file name="select.tsx" path="/Users/benebsworth/projects/pfinance/web/src/components/ui/select.tsx">
        <metrics statements="14" coveredstatements="9" conditionals="6" coveredconditionals="6" methods="10" coveredmethods="7"/>
        <line num="3" count="4" type="stmt"/>
        <line num="4" count="4" type="stmt"/>
        <line num="5" count="4" type="stmt"/>
        <line num="7" count="4" type="stmt"/>
        <line num="175" count="37" type="stmt"/>
        <line num="176" count="37" type="stmt"/>
        <line num="177" count="0" type="stmt"/>
        <line num="178" count="148" type="stmt"/>
        <line num="179" count="0" type="stmt"/>
        <line num="180" count="0" type="stmt"/>
        <line num="181" count="0" type="stmt"/>
        <line num="182" count="0" type="stmt"/>
        <line num="183" count="37" type="stmt"/>
        <line num="184" count="37" type="stmt"/>
      </file>
      <file name="slider.tsx" path="/Users/benebsworth/projects/pfinance/web/src/components/ui/slider.tsx">
        <metrics statements="7" coveredstatements="7" conditionals="6" coveredconditionals="1" methods="3" coveredmethods="3"/>
        <line num="3" count="2" type="stmt"/>
        <line num="4" count="2" type="stmt"/>
        <line num="6" count="2" type="stmt"/>
        <line num="16" count="15" type="stmt"/>
        <line num="18" count="15" type="cond" truecount="1" falsecount="1"/>
        <line num="53" count="15" type="stmt"/>
        <line num="63" count="15" type="stmt"/>
      </file>
      <file name="switch.tsx" path="/Users/benebsworth/projects/pfinance/web/src/components/ui/switch.tsx">
        <metrics statements="4" coveredstatements="4" conditionals="0" coveredconditionals="0" methods="1" coveredmethods="1"/>
        <line num="3" count="2" type="stmt"/>
        <line num="4" count="2" type="stmt"/>
        <line num="6" count="2" type="stmt"/>
        <line num="31" count="259" type="stmt"/>
      </file>
      <file name="table.tsx" path="/Users/benebsworth/projects/pfinance/web/src/components/ui/table.tsx">
        <metrics statements="10" coveredstatements="8" conditionals="0" coveredconditionals="0" methods="8" coveredmethods="6"/>
        <line num="3" count="2" type="stmt"/>
        <line num="5" count="2" type="stmt"/>
        <line num="108" count="75" type="stmt"/>
        <line num="109" count="75" type="stmt"/>
        <line num="110" count="75" type="stmt"/>
        <line num="111" count="0" type="stmt"/>
        <line num="112" count="525" type="stmt"/>
        <line num="113" count="770" type="stmt"/>
        <line num="114" count="4865" type="stmt"/>
        <line num="115" count="0" type="stmt"/>
      </file>
      <file name="tabs.tsx" path="/Users/benebsworth/projects/pfinance/web/src/components/ui/tabs.tsx">
        <metrics statements="4" coveredstatements="4" conditionals="0" coveredconditionals="0" methods="4" coveredmethods="4"/>
        <line num="3" count="2" type="stmt"/>
        <line num="4" count="2" type="stmt"/>
        <line num="6" count="2" type="stmt"/>
        <line num="66" count="148" type="stmt"/>
      </file>
      <file name="tooltip.tsx" path="/Users/benebsworth/projects/pfinance/web/src/components/ui/tooltip.tsx">
        <metrics statements="4" coveredstatements="4" conditionals="2" coveredconditionals="2" methods="4" coveredmethods="4"/>
        <line num="3" count="2" type="stmt"/>
        <line num="4" count="2" type="stmt"/>
        <line num="6" count="2" type="stmt"/>
        <line num="61" count="222" type="stmt"/>
      </file>
    </package>
    <package name="lib">
      <metrics statements="4" coveredstatements="4" conditionals="0" coveredconditionals="0" methods="1" coveredmethods="1"/>
      <file name="utils.ts" path="/Users/benebsworth/projects/pfinance/web/src/lib/utils.ts">
        <metrics statements="4" coveredstatements="4" conditionals="0" coveredconditionals="0" methods="1" coveredmethods="1"/>
        <line num="1" count="4" type="stmt"/>
        <line num="2" count="4" type="stmt"/>
        <line num="4" count="10734" type="stmt"/>
        <line num="5" count="10734" type="stmt"/>
      </file>
    </package>
  </project>
</coverage>
