{"/Users/benebsworth/projects/pfinance/web/src/app/components/ExpenseList.tsx": {"path":"/Users/benebsworth/projects/pfinance/web/src/app/components/ExpenseList.tsx","statementMap":{"0":{"start":{"line":52,"column":24},"end":{"line":52,"column":null}},"1":{"start":{"line":3,"column":36},"end":{"line":3,"column":null}},"2":{"start":{"line":4,"column":27},"end":{"line":4,"column":null}},"3":{"start":{"line":5,"column":23},"end":{"line":5,"column":null}},"4":{"start":{"line":6,"column":57},"end":{"line":6,"column":null}},"5":{"start":{"line":14,"column":7},"end":{"line":14,"column":null}},"6":{"start":{"line":22,"column":7},"end":{"line":22,"column":null}},"7":{"start":{"line":30,"column":7},"end":{"line":30,"column":null}},"8":{"start":{"line":37,"column":7},"end":{"line":37,"column":null}},"9":{"start":{"line":38,"column":22},"end":{"line":38,"column":null}},"10":{"start":{"line":39,"column":24},"end":{"line":39,"column":null}},"11":{"start":{"line":41,"column":31},"end":{"line":41,"column":null}},"12":{"start":{"line":42,"column":22},"end":{"line":42,"column":null}},"13":{"start":{"line":43,"column":52},"end":{"line":43,"column":null}},"14":{"start":{"line":53,"column":69},"end":{"line":53,"column":null}},"15":{"start":{"line":54,"column":50},"end":{"line":54,"column":null}},"16":{"start":{"line":55,"column":54},"end":{"line":55,"column":null}},"17":{"start":{"line":56,"column":48},"end":{"line":56,"column":null}},"18":{"start":{"line":57,"column":48},"end":{"line":57,"column":null}},"19":{"start":{"line":58,"column":54},"end":{"line":58,"column":null}},"20":{"start":{"line":59,"column":52},"end":{"line":59,"column":null}},"21":{"start":{"line":60,"column":46},"end":{"line":60,"column":null}},"22":{"start":{"line":62,"column":15},"end":{"line":69,"column":null}},"23":{"start":{"line":72,"column":2},"end":{"line":92,"column":null}},"24":{"start":{"line":73,"column":26},"end":{"line":77,"column":null}},"25":{"start":{"line":74,"column":6},"end":{"line":76,"column":null}},"26":{"start":{"line":75,"column":8},"end":{"line":75,"column":null}},"27":{"start":{"line":79,"column":24},"end":{"line":83,"column":null}},"28":{"start":{"line":80,"column":6},"end":{"line":82,"column":null}},"29":{"start":{"line":81,"column":8},"end":{"line":81,"column":null}},"30":{"start":{"line":85,"column":4},"end":{"line":85,"column":null}},"31":{"start":{"line":86,"column":4},"end":{"line":86,"column":null}},"32":{"start":{"line":88,"column":4},"end":{"line":91,"column":null}},"33":{"start":{"line":89,"column":6},"end":{"line":89,"column":null}},"34":{"start":{"line":90,"column":6},"end":{"line":90,"column":null}},"35":{"start":{"line":95,"column":21},"end":{"line":101,"column":null}},"36":{"start":{"line":96,"column":4},"end":{"line":100,"column":null}},"37":{"start":{"line":104,"column":25},"end":{"line":109,"column":null}},"38":{"start":{"line":105,"column":4},"end":{"line":108,"column":null}},"39":{"start":{"line":112,"column":26},"end":{"line":114,"column":null}},"40":{"start":{"line":113,"column":4},"end":{"line":113,"column":null}},"41":{"start":{"line":117,"column":21},"end":{"line":126,"column":null}},"42":{"start":{"line":118,"column":4},"end":{"line":118,"column":null}},"43":{"start":{"line":119,"column":4},"end":{"line":124,"column":null}},"44":{"start":{"line":125,"column":4},"end":{"line":125,"column":null}},"45":{"start":{"line":129,"column":28},"end":{"line":132,"column":null}},"46":{"start":{"line":130,"column":4},"end":{"line":130,"column":null}},"47":{"start":{"line":131,"column":4},"end":{"line":131,"column":null}},"48":{"start":{"line":135,"column":30},"end":{"line":141,"column":null}},"49":{"start":{"line":136,"column":4},"end":{"line":139,"column":null}},"50":{"start":{"line":137,"column":6},"end":{"line":137,"column":null}},"51":{"start":{"line":138,"column":6},"end":{"line":138,"column":null}},"52":{"start":{"line":140,"column":4},"end":{"line":140,"column":null}},"53":{"start":{"line":144,"column":19},"end":{"line":157,"column":null}},"54":{"start":{"line":145,"column":4},"end":{"line":145,"column":null}},"55":{"start":{"line":145,"column":26},"end":{"line":145,"column":null}},"56":{"start":{"line":147,"column":4},"end":{"line":152,"column":null}},"57":{"start":{"line":155,"column":4},"end":{"line":155,"column":null}},"58":{"start":{"line":156,"column":4},"end":{"line":156,"column":null}},"59":{"start":{"line":160,"column":29},"end":{"line":205,"column":null}},"60":{"start":{"line":161,"column":4},"end":{"line":201,"column":null}},"61":{"start":{"line":162,"column":6},"end":{"line":198,"column":null}},"62":{"start":{"line":164,"column":22},"end":{"line":164,"column":null}},"63":{"start":{"line":165,"column":20},"end":{"line":165,"column":null}},"64":{"start":{"line":168,"column":27},"end":{"line":168,"column":null}},"65":{"start":{"line":168,"column":67},"end":{"line":168,"column":71}},"66":{"start":{"line":171,"column":30},"end":{"line":171,"column":null}},"67":{"start":{"line":174,"column":29},"end":{"line":174,"column":null}},"68":{"start":{"line":177,"column":8},"end":{"line":183,"column":null}},"69":{"start":{"line":178,"column":10},"end":{"line":182,"column":null}},"70":{"start":{"line":179,"column":12},"end":{"line":179,"column":null}},"71":{"start":{"line":181,"column":12},"end":{"line":181,"column":null}},"72":{"start":{"line":185,"column":8},"end":{"line":185,"column":null}},"73":{"start":{"line":188,"column":30},"end":{"line":188,"column":null}},"74":{"start":{"line":191,"column":8},"end":{"line":195,"column":null}},"75":{"start":{"line":192,"column":10},"end":{"line":192,"column":null}},"76":{"start":{"line":194,"column":10},"end":{"line":194,"column":null}},"77":{"start":{"line":197,"column":8},"end":{"line":197,"column":null}},"78":{"start":{"line":200,"column":6},"end":{"line":200,"column":null}},"79":{"start":{"line":204,"column":4},"end":{"line":204,"column":null}},"80":{"start":{"line":208,"column":26},"end":{"line":216,"column":null}},"81":{"start":{"line":209,"column":4},"end":{"line":213,"column":null}},"82":{"start":{"line":210,"column":6},"end":{"line":210,"column":null}},"83":{"start":{"line":212,"column":6},"end":{"line":212,"column":null}},"84":{"start":{"line":212,"column":54},"end":{"line":212,"column":58}},"85":{"start":{"line":215,"column":4},"end":{"line":215,"column":null}},"86":{"start":{"line":219,"column":28},"end":{"line":224,"column":null}},"87":{"start":{"line":220,"column":4},"end":{"line":223,"column":null}},"88":{"start":{"line":221,"column":6},"end":{"line":221,"column":null}},"89":{"start":{"line":222,"column":6},"end":{"line":222,"column":null}},"90":{"start":{"line":226,"column":40},"end":{"line":237,"column":null}},"91":{"start":{"line":239,"column":41},"end":{"line":244,"column":null}},"92":{"start":{"line":291,"column":18},"end":{"line":291,"column":null}},"93":{"start":{"line":296,"column":40},"end":{"line":296,"column":null}},"94":{"start":{"line":329,"column":41},"end":{"line":329,"column":null}},"95":{"start":{"line":337,"column":41},"end":{"line":337,"column":null}},"96":{"start":{"line":413,"column":28},"end":{"line":413,"column":55}},"97":{"start":{"line":442,"column":28},"end":{"line":442,"column":51}},"98":{"start":{"line":475,"column":29},"end":{"line":475,"column":null}}},"fnMap":{"0":{"name":"ExpenseList","decl":{"start":{"line":52,"column":24},"end":{"line":52,"column":null}},"loc":{"start":{"line":52,"column":24},"end":{"line":490,"column":null}}},"1":{"name":"(anonymous_2)","decl":{"start":{"line":72,"column":12},"end":{"line":72,"column":null}},"loc":{"start":{"line":72,"column":12},"end":{"line":92,"column":5}}},"2":{"name":"(anonymous_3)","decl":{"start":{"line":73,"column":26},"end":{"line":73,"column":27}},"loc":{"start":{"line":73,"column":27},"end":{"line":77,"column":null}}},"3":{"name":"(anonymous_4)","decl":{"start":{"line":79,"column":24},"end":{"line":79,"column":25}},"loc":{"start":{"line":79,"column":25},"end":{"line":83,"column":null}}},"4":{"name":"(anonymous_5)","decl":{"start":{"line":88,"column":11},"end":{"line":88,"column":null}},"loc":{"start":{"line":88,"column":11},"end":{"line":91,"column":null}}},"5":{"name":"(anonymous_6)","decl":{"start":{"line":95,"column":21},"end":{"line":95,"column":22}},"loc":{"start":{"line":95,"column":22},"end":{"line":101,"column":null}}},"6":{"name":"(anonymous_7)","decl":{"start":{"line":104,"column":25},"end":{"line":104,"column":26}},"loc":{"start":{"line":104,"column":26},"end":{"line":109,"column":null}}},"7":{"name":"(anonymous_8)","decl":{"start":{"line":112,"column":26},"end":{"line":112,"column":27}},"loc":{"start":{"line":112,"column":27},"end":{"line":114,"column":null}}},"8":{"name":"(anonymous_9)","decl":{"start":{"line":117,"column":21},"end":{"line":117,"column":22}},"loc":{"start":{"line":117,"column":22},"end":{"line":126,"column":null}}},"9":{"name":"(anonymous_10)","decl":{"start":{"line":129,"column":28},"end":{"line":129,"column":29}},"loc":{"start":{"line":129,"column":29},"end":{"line":132,"column":null}}},"10":{"name":"(anonymous_11)","decl":{"start":{"line":135,"column":30},"end":{"line":135,"column":null}},"loc":{"start":{"line":135,"column":30},"end":{"line":141,"column":null}}},"11":{"name":"(anonymous_12)","decl":{"start":{"line":144,"column":19},"end":{"line":144,"column":20}},"loc":{"start":{"line":144,"column":20},"end":{"line":157,"column":null}}},"12":{"name":"(anonymous_13)","decl":{"start":{"line":160,"column":29},"end":{"line":160,"column":30}},"loc":{"start":{"line":160,"column":42},"end":{"line":205,"column":null}}},"13":{"name":"(anonymous_14)","decl":{"start":{"line":168,"column":62},"end":{"line":168,"column":67}},"loc":{"start":{"line":168,"column":67},"end":{"line":168,"column":71}}},"14":{"name":"(anonymous_15)","decl":{"start":{"line":208,"column":26},"end":{"line":208,"column":null}},"loc":{"start":{"line":208,"column":26},"end":{"line":216,"column":null}}},"15":{"name":"(anonymous_16)","decl":{"start":{"line":212,"column":49},"end":{"line":212,"column":54}},"loc":{"start":{"line":212,"column":54},"end":{"line":212,"column":58}}},"16":{"name":"(anonymous_17)","decl":{"start":{"line":219,"column":28},"end":{"line":219,"column":null}},"loc":{"start":{"line":219,"column":28},"end":{"line":224,"column":null}}},"17":{"name":"(anonymous_18)","decl":{"start":{"line":290,"column":30},"end":{"line":290,"column":31}},"loc":{"start":{"line":291,"column":18},"end":{"line":291,"column":null}}},"18":{"name":"(anonymous_19)","decl":{"start":{"line":296,"column":34},"end":{"line":296,"column":40}},"loc":{"start":{"line":296,"column":40},"end":{"line":296,"column":null}}},"19":{"name":"(anonymous_20)","decl":{"start":{"line":329,"column":35},"end":{"line":329,"column":41}},"loc":{"start":{"line":329,"column":41},"end":{"line":329,"column":null}}},"20":{"name":"(anonymous_21)","decl":{"start":{"line":337,"column":35},"end":{"line":337,"column":41}},"loc":{"start":{"line":337,"column":41},"end":{"line":337,"column":null}}},"21":{"name":"(anonymous_25)","decl":{"start":{"line":412,"column":42},"end":{"line":412,"column":43}},"loc":{"start":{"line":413,"column":28},"end":{"line":413,"column":55}}},"22":{"name":"(anonymous_27)","decl":{"start":{"line":441,"column":43},"end":{"line":441,"column":44}},"loc":{"start":{"line":442,"column":28},"end":{"line":442,"column":51}}},"23":{"name":"(anonymous_28)","decl":{"start":{"line":475,"column":23},"end":{"line":475,"column":29}},"loc":{"start":{"line":475,"column":29},"end":{"line":475,"column":null}}}},"branchMap":{"0":{"loc":{"start":{"line":74,"column":6},"end":{"line":76,"column":null}},"type":"if","locations":[{"start":{"line":74,"column":6},"end":{"line":76,"column":null}}]},"1":{"loc":{"start":{"line":80,"column":6},"end":{"line":82,"column":null}},"type":"if","locations":[{"start":{"line":80,"column":6},"end":{"line":82,"column":null}}]},"2":{"loc":{"start":{"line":136,"column":4},"end":{"line":139,"column":null}},"type":"if","locations":[{"start":{"line":136,"column":4},"end":{"line":139,"column":null}}]},"3":{"loc":{"start":{"line":145,"column":4},"end":{"line":145,"column":null}},"type":"if","locations":[{"start":{"line":145,"column":4},"end":{"line":145,"column":null}}]},"4":{"loc":{"start":{"line":162,"column":6},"end":{"line":198,"column":null}},"type":"if","locations":[{"start":{"line":162,"column":6},"end":{"line":198,"column":null}},{"start":{"line":186,"column":13},"end":{"line":198,"column":null}}]},"5":{"loc":{"start":{"line":162,"column":10},"end":{"line":162,"column":56}},"type":"binary-expr","locations":[{"start":{"line":162,"column":10},"end":{"line":162,"column":28}},{"start":{"line":162,"column":28},"end":{"line":162,"column":56}}]},"6":{"loc":{"start":{"line":178,"column":10},"end":{"line":182,"column":null}},"type":"if","locations":[{"start":{"line":178,"column":10},"end":{"line":182,"column":null}},{"start":{"line":180,"column":17},"end":{"line":182,"column":null}}]},"7":{"loc":{"start":{"line":191,"column":8},"end":{"line":195,"column":null}},"type":"if","locations":[{"start":{"line":191,"column":8},"end":{"line":195,"column":null}},{"start":{"line":193,"column":15},"end":{"line":195,"column":null}}]},"8":{"loc":{"start":{"line":209,"column":4},"end":{"line":213,"column":null}},"type":"if","locations":[{"start":{"line":209,"column":4},"end":{"line":213,"column":null}},{"start":{"line":211,"column":11},"end":{"line":213,"column":null}}]},"9":{"loc":{"start":{"line":220,"column":4},"end":{"line":223,"column":null}},"type":"if","locations":[{"start":{"line":220,"column":4},"end":{"line":223,"column":null}}]},"10":{"loc":{"start":{"line":253,"column":15},"end":{"line":253,"column":null}},"type":"binary-expr","locations":[{"start":{"line":253,"column":15},"end":{"line":253,"column":null}}]},"11":{"loc":{"start":{"line":268,"column":12},"end":{"line":270,"column":13}},"type":"cond-expr","locations":[{"start":{"line":268,"column":12},"end":{"line":270,"column":13}}]},"12":{"loc":{"start":{"line":306,"column":33},"end":{"line":306,"column":null}},"type":"cond-expr","locations":[{"start":{"line":306,"column":90},"end":{"line":306,"column":100}},{"start":{"line":306,"column":100},"end":{"line":306,"column":null}}]}},"s":{"0":21,"1":2,"2":2,"3":2,"4":2,"5":2,"6":2,"7":2,"8":2,"9":2,"10":2,"11":2,"12":2,"13":2,"14":76,"15":76,"16":76,"17":76,"18":76,"19":76,"20":76,"21":76,"22":76,"23":76,"24":21,"25":4,"26":4,"27":21,"28":15,"29":15,"30":21,"31":21,"32":21,"33":21,"34":21,"35":76,"36":695,"37":76,"38":695,"39":76,"40":695,"41":76,"42":0,"43":0,"44":0,"45":76,"46":0,"47":0,"48":76,"49":0,"50":0,"51":0,"52":0,"53":76,"54":0,"55":0,"56":0,"57":0,"58":0,"59":76,"60":30,"61":30,"62":4,"63":4,"64":4,"65":17,"66":4,"67":4,"68":4,"69":17,"70":17,"71":0,"72":4,"73":26,"74":26,"75":2,"76":24,"77":26,"78":0,"79":30,"80":76,"81":4,"82":1,"83":3,"84":20,"85":4,"86":76,"87":2,"88":2,"89":2,"90":76,"91":76,"92":695,"93":30,"94":0,"95":0,"96":0,"97":0,"98":0},"f":{"0":76,"1":21,"2":4,"3":15,"4":21,"5":695,"6":695,"7":695,"8":0,"9":0,"10":0,"11":0,"12":30,"13":17,"14":4,"15":20,"16":2,"17":695,"18":30,"19":0,"20":0,"21":0,"22":0,"23":0},"b":{"0":[4],"1":[15],"2":[0],"3":[0],"4":[4,26],"5":[30,4],"6":[17,0],"7":[2,24],"8":[1,3],"9":[2],"10":[76],"11":[1],"12":[11,684]}}
,"/Users/benebsworth/projects/pfinance/web/src/app/components/SalaryBreakdownChart.tsx": {"path":"/Users/benebsworth/projects/pfinance/web/src/app/components/SalaryBreakdownChart.tsx","statementMap":{"0":{"start":{"line":46,"column":24},"end":{"line":46,"column":45}},"1":{"start":{"line":3,"column":24},"end":{"line":3,"column":null}},"2":{"start":{"line":4,"column":20},"end":{"line":4,"column":null}},"3":{"start":{"line":5,"column":22},"end":{"line":5,"column":null}},"4":{"start":{"line":6,"column":21},"end":{"line":6,"column":null}},"5":{"start":{"line":7,"column":29},"end":{"line":7,"column":null}},"6":{"start":{"line":8,"column":27},"end":{"line":8,"column":null}},"7":{"start":{"line":9,"column":30},"end":{"line":9,"column":null}},"8":{"start":{"line":10,"column":51},"end":{"line":10,"column":null}},"9":{"start":{"line":11,"column":27},"end":{"line":11,"column":null}},"10":{"start":{"line":12,"column":27},"end":{"line":12,"column":null}},"11":{"start":{"line":13,"column":29},"end":{"line":13,"column":null}},"12":{"start":{"line":34,"column":22},"end":{"line":44,"column":null}},"13":{"start":{"line":57,"column":24},"end":{"line":57,"column":null}},"14":{"start":{"line":66,"column":6},"end":{"line":66,"column":null}},"15":{"start":{"line":69,"column":25},"end":{"line":78,"column":null}},"16":{"start":{"line":71,"column":25},"end":{"line":71,"column":65}},"17":{"start":{"line":73,"column":4},"end":{"line":77,"column":null}},"18":{"start":{"line":81,"column":15},"end":{"line":162,"column":null}},"19":{"start":{"line":84,"column":28},"end":{"line":84,"column":35}},"20":{"start":{"line":85,"column":25},"end":{"line":85,"column":null}},"21":{"start":{"line":86,"column":22},"end":{"line":86,"column":null}},"22":{"start":{"line":89,"column":24},"end":{"line":89,"column":null}},"23":{"start":{"line":93,"column":22},"end":{"line":93,"column":null}},"24":{"start":{"line":96,"column":23},"end":{"line":96,"column":null}},"25":{"start":{"line":98,"column":19},"end":{"line":129,"column":null}},"26":{"start":{"line":132,"column":4},"end":{"line":139,"column":null}},"27":{"start":{"line":133,"column":6},"end":{"line":138,"column":null}},"28":{"start":{"line":142,"column":4},"end":{"line":149,"column":null}},"29":{"start":{"line":143,"column":6},"end":{"line":148,"column":null}},"30":{"start":{"line":152,"column":4},"end":{"line":159,"column":null}},"31":{"start":{"line":153,"column":6},"end":{"line":158,"column":null}},"32":{"start":{"line":161,"column":4},"end":{"line":161,"column":null}},"33":{"start":{"line":161,"column":33},"end":{"line":161,"column":null}},"34":{"start":{"line":165,"column":21},"end":{"line":170,"column":null}},"35":{"start":{"line":166,"column":10},"end":{"line":169,"column":null}},"36":{"start":{"line":167,"column":28},"end":{"line":167,"column":33}},"37":{"start":{"line":168,"column":27},"end":{"line":168,"column":34}},"38":{"start":{"line":174,"column":16},"end":{"line":176,"column":null}},"39":{"start":{"line":175,"column":4},"end":{"line":175,"column":null}},"40":{"start":{"line":175,"column":31},"end":{"line":175,"column":48}},"41":{"start":{"line":180,"column":26},"end":{"line":190,"column":null}},"42":{"start":{"line":182,"column":19},"end":{"line":182,"column":null}},"43":{"start":{"line":185,"column":4},"end":{"line":189,"column":null}},"44":{"start":{"line":199,"column":25},"end":{"line":199,"column":null}},"45":{"start":{"line":199,"column":40},"end":{"line":199,"column":null}},"46":{"start":{"line":200,"column":12},"end":{"line":200,"column":null}},"47":{"start":{"line":209,"column":25},"end":{"line":209,"column":null}},"48":{"start":{"line":210,"column":26},"end":{"line":210,"column":null}},"49":{"start":{"line":211,"column":26},"end":{"line":211,"column":null}},"50":{"start":{"line":219,"column":35},"end":{"line":219,"column":43}},"51":{"start":{"line":226,"column":22},"end":{"line":260,"column":null}},"52":{"start":{"line":227,"column":48},"end":{"line":227,"column":56}},"53":{"start":{"line":228,"column":55},"end":{"line":228,"column":null}},"54":{"start":{"line":229,"column":49},"end":{"line":229,"column":null}},"55":{"start":{"line":230,"column":40},"end":{"line":230,"column":null}},"56":{"start":{"line":231,"column":40},"end":{"line":231,"column":null}},"57":{"start":{"line":232,"column":43},"end":{"line":232,"column":null}},"58":{"start":{"line":234,"column":24},"end":{"line":235,"column":null}},"59":{"start":{"line":239,"column":50},"end":{"line":239,"column":null}},"60":{"start":{"line":240,"column":50},"end":{"line":240,"column":null}},"61":{"start":{"line":241,"column":51},"end":{"line":241,"column":null}},"62":{"start":{"line":242,"column":50},"end":{"line":242,"column":null}},"63":{"start":{"line":304,"column":10},"end":{"line":305,"column":null}}},"fnMap":{"0":{"name":"SalaryBreakdownChart","decl":{"start":{"line":46,"column":24},"end":{"line":46,"column":45}},"loc":{"start":{"line":56,"column":28},"end":{"line":319,"column":null}}},"1":{"name":"(anonymous_2)","decl":{"start":{"line":69,"column":25},"end":{"line":69,"column":26}},"loc":{"start":{"line":69,"column":26},"end":{"line":78,"column":null}}},"2":{"name":"(anonymous_3)","decl":{"start":{"line":81,"column":23},"end":{"line":81,"column":null}},"loc":{"start":{"line":81,"column":23},"end":{"line":162,"column":5}}},"3":{"name":"(anonymous_4)","decl":{"start":{"line":161,"column":25},"end":{"line":161,"column":33}},"loc":{"start":{"line":161,"column":33},"end":{"line":161,"column":null}}},"4":{"name":"(anonymous_5)","decl":{"start":{"line":166,"column":4},"end":{"line":166,"column":10}},"loc":{"start":{"line":166,"column":10},"end":{"line":169,"column":null}}},"5":{"name":"(anonymous_6)","decl":{"start":{"line":167,"column":23},"end":{"line":167,"column":28}},"loc":{"start":{"line":167,"column":28},"end":{"line":167,"column":33}}},"6":{"name":"(anonymous_7)","decl":{"start":{"line":168,"column":22},"end":{"line":168,"column":27}},"loc":{"start":{"line":168,"column":27},"end":{"line":168,"column":34}}},"7":{"name":"(anonymous_8)","decl":{"start":{"line":174,"column":24},"end":{"line":174,"column":null}},"loc":{"start":{"line":175,"column":4},"end":{"line":175,"column":null}}},"8":{"name":"(anonymous_9)","decl":{"start":{"line":175,"column":16},"end":{"line":175,"column":17}},"loc":{"start":{"line":175,"column":31},"end":{"line":175,"column":48}}},"9":{"name":"(anonymous_10)","decl":{"start":{"line":180,"column":26},"end":{"line":180,"column":27}},"loc":{"start":{"line":180,"column":103},"end":{"line":190,"column":null}}},"10":{"name":"(anonymous_11)","decl":{"start":{"line":198,"column":23},"end":{"line":198,"column":null}},"loc":{"start":{"line":198,"column":23},"end":{"line":201,"column":null}}},"11":{"name":"(anonymous_12)","decl":{"start":{"line":199,"column":35},"end":{"line":199,"column":40}},"loc":{"start":{"line":199,"column":40},"end":{"line":199,"column":null}}},"12":{"name":"(anonymous_13)","decl":{"start":{"line":208,"column":9},"end":{"line":208,"column":10}},"loc":{"start":{"line":208,"column":19},"end":{"line":273,"column":null}}},"13":{"name":"(anonymous_14)","decl":{"start":{"line":219,"column":30},"end":{"line":219,"column":35}},"loc":{"start":{"line":219,"column":35},"end":{"line":219,"column":43}}},"14":{"name":"(anonymous_15)","decl":{"start":{"line":225,"column":21},"end":{"line":225,"column":null}},"loc":{"start":{"line":225,"column":21},"end":{"line":261,"column":null}}},"15":{"name":"(anonymous_16)","decl":{"start":{"line":226,"column":42},"end":{"line":226,"column":43}},"loc":{"start":{"line":226,"column":48},"end":{"line":260,"column":null}}},"16":{"name":"(anonymous_17)","decl":{"start":{"line":239,"column":43},"end":{"line":239,"column":44}},"loc":{"start":{"line":239,"column":50},"end":{"line":239,"column":null}}},"17":{"name":"(anonymous_18)","decl":{"start":{"line":240,"column":44},"end":{"line":240,"column":50}},"loc":{"start":{"line":240,"column":50},"end":{"line":240,"column":null}}},"18":{"name":"(anonymous_19)","decl":{"start":{"line":241,"column":44},"end":{"line":241,"column":45}},"loc":{"start":{"line":241,"column":51},"end":{"line":241,"column":null}}},"19":{"name":"(anonymous_20)","decl":{"start":{"line":242,"column":43},"end":{"line":242,"column":44}},"loc":{"start":{"line":242,"column":50},"end":{"line":242,"column":null}}},"20":{"name":"(anonymous_21)","decl":{"start":{"line":303,"column":18},"end":{"line":303,"column":null}},"loc":{"start":{"line":304,"column":10},"end":{"line":305,"column":null}}}},"branchMap":{"0":{"loc":{"start":{"line":52,"column":2},"end":{"line":52,"column":20}},"type":"default-arg","locations":[{"start":{"line":52,"column":19},"end":{"line":52,"column":20}}]},"1":{"loc":{"start":{"line":53,"column":2},"end":{"line":53,"column":14}},"type":"default-arg","locations":[{"start":{"line":53,"column":13},"end":{"line":53,"column":14}}]},"2":{"loc":{"start":{"line":54,"column":2},"end":{"line":54,"column":20}},"type":"default-arg","locations":[{"start":{"line":54,"column":19},"end":{"line":54,"column":20}}]},"3":{"loc":{"start":{"line":55,"column":2},"end":{"line":55,"column":21}},"type":"default-arg","locations":[{"start":{"line":55,"column":20},"end":{"line":55,"column":21}}]},"4":{"loc":{"start":{"line":132,"column":4},"end":{"line":139,"column":null}},"type":"if","locations":[{"start":{"line":132,"column":4},"end":{"line":139,"column":null}}]},"5":{"loc":{"start":{"line":142,"column":4},"end":{"line":149,"column":null}},"type":"if","locations":[{"start":{"line":142,"column":4},"end":{"line":149,"column":null}}]},"6":{"loc":{"start":{"line":152,"column":4},"end":{"line":159,"column":null}},"type":"if","locations":[{"start":{"line":152,"column":4},"end":{"line":159,"column":null}}]},"7":{"loc":{"start":{"line":182,"column":19},"end":{"line":182,"column":null}},"type":"binary-expr","locations":[{"start":{"line":182,"column":19},"end":{"line":182,"column":40}},{"start":{"line":182,"column":40},"end":{"line":182,"column":null}}]},"8":{"loc":{"start":{"line":200,"column":19},"end":{"line":200,"column":null}},"type":"cond-expr","locations":[{"start":{"line":200,"column":26},"end":{"line":200,"column":36}},{"start":{"line":200,"column":39},"end":{"line":200,"column":null}}]},"9":{"loc":{"start":{"line":230,"column":40},"end":{"line":230,"column":null}},"type":"binary-expr","locations":[{"start":{"line":230,"column":40},"end":{"line":230,"column":57}},{"start":{"line":230,"column":57},"end":{"line":230,"column":null}}]},"10":{"loc":{"start":{"line":245,"column":29},"end":{"line":245,"column":null}},"type":"binary-expr","locations":[{"start":{"line":245,"column":29},"end":{"line":245,"column":null}}]},"11":{"loc":{"start":{"line":276,"column":7},"end":{"line":278,"column":null}},"type":"binary-expr","locations":[{"start":{"line":276,"column":7},"end":{"line":276,"column":22}},{"start":{"line":276,"column":22},"end":{"line":276,"column":37}},{"start":{"line":276,"column":37},"end":{"line":276,"column":60}},{"start":{"line":276,"column":60},"end":{"line":276,"column":null}},{"start":{"line":277,"column":8},"end":{"line":278,"column":null}}]}},"s":{"0":37,"1":2,"2":2,"3":2,"4":2,"5":2,"6":2,"7":2,"8":2,"9":2,"10":2,"11":2,"12":2,"13":37,"14":37,"15":37,"16":185,"17":185,"18":37,"19":18,"20":18,"21":18,"22":18,"23":18,"24":18,"25":18,"26":18,"27":0,"28":18,"29":0,"30":18,"31":0,"32":18,"33":90,"34":37,"35":18,"36":72,"37":72,"38":37,"39":18,"40":72,"41":37,"42":0,"43":0,"44":148,"45":370,"46":148,"47":37,"48":37,"49":37,"50":148,"51":37,"52":148,"53":148,"54":148,"55":148,"56":148,"57":148,"58":148,"59":0,"60":0,"61":0,"62":0,"63":148},"f":{"0":37,"1":185,"2":18,"3":90,"4":18,"5":72,"6":72,"7":18,"8":72,"9":0,"10":148,"11":370,"12":37,"13":148,"14":37,"15":148,"16":0,"17":0,"18":0,"19":0,"20":148},"b":{"0":[0],"1":[0],"2":[0],"3":[0],"4":[0],"5":[0],"6":[0],"7":[0,0],"8":[148,0],"9":[148,0],"10":[148],"11":[37,0,0,0,0]}}
,"/Users/benebsworth/projects/pfinance/web/src/app/components/SalaryCalculator.tsx": {"path":"/Users/benebsworth/projects/pfinance/web/src/app/components/SalaryCalculator.tsx","statementMap":{"0":{"start":{"line":131,"column":16},"end":{"line":131,"column":null}},"1":{"start":{"line":3,"column":53},"end":{"line":3,"column":null}},"2":{"start":{"line":4,"column":24},"end":{"line":4,"column":null}},"3":{"start":{"line":6,"column":27},"end":{"line":6,"column":null}},"4":{"start":{"line":14,"column":7},"end":{"line":14,"column":null}},"5":{"start":{"line":15,"column":22},"end":{"line":15,"column":null}},"6":{"start":{"line":22,"column":7},"end":{"line":22,"column":null}},"7":{"start":{"line":29,"column":7},"end":{"line":29,"column":null}},"8":{"start":{"line":30,"column":23},"end":{"line":30,"column":null}},"9":{"start":{"line":31,"column":23},"end":{"line":31,"column":null}},"10":{"start":{"line":32,"column":57},"end":{"line":32,"column":null}},"11":{"start":{"line":33,"column":55},"end":{"line":33,"column":null}},"12":{"start":{"line":34,"column":33},"end":{"line":34,"column":null}},"13":{"start":{"line":35,"column":22},"end":{"line":35,"column":null}},"14":{"start":{"line":36,"column":24},"end":{"line":36,"column":null}},"15":{"start":{"line":37,"column":23},"end":{"line":37,"column":null}},"16":{"start":{"line":38,"column":22},"end":{"line":38,"column":null}},"17":{"start":{"line":44,"column":7},"end":{"line":44,"column":null}},"18":{"start":{"line":45,"column":47},"end":{"line":45,"column":null}},"19":{"start":{"line":46,"column":29},"end":{"line":46,"column":null}},"20":{"start":{"line":83,"column":46},"end":{"line":83,"column":null}},"21":{"start":{"line":84,"column":44},"end":{"line":84,"column":null}},"22":{"start":{"line":87,"column":17},"end":{"line":87,"column":null}},"23":{"start":{"line":89,"column":28},"end":{"line":89,"column":null}},"24":{"start":{"line":90,"column":20},"end":{"line":90,"column":null}},"25":{"start":{"line":91,"column":33},"end":{"line":91,"column":null}},"26":{"start":{"line":94,"column":30},"end":{"line":99,"column":null}},"27":{"start":{"line":102,"column":29},"end":{"line":102,"column":null}},"28":{"start":{"line":105,"column":34},"end":{"line":125,"column":null}},"29":{"start":{"line":128,"column":30},"end":{"line":128,"column":null}},"30":{"start":{"line":129,"column":27},"end":{"line":129,"column":33}},"31":{"start":{"line":132,"column":41},"end":{"line":132,"column":null}},"32":{"start":{"line":133,"column":40},"end":{"line":145,"column":null}},"33":{"start":{"line":146,"column":48},"end":{"line":146,"column":null}},"34":{"start":{"line":147,"column":46},"end":{"line":147,"column":null}},"35":{"start":{"line":148,"column":50},"end":{"line":148,"column":null}},"36":{"start":{"line":150,"column":15},"end":{"line":160,"column":null}},"37":{"start":{"line":162,"column":24},"end":{"line":162,"column":null}},"38":{"start":{"line":163,"column":27},"end":{"line":163,"column":null}},"39":{"start":{"line":164,"column":26},"end":{"line":164,"column":null}},"40":{"start":{"line":165,"column":24},"end":{"line":165,"column":null}},"41":{"start":{"line":166,"column":28},"end":{"line":166,"column":null}},"42":{"start":{"line":168,"column":24},"end":{"line":168,"column":null}},"43":{"start":{"line":171,"column":23},"end":{"line":194,"column":null}},"44":{"start":{"line":172,"column":26},"end":{"line":172,"column":null}},"45":{"start":{"line":173,"column":17},"end":{"line":173,"column":null}},"46":{"start":{"line":175,"column":4},"end":{"line":181,"column":null}},"47":{"start":{"line":176,"column":6},"end":{"line":176,"column":null}},"48":{"start":{"line":177,"column":11},"end":{"line":181,"column":null}},"49":{"start":{"line":178,"column":6},"end":{"line":178,"column":null}},"50":{"start":{"line":179,"column":11},"end":{"line":181,"column":null}},"51":{"start":{"line":180,"column":6},"end":{"line":180,"column":null}},"52":{"start":{"line":184,"column":4},"end":{"line":191,"column":null}},"53":{"start":{"line":185,"column":20},"end":{"line":185,"column":null}},"54":{"start":{"line":187,"column":28},"end":{"line":187,"column":70}},"55":{"start":{"line":188,"column":27},"end":{"line":188,"column":null}},"56":{"start":{"line":190,"column":6},"end":{"line":190,"column":null}},"57":{"start":{"line":193,"column":4},"end":{"line":193,"column":null}},"58":{"start":{"line":197,"column":30},"end":{"line":215,"column":null}},"59":{"start":{"line":198,"column":4},"end":{"line":214,"column":null}},"60":{"start":{"line":199,"column":20},"end":{"line":199,"column":null}},"61":{"start":{"line":200,"column":19},"end":{"line":200,"column":null}},"62":{"start":{"line":202,"column":19},"end":{"line":202,"column":null}},"63":{"start":{"line":205,"column":6},"end":{"line":211,"column":null}},"64":{"start":{"line":206,"column":8},"end":{"line":206,"column":null}},"65":{"start":{"line":207,"column":13},"end":{"line":211,"column":null}},"66":{"start":{"line":208,"column":8},"end":{"line":208,"column":null}},"67":{"start":{"line":209,"column":13},"end":{"line":211,"column":null}},"68":{"start":{"line":210,"column":8},"end":{"line":210,"column":null}},"69":{"start":{"line":213,"column":6},"end":{"line":213,"column":null}},"70":{"start":{"line":218,"column":28},"end":{"line":220,"column":null}},"71":{"start":{"line":219,"column":4},"end":{"line":219,"column":null}},"72":{"start":{"line":223,"column":37},"end":{"line":286,"column":null}},"73":{"start":{"line":224,"column":33},"end":{"line":238,"column":null}},"74":{"start":{"line":225,"column":21},"end":{"line":225,"column":null}},"75":{"start":{"line":228,"column":25},"end":{"line":228,"column":null}},"76":{"start":{"line":229,"column":6},"end":{"line":235,"column":null}},"77":{"start":{"line":230,"column":8},"end":{"line":230,"column":null}},"78":{"start":{"line":231,"column":13},"end":{"line":235,"column":null}},"79":{"start":{"line":232,"column":8},"end":{"line":232,"column":null}},"80":{"start":{"line":233,"column":13},"end":{"line":235,"column":null}},"81":{"start":{"line":234,"column":8},"end":{"line":234,"column":null}},"82":{"start":{"line":237,"column":6},"end":{"line":237,"column":null}},"83":{"start":{"line":240,"column":35},"end":{"line":256,"column":null}},"84":{"start":{"line":241,"column":20},"end":{"line":241,"column":38}},"85":{"start":{"line":243,"column":23},"end":{"line":243,"column":null}},"86":{"start":{"line":246,"column":27},"end":{"line":246,"column":null}},"87":{"start":{"line":247,"column":8},"end":{"line":253,"column":null}},"88":{"start":{"line":248,"column":10},"end":{"line":248,"column":null}},"89":{"start":{"line":249,"column":15},"end":{"line":253,"column":null}},"90":{"start":{"line":250,"column":10},"end":{"line":250,"column":null}},"91":{"start":{"line":251,"column":15},"end":{"line":253,"column":null}},"92":{"start":{"line":252,"column":10},"end":{"line":252,"column":null}},"93":{"start":{"line":255,"column":8},"end":{"line":255,"column":null}},"94":{"start":{"line":259,"column":25},"end":{"line":259,"column":null}},"95":{"start":{"line":262,"column":34},"end":{"line":262,"column":null}},"96":{"start":{"line":266,"column":30},"end":{"line":266,"column":null}},"97":{"start":{"line":267,"column":4},"end":{"line":272,"column":null}},"98":{"start":{"line":268,"column":24},"end":{"line":268,"column":null}},"99":{"start":{"line":269,"column":34},"end":{"line":269,"column":null}},"100":{"start":{"line":270,"column":31},"end":{"line":270,"column":null}},"101":{"start":{"line":271,"column":6},"end":{"line":271,"column":null}},"102":{"start":{"line":275,"column":27},"end":{"line":275,"column":null}},"103":{"start":{"line":277,"column":4},"end":{"line":285,"column":null}},"104":{"start":{"line":289,"column":24},"end":{"line":304,"column":null}},"105":{"start":{"line":291,"column":18},"end":{"line":291,"column":null}},"106":{"start":{"line":295,"column":4},"end":{"line":295,"column":null}},"107":{"start":{"line":298,"column":4},"end":{"line":301,"column":null}},"108":{"start":{"line":299,"column":23},"end":{"line":299,"column":null}},"109":{"start":{"line":300,"column":6},"end":{"line":300,"column":null}},"110":{"start":{"line":303,"column":4},"end":{"line":303,"column":null}},"111":{"start":{"line":307,"column":20},"end":{"line":331,"column":null}},"112":{"start":{"line":308,"column":22},"end":{"line":308,"column":null}},"113":{"start":{"line":311,"column":26},"end":{"line":311,"column":null}},"114":{"start":{"line":314,"column":28},"end":{"line":314,"column":null}},"115":{"start":{"line":315,"column":23},"end":{"line":315,"column":null}},"116":{"start":{"line":318,"column":4},"end":{"line":328,"column":null}},"117":{"start":{"line":330,"column":4},"end":{"line":330,"column":null}},"118":{"start":{"line":334,"column":23},"end":{"line":341,"column":null}},"119":{"start":{"line":336,"column":4},"end":{"line":338,"column":null}},"120":{"start":{"line":337,"column":6},"end":{"line":337,"column":null}},"121":{"start":{"line":340,"column":4},"end":{"line":340,"column":null}},"122":{"start":{"line":344,"column":31},"end":{"line":355,"column":null}},"123":{"start":{"line":345,"column":4},"end":{"line":345,"column":null}},"124":{"start":{"line":345,"column":41},"end":{"line":345,"column":null}},"125":{"start":{"line":348,"column":31},"end":{"line":349,"column":null}},"126":{"start":{"line":349,"column":19},"end":{"line":349,"column":83}},"127":{"start":{"line":352,"column":4},"end":{"line":352,"column":null}},"128":{"start":{"line":352,"column":29},"end":{"line":352,"column":null}},"129":{"start":{"line":354,"column":4},"end":{"line":354,"column":null}},"130":{"start":{"line":358,"column":36},"end":{"line":426,"column":null}},"131":{"start":{"line":359,"column":23},"end":{"line":375,"column":null}},"132":{"start":{"line":360,"column":20},"end":{"line":360,"column":null}},"133":{"start":{"line":362,"column":23},"end":{"line":362,"column":null}},"134":{"start":{"line":365,"column":27},"end":{"line":365,"column":null}},"135":{"start":{"line":366,"column":8},"end":{"line":372,"column":null}},"136":{"start":{"line":367,"column":10},"end":{"line":367,"column":null}},"137":{"start":{"line":368,"column":15},"end":{"line":372,"column":null}},"138":{"start":{"line":369,"column":10},"end":{"line":369,"column":null}},"139":{"start":{"line":370,"column":15},"end":{"line":372,"column":null}},"140":{"start":{"line":371,"column":10},"end":{"line":371,"column":null}},"141":{"start":{"line":374,"column":8},"end":{"line":374,"column":null}},"142":{"start":{"line":377,"column":22},"end":{"line":393,"column":null}},"143":{"start":{"line":378,"column":20},"end":{"line":378,"column":null}},"144":{"start":{"line":380,"column":23},"end":{"line":380,"column":null}},"145":{"start":{"line":383,"column":27},"end":{"line":383,"column":null}},"146":{"start":{"line":384,"column":8},"end":{"line":390,"column":null}},"147":{"start":{"line":385,"column":10},"end":{"line":385,"column":null}},"148":{"start":{"line":386,"column":15},"end":{"line":390,"column":null}},"149":{"start":{"line":387,"column":10},"end":{"line":387,"column":null}},"150":{"start":{"line":388,"column":15},"end":{"line":390,"column":null}},"151":{"start":{"line":389,"column":10},"end":{"line":389,"column":null}},"152":{"start":{"line":392,"column":8},"end":{"line":392,"column":null}},"153":{"start":{"line":397,"column":26},"end":{"line":418,"column":null}},"154":{"start":{"line":398,"column":20},"end":{"line":398,"column":33}},"155":{"start":{"line":400,"column":23},"end":{"line":400,"column":null}},"156":{"start":{"line":403,"column":27},"end":{"line":403,"column":null}},"157":{"start":{"line":404,"column":8},"end":{"line":410,"column":null}},"158":{"start":{"line":405,"column":10},"end":{"line":405,"column":null}},"159":{"start":{"line":406,"column":15},"end":{"line":410,"column":null}},"160":{"start":{"line":407,"column":10},"end":{"line":407,"column":null}},"161":{"start":{"line":408,"column":15},"end":{"line":410,"column":null}},"162":{"start":{"line":409,"column":10},"end":{"line":409,"column":null}},"163":{"start":{"line":413,"column":8},"end":{"line":415,"column":null}},"164":{"start":{"line":414,"column":10},"end":{"line":414,"column":null}},"165":{"start":{"line":417,"column":8},"end":{"line":417,"column":null}},"166":{"start":{"line":420,"column":4},"end":{"line":425,"column":null}},"167":{"start":{"line":429,"column":25},"end":{"line":457,"column":null}},"168":{"start":{"line":430,"column":4},"end":{"line":430,"column":null}},"169":{"start":{"line":430,"column":35},"end":{"line":430,"column":null}},"170":{"start":{"line":433,"column":21},"end":{"line":433,"column":null}},"171":{"start":{"line":436,"column":4},"end":{"line":454,"column":null}},"172":{"start":{"line":437,"column":6},"end":{"line":453,"column":null}},"173":{"start":{"line":438,"column":22},"end":{"line":438,"column":null}},"174":{"start":{"line":439,"column":21},"end":{"line":439,"column":null}},"175":{"start":{"line":441,"column":29},"end":{"line":441,"column":null}},"176":{"start":{"line":444,"column":8},"end":{"line":450,"column":null}},"177":{"start":{"line":445,"column":10},"end":{"line":445,"column":null}},"178":{"start":{"line":446,"column":15},"end":{"line":450,"column":null}},"179":{"start":{"line":447,"column":10},"end":{"line":447,"column":null}},"180":{"start":{"line":448,"column":15},"end":{"line":450,"column":null}},"181":{"start":{"line":449,"column":10},"end":{"line":449,"column":null}},"182":{"start":{"line":452,"column":8},"end":{"line":452,"column":null}},"183":{"start":{"line":456,"column":4},"end":{"line":456,"column":null}},"184":{"start":{"line":460,"column":27},"end":{"line":464,"column":null}},"185":{"start":{"line":461,"column":22},"end":{"line":461,"column":null}},"186":{"start":{"line":462,"column":19},"end":{"line":462,"column":null}},"187":{"start":{"line":463,"column":4},"end":{"line":463,"column":null}},"188":{"start":{"line":467,"column":25},"end":{"line":471,"column":null}},"189":{"start":{"line":468,"column":4},"end":{"line":468,"column":null}},"190":{"start":{"line":468,"column":44},"end":{"line":468,"column":null}},"191":{"start":{"line":469,"column":18},"end":{"line":469,"column":null}},"192":{"start":{"line":470,"column":4},"end":{"line":470,"column":null}},"193":{"start":{"line":474,"column":35},"end":{"line":482,"column":null}},"194":{"start":{"line":475,"column":4},"end":{"line":475,"column":null}},"195":{"start":{"line":475,"column":44},"end":{"line":475,"column":null}},"196":{"start":{"line":479,"column":25},"end":{"line":479,"column":32}},"197":{"start":{"line":480,"column":25},"end":{"line":480,"column":32}},"198":{"start":{"line":481,"column":4},"end":{"line":481,"column":null}},"199":{"start":{"line":485,"column":20},"end":{"line":530,"column":null}},"200":{"start":{"line":487,"column":14},"end":{"line":487,"column":null}},"201":{"start":{"line":490,"column":4},"end":{"line":490,"column":null}},"202":{"start":{"line":493,"column":4},"end":{"line":493,"column":null}},"203":{"start":{"line":496,"column":4},"end":{"line":496,"column":null}},"204":{"start":{"line":499,"column":4},"end":{"line":502,"column":null}},"205":{"start":{"line":500,"column":23},"end":{"line":500,"column":null}},"206":{"start":{"line":501,"column":6},"end":{"line":501,"column":null}},"207":{"start":{"line":507,"column":4},"end":{"line":507,"column":null}},"208":{"start":{"line":521,"column":4},"end":{"line":521,"column":null}},"209":{"start":{"line":533,"column":35},"end":{"line":535,"column":null}},"210":{"start":{"line":534,"column":4},"end":{"line":534,"column":null}},"211":{"start":{"line":538,"column":25},"end":{"line":547,"column":null}},"212":{"start":{"line":540,"column":25},"end":{"line":540,"column":65}},"213":{"start":{"line":542,"column":4},"end":{"line":546,"column":null}},"214":{"start":{"line":550,"column":29},"end":{"line":559,"column":null}},"215":{"start":{"line":551,"column":4},"end":{"line":557,"column":null}},"216":{"start":{"line":552,"column":6},"end":{"line":552,"column":null}},"217":{"start":{"line":553,"column":11},"end":{"line":557,"column":null}},"218":{"start":{"line":554,"column":6},"end":{"line":554,"column":null}},"219":{"start":{"line":555,"column":11},"end":{"line":557,"column":null}},"220":{"start":{"line":556,"column":6},"end":{"line":556,"column":null}},"221":{"start":{"line":558,"column":4},"end":{"line":558,"column":null}},"222":{"start":{"line":562,"column":21},"end":{"line":593,"column":null}},"223":{"start":{"line":563,"column":43},"end":{"line":563,"column":null}},"224":{"start":{"line":565,"column":4},"end":{"line":580,"column":null}},"225":{"start":{"line":565,"column":41},"end":{"line":580,"column":null}},"226":{"start":{"line":596,"column":29},"end":{"line":606,"column":null}},"227":{"start":{"line":597,"column":4},"end":{"line":597,"column":null}},"228":{"start":{"line":597,"column":41},"end":{"line":597,"column":null}},"229":{"start":{"line":599,"column":31},"end":{"line":600,"column":null}},"230":{"start":{"line":600,"column":19},"end":{"line":600,"column":83}},"231":{"start":{"line":603,"column":4},"end":{"line":603,"column":null}},"232":{"start":{"line":603,"column":29},"end":{"line":603,"column":null}},"233":{"start":{"line":605,"column":4},"end":{"line":605,"column":null}},"234":{"start":{"line":609,"column":26},"end":{"line":635,"column":null}},"235":{"start":{"line":610,"column":4},"end":{"line":618,"column":null}},"236":{"start":{"line":619,"column":4},"end":{"line":631,"column":null}},"237":{"start":{"line":632,"column":4},"end":{"line":632,"column":null}},"238":{"start":{"line":633,"column":4},"end":{"line":633,"column":null}},"239":{"start":{"line":634,"column":4},"end":{"line":634,"column":null}},"240":{"start":{"line":637,"column":33},"end":{"line":642,"column":null}},"241":{"start":{"line":638,"column":4},"end":{"line":641,"column":null}},"242":{"start":{"line":638,"column":28},"end":{"line":641,"column":null}},"243":{"start":{"line":645,"column":27},"end":{"line":654,"column":null}},"244":{"start":{"line":646,"column":36},"end":{"line":652,"column":null}},"245":{"start":{"line":653,"column":4},"end":{"line":653,"column":null}},"246":{"start":{"line":653,"column":31},"end":{"line":653,"column":null}},"247":{"start":{"line":657,"column":30},"end":{"line":659,"column":null}},"248":{"start":{"line":658,"column":4},"end":{"line":658,"column":null}},"249":{"start":{"line":658,"column":31},"end":{"line":658,"column":null}},"250":{"start":{"line":658,"column":52},"end":{"line":658,"column":null}},"251":{"start":{"line":662,"column":30},"end":{"line":666,"column":null}},"252":{"start":{"line":663,"column":4},"end":{"line":664,"column":null}},"253":{"start":{"line":663,"column":31},"end":{"line":664,"column":null}},"254":{"start":{"line":664,"column":6},"end":{"line":664,"column":null}},"255":{"start":{"line":669,"column":33},"end":{"line":677,"column":null}},"256":{"start":{"line":670,"column":4},"end":{"line":670,"column":null}},"257":{"start":{"line":670,"column":26},"end":{"line":670,"column":null}},"258":{"start":{"line":672,"column":18},"end":{"line":672,"column":null}},"259":{"start":{"line":673,"column":26},"end":{"line":673,"column":68}},"260":{"start":{"line":674,"column":23},"end":{"line":674,"column":null}},"261":{"start":{"line":676,"column":4},"end":{"line":676,"column":null}},"262":{"start":{"line":680,"column":25},"end":{"line":723,"column":null}},"263":{"start":{"line":681,"column":4},"end":{"line":681,"column":null}},"264":{"start":{"line":681,"column":32},"end":{"line":681,"column":null}},"265":{"start":{"line":683,"column":4},"end":{"line":722,"column":null}},"266":{"start":{"line":688,"column":6},"end":{"line":688,"column":null}},"267":{"start":{"line":690,"column":21},"end":{"line":694,"column":null}},"268":{"start":{"line":696,"column":22},"end":{"line":696,"column":null}},"269":{"start":{"line":697,"column":18},"end":{"line":701,"column":null}},"270":{"start":{"line":703,"column":23},"end":{"line":703,"column":null}},"271":{"start":{"line":704,"column":24},"end":{"line":704,"column":65}},"272":{"start":{"line":706,"column":6},"end":{"line":706,"column":null}},"273":{"start":{"line":707,"column":6},"end":{"line":707,"column":null}},"274":{"start":{"line":713,"column":6},"end":{"line":713,"column":null}},"275":{"start":{"line":715,"column":6},"end":{"line":715,"column":null}},"276":{"start":{"line":721,"column":6},"end":{"line":721,"column":null}},"277":{"start":{"line":726,"column":26},"end":{"line":759,"column":null}},"278":{"start":{"line":727,"column":4},"end":{"line":758,"column":null}},"279":{"start":{"line":729,"column":24},"end":{"line":734,"column":null}},"280":{"start":{"line":737,"column":26},"end":{"line":737,"column":null}},"281":{"start":{"line":740,"column":27},"end":{"line":740,"column":107}},"282":{"start":{"line":743,"column":6},"end":{"line":743,"column":null}},"283":{"start":{"line":749,"column":6},"end":{"line":749,"column":null}},"284":{"start":{"line":751,"column":6},"end":{"line":751,"column":null}},"285":{"start":{"line":757,"column":6},"end":{"line":757,"column":null}},"286":{"start":{"line":762,"column":22},"end":{"line":764,"column":null}},"287":{"start":{"line":763,"column":4},"end":{"line":763,"column":null}},"288":{"start":{"line":767,"column":2},"end":{"line":804,"column":null}},"289":{"start":{"line":768,"column":4},"end":{"line":803,"column":null}},"290":{"start":{"line":769,"column":6},"end":{"line":802,"column":null}},"291":{"start":{"line":770,"column":26},"end":{"line":770,"column":null}},"292":{"start":{"line":771,"column":32},"end":{"line":771,"column":null}},"293":{"start":{"line":773,"column":8},"end":{"line":799,"column":null}},"294":{"start":{"line":774,"column":30},"end":{"line":774,"column":null}},"295":{"start":{"line":777,"column":10},"end":{"line":777,"column":null}},"296":{"start":{"line":778,"column":10},"end":{"line":778,"column":null}},"297":{"start":{"line":781,"column":10},"end":{"line":783,"column":null}},"298":{"start":{"line":782,"column":12},"end":{"line":782,"column":null}},"299":{"start":{"line":786,"column":10},"end":{"line":788,"column":null}},"300":{"start":{"line":787,"column":12},"end":{"line":787,"column":null}},"301":{"start":{"line":794,"column":10},"end":{"line":794,"column":null}},"302":{"start":{"line":797,"column":25},"end":{"line":797,"column":49}},"303":{"start":{"line":798,"column":10},"end":{"line":798,"column":null}},"304":{"start":{"line":801,"column":8},"end":{"line":801,"column":null}},"305":{"start":{"line":807,"column":2},"end":{"line":814,"column":null}},"306":{"start":{"line":808,"column":4},"end":{"line":813,"column":null}},"307":{"start":{"line":809,"column":6},"end":{"line":812,"column":null}},"308":{"start":{"line":809,"column":30},"end":{"line":812,"column":null}},"309":{"start":{"line":817,"column":27},"end":{"line":827,"column":null}},"310":{"start":{"line":818,"column":41},"end":{"line":825,"column":null}},"311":{"start":{"line":826,"column":4},"end":{"line":826,"column":null}},"312":{"start":{"line":826,"column":30},"end":{"line":826,"column":null}},"313":{"start":{"line":829,"column":30},"end":{"line":831,"column":null}},"314":{"start":{"line":830,"column":4},"end":{"line":830,"column":null}},"315":{"start":{"line":830,"column":30},"end":{"line":830,"column":null}},"316":{"start":{"line":830,"column":51},"end":{"line":830,"column":null}},"317":{"start":{"line":833,"column":30},"end":{"line":837,"column":null}},"318":{"start":{"line":834,"column":4},"end":{"line":835,"column":null}},"319":{"start":{"line":834,"column":30},"end":{"line":835,"column":null}},"320":{"start":{"line":835,"column":6},"end":{"line":835,"column":null}},"321":{"start":{"line":840,"column":29},"end":{"line":849,"column":null}},"322":{"start":{"line":841,"column":43},"end":{"line":847,"column":null}},"323":{"start":{"line":848,"column":4},"end":{"line":848,"column":null}},"324":{"start":{"line":848,"column":32},"end":{"line":848,"column":null}},"325":{"start":{"line":851,"column":32},"end":{"line":853,"column":null}},"326":{"start":{"line":852,"column":4},"end":{"line":852,"column":null}},"327":{"start":{"line":852,"column":32},"end":{"line":852,"column":null}},"328":{"start":{"line":852,"column":53},"end":{"line":852,"column":null}},"329":{"start":{"line":855,"column":32},"end":{"line":859,"column":null}},"330":{"start":{"line":856,"column":4},"end":{"line":857,"column":null}},"331":{"start":{"line":856,"column":32},"end":{"line":857,"column":null}},"332":{"start":{"line":857,"column":6},"end":{"line":857,"column":null}},"333":{"start":{"line":892,"column":50},"end":{"line":892,"column":null}},"334":{"start":{"line":906,"column":43},"end":{"line":906,"column":null}},"335":{"start":{"line":916,"column":52},"end":{"line":916,"column":null}},"336":{"start":{"line":1007,"column":20},"end":{"line":1007,"column":40}},"337":{"start":{"line":1013,"column":41},"end":{"line":1013,"column":null}},"338":{"start":{"line":1026,"column":45},"end":{"line":1026,"column":null}},"339":{"start":{"line":1036,"column":45},"end":{"line":1036,"column":null}},"340":{"start":{"line":1048,"column":52},"end":{"line":1048,"column":null}},"341":{"start":{"line":1068,"column":56},"end":{"line":1068,"column":null}},"342":{"start":{"line":1120,"column":20},"end":{"line":1120,"column":40}},"343":{"start":{"line":1126,"column":41},"end":{"line":1126,"column":null}},"344":{"start":{"line":1138,"column":43},"end":{"line":1138,"column":null}},"345":{"start":{"line":1149,"column":45},"end":{"line":1149,"column":null}},"346":{"start":{"line":1159,"column":54},"end":{"line":1159,"column":null}},"347":{"start":{"line":1179,"column":54},"end":{"line":1179,"column":null}},"348":{"start":{"line":1195,"column":60},"end":{"line":1195,"column":null}},"349":{"start":{"line":1261,"column":32},"end":{"line":1261,"column":53}},"350":{"start":{"line":1274,"column":41},"end":{"line":1274,"column":null}},"351":{"start":{"line":1284,"column":39},"end":{"line":1284,"column":null}},"352":{"start":{"line":1343,"column":43},"end":{"line":1343,"column":null}},"353":{"start":{"line":1344,"column":28},"end":{"line":1345,"column":50}},"354":{"start":{"line":1368,"column":54},"end":{"line":1368,"column":null}},"355":{"start":{"line":1369,"column":34},"end":{"line":1377,"column":null}},"356":{"start":{"line":1370,"column":36},"end":{"line":1370,"column":null}},"357":{"start":{"line":1371,"column":41},"end":{"line":1377,"column":null}},"358":{"start":{"line":1372,"column":36},"end":{"line":1372,"column":null}},"359":{"start":{"line":1373,"column":41},"end":{"line":1377,"column":null}},"360":{"start":{"line":1374,"column":36},"end":{"line":1374,"column":null}},"361":{"start":{"line":1376,"column":36},"end":{"line":1376,"column":null}},"362":{"start":{"line":1393,"column":20},"end":{"line":1393,"column":40}},"363":{"start":{"line":1399,"column":41},"end":{"line":1399,"column":null}},"364":{"start":{"line":1411,"column":43},"end":{"line":1411,"column":null}},"365":{"start":{"line":1422,"column":45},"end":{"line":1422,"column":null}},"366":{"start":{"line":1432,"column":54},"end":{"line":1432,"column":null}},"367":{"start":{"line":1454,"column":56},"end":{"line":1454,"column":null}},"368":{"start":{"line":1500,"column":54},"end":{"line":1500,"column":null}},"369":{"start":{"line":1510,"column":43},"end":{"line":1510,"column":null}},"370":{"start":{"line":1525,"column":54},"end":{"line":1525,"column":null}},"371":{"start":{"line":1562,"column":54},"end":{"line":1562,"column":null}},"372":{"start":{"line":1595,"column":56},"end":{"line":1595,"column":null}},"373":{"start":{"line":1606,"column":54},"end":{"line":1606,"column":null}},"374":{"start":{"line":1638,"column":54},"end":{"line":1638,"column":null}},"375":{"start":{"line":1652,"column":45},"end":{"line":1652,"column":null}},"376":{"start":{"line":1653,"column":28},"end":{"line":1653,"column":null}},"377":{"start":{"line":1672,"column":28},"end":{"line":1672,"column":null}},"378":{"start":{"line":1732,"column":18},"end":{"line":1732,"column":57}}},"fnMap":{"0":{"name":"SalaryCalculator","decl":{"start":{"line":131,"column":16},"end":{"line":131,"column":null}},"loc":{"start":{"line":131,"column":16},"end":{"line":2038,"column":null}}},"1":{"name":"(anonymous_3)","decl":{"start":{"line":171,"column":31},"end":{"line":171,"column":null}},"loc":{"start":{"line":171,"column":31},"end":{"line":194,"column":5}}},"2":{"name":"(anonymous_4)","decl":{"start":{"line":197,"column":38},"end":{"line":197,"column":null}},"loc":{"start":{"line":197,"column":38},"end":{"line":215,"column":5}}},"3":{"name":"(anonymous_5)","decl":{"start":{"line":198,"column":34},"end":{"line":198,"column":35}},"loc":{"start":{"line":198,"column":42},"end":{"line":214,"column":7}}},"4":{"name":"(anonymous_6)","decl":{"start":{"line":218,"column":36},"end":{"line":218,"column":null}},"loc":{"start":{"line":218,"column":36},"end":{"line":220,"column":5}}},"5":{"name":"(anonymous_7)","decl":{"start":{"line":223,"column":45},"end":{"line":223,"column":null}},"loc":{"start":{"line":223,"column":45},"end":{"line":286,"column":5}}},"6":{"name":"(anonymous_8)","decl":{"start":{"line":224,"column":57},"end":{"line":224,"column":58}},"loc":{"start":{"line":224,"column":65},"end":{"line":238,"column":7}}},"7":{"name":"(anonymous_9)","decl":{"start":{"line":241,"column":14},"end":{"line":241,"column":20}},"loc":{"start":{"line":241,"column":20},"end":{"line":241,"column":38}}},"8":{"name":"(anonymous_10)","decl":{"start":{"line":242,"column":14},"end":{"line":242,"column":15}},"loc":{"start":{"line":242,"column":22},"end":{"line":256,"column":9}}},"9":{"name":"(anonymous_11)","decl":{"start":{"line":289,"column":32},"end":{"line":289,"column":null}},"loc":{"start":{"line":289,"column":32},"end":{"line":304,"column":5}}},"10":{"name":"(anonymous_12)","decl":{"start":{"line":307,"column":28},"end":{"line":307,"column":null}},"loc":{"start":{"line":307,"column":28},"end":{"line":331,"column":5}}},"11":{"name":"(anonymous_13)","decl":{"start":{"line":334,"column":31},"end":{"line":334,"column":null}},"loc":{"start":{"line":334,"column":31},"end":{"line":341,"column":5}}},"12":{"name":"(anonymous_14)","decl":{"start":{"line":344,"column":39},"end":{"line":344,"column":null}},"loc":{"start":{"line":344,"column":39},"end":{"line":355,"column":5}}},"13":{"name":"(anonymous_15)","decl":{"start":{"line":349,"column":6},"end":{"line":349,"column":19}},"loc":{"start":{"line":349,"column":19},"end":{"line":349,"column":83}}},"14":{"name":"(anonymous_16)","decl":{"start":{"line":358,"column":44},"end":{"line":358,"column":null}},"loc":{"start":{"line":358,"column":44},"end":{"line":426,"column":5}}},"15":{"name":"(anonymous_17)","decl":{"start":{"line":360,"column":14},"end":{"line":360,"column":20}},"loc":{"start":{"line":360,"column":20},"end":{"line":360,"column":null}}},"16":{"name":"(anonymous_18)","decl":{"start":{"line":361,"column":14},"end":{"line":361,"column":15}},"loc":{"start":{"line":361,"column":22},"end":{"line":375,"column":9}}},"17":{"name":"(anonymous_19)","decl":{"start":{"line":378,"column":14},"end":{"line":378,"column":20}},"loc":{"start":{"line":378,"column":20},"end":{"line":378,"column":null}}},"18":{"name":"(anonymous_20)","decl":{"start":{"line":379,"column":14},"end":{"line":379,"column":15}},"loc":{"start":{"line":379,"column":22},"end":{"line":393,"column":9}}},"19":{"name":"(anonymous_21)","decl":{"start":{"line":398,"column":14},"end":{"line":398,"column":20}},"loc":{"start":{"line":398,"column":20},"end":{"line":398,"column":33}}},"20":{"name":"(anonymous_22)","decl":{"start":{"line":399,"column":14},"end":{"line":399,"column":15}},"loc":{"start":{"line":399,"column":22},"end":{"line":418,"column":9}}},"21":{"name":"(anonymous_23)","decl":{"start":{"line":429,"column":33},"end":{"line":429,"column":null}},"loc":{"start":{"line":429,"column":33},"end":{"line":457,"column":5}}},"22":{"name":"(anonymous_24)","decl":{"start":{"line":436,"column":28},"end":{"line":436,"column":null}},"loc":{"start":{"line":436,"column":28},"end":{"line":454,"column":null}}},"23":{"name":"(anonymous_25)","decl":{"start":{"line":460,"column":35},"end":{"line":460,"column":null}},"loc":{"start":{"line":460,"column":35},"end":{"line":464,"column":5}}},"24":{"name":"(anonymous_26)","decl":{"start":{"line":467,"column":33},"end":{"line":467,"column":null}},"loc":{"start":{"line":467,"column":33},"end":{"line":471,"column":5}}},"25":{"name":"(anonymous_27)","decl":{"start":{"line":474,"column":43},"end":{"line":474,"column":null}},"loc":{"start":{"line":474,"column":43},"end":{"line":482,"column":5}}},"26":{"name":"(anonymous_28)","decl":{"start":{"line":485,"column":28},"end":{"line":485,"column":null}},"loc":{"start":{"line":485,"column":28},"end":{"line":522,"column":5}}},"27":{"name":"(anonymous_29)","decl":{"start":{"line":533,"column":43},"end":{"line":533,"column":null}},"loc":{"start":{"line":533,"column":43},"end":{"line":535,"column":5}}},"28":{"name":"(anonymous_30)","decl":{"start":{"line":538,"column":25},"end":{"line":538,"column":26}},"loc":{"start":{"line":538,"column":26},"end":{"line":547,"column":null}}},"29":{"name":"(anonymous_31)","decl":{"start":{"line":550,"column":29},"end":{"line":550,"column":30}},"loc":{"start":{"line":550,"column":52},"end":{"line":559,"column":null}}},"30":{"name":"(anonymous_32)","decl":{"start":{"line":562,"column":29},"end":{"line":562,"column":null}},"loc":{"start":{"line":562,"column":29},"end":{"line":581,"column":5}}},"31":{"name":"(anonymous_33)","decl":{"start":{"line":565,"column":27},"end":{"line":565,"column":41}},"loc":{"start":{"line":565,"column":41},"end":{"line":580,"column":null}}},"32":{"name":"(anonymous_34)","decl":{"start":{"line":596,"column":29},"end":{"line":596,"column":null}},"loc":{"start":{"line":596,"column":29},"end":{"line":606,"column":null}}},"33":{"name":"(anonymous_35)","decl":{"start":{"line":600,"column":6},"end":{"line":600,"column":19}},"loc":{"start":{"line":600,"column":19},"end":{"line":600,"column":83}}},"34":{"name":"(anonymous_36)","decl":{"start":{"line":609,"column":26},"end":{"line":609,"column":null}},"loc":{"start":{"line":609,"column":26},"end":{"line":635,"column":null}}},"35":{"name":"(anonymous_37)","decl":{"start":{"line":637,"column":33},"end":{"line":637,"column":34}},"loc":{"start":{"line":637,"column":62},"end":{"line":642,"column":null}}},"36":{"name":"(anonymous_38)","decl":{"start":{"line":638,"column":19},"end":{"line":638,"column":28}},"loc":{"start":{"line":638,"column":28},"end":{"line":641,"column":null}}},"37":{"name":"(anonymous_39)","decl":{"start":{"line":645,"column":27},"end":{"line":645,"column":null}},"loc":{"start":{"line":645,"column":27},"end":{"line":654,"column":null}}},"38":{"name":"(anonymous_40)","decl":{"start":{"line":653,"column":23},"end":{"line":653,"column":31}},"loc":{"start":{"line":653,"column":31},"end":{"line":653,"column":null}}},"39":{"name":"(anonymous_41)","decl":{"start":{"line":657,"column":30},"end":{"line":657,"column":31}},"loc":{"start":{"line":657,"column":31},"end":{"line":659,"column":null}}},"40":{"name":"(anonymous_42)","decl":{"start":{"line":658,"column":23},"end":{"line":658,"column":31}},"loc":{"start":{"line":658,"column":31},"end":{"line":658,"column":null}}},"41":{"name":"(anonymous_43)","decl":{"start":{"line":658,"column":43},"end":{"line":658,"column":52}},"loc":{"start":{"line":658,"column":52},"end":{"line":658,"column":null}}},"42":{"name":"(anonymous_44)","decl":{"start":{"line":662,"column":30},"end":{"line":662,"column":31}},"loc":{"start":{"line":662,"column":71},"end":{"line":666,"column":null}}},"43":{"name":"(anonymous_45)","decl":{"start":{"line":663,"column":23},"end":{"line":663,"column":31}},"loc":{"start":{"line":663,"column":31},"end":{"line":664,"column":null}}},"44":{"name":"(anonymous_46)","decl":{"start":{"line":663,"column":40},"end":{"line":663,"column":null}},"loc":{"start":{"line":664,"column":6},"end":{"line":664,"column":null}}},"45":{"name":"(anonymous_47)","decl":{"start":{"line":669,"column":33},"end":{"line":669,"column":null}},"loc":{"start":{"line":669,"column":33},"end":{"line":677,"column":null}}},"46":{"name":"(anonymous_48)","decl":{"start":{"line":680,"column":25},"end":{"line":680,"column":null}},"loc":{"start":{"line":680,"column":25},"end":{"line":723,"column":null}}},"47":{"name":"(anonymous_49)","decl":{"start":{"line":726,"column":26},"end":{"line":726,"column":null}},"loc":{"start":{"line":726,"column":26},"end":{"line":759,"column":null}}},"48":{"name":"(anonymous_50)","decl":{"start":{"line":762,"column":22},"end":{"line":762,"column":null}},"loc":{"start":{"line":762,"column":22},"end":{"line":764,"column":null}}},"49":{"name":"(anonymous_51)","decl":{"start":{"line":767,"column":12},"end":{"line":767,"column":null}},"loc":{"start":{"line":767,"column":12},"end":{"line":804,"column":5}}},"50":{"name":"(anonymous_52)","decl":{"start":{"line":807,"column":12},"end":{"line":807,"column":null}},"loc":{"start":{"line":807,"column":12},"end":{"line":814,"column":5}}},"51":{"name":"(anonymous_53)","decl":{"start":{"line":809,"column":21},"end":{"line":809,"column":30}},"loc":{"start":{"line":809,"column":30},"end":{"line":812,"column":null}}},"52":{"name":"(anonymous_54)","decl":{"start":{"line":817,"column":27},"end":{"line":817,"column":null}},"loc":{"start":{"line":817,"column":27},"end":{"line":827,"column":null}}},"53":{"name":"(anonymous_55)","decl":{"start":{"line":826,"column":22},"end":{"line":826,"column":30}},"loc":{"start":{"line":826,"column":30},"end":{"line":826,"column":null}}},"54":{"name":"(anonymous_56)","decl":{"start":{"line":829,"column":30},"end":{"line":829,"column":31}},"loc":{"start":{"line":829,"column":31},"end":{"line":831,"column":null}}},"55":{"name":"(anonymous_57)","decl":{"start":{"line":830,"column":22},"end":{"line":830,"column":30}},"loc":{"start":{"line":830,"column":30},"end":{"line":830,"column":null}}},"56":{"name":"(anonymous_58)","decl":{"start":{"line":830,"column":42},"end":{"line":830,"column":51}},"loc":{"start":{"line":830,"column":51},"end":{"line":830,"column":null}}},"57":{"name":"(anonymous_59)","decl":{"start":{"line":833,"column":30},"end":{"line":833,"column":31}},"loc":{"start":{"line":833,"column":76},"end":{"line":837,"column":null}}},"58":{"name":"(anonymous_60)","decl":{"start":{"line":834,"column":22},"end":{"line":834,"column":30}},"loc":{"start":{"line":834,"column":30},"end":{"line":835,"column":null}}},"59":{"name":"(anonymous_61)","decl":{"start":{"line":834,"column":39},"end":{"line":834,"column":null}},"loc":{"start":{"line":835,"column":6},"end":{"line":835,"column":null}}},"60":{"name":"(anonymous_62)","decl":{"start":{"line":840,"column":29},"end":{"line":840,"column":null}},"loc":{"start":{"line":840,"column":29},"end":{"line":849,"column":null}}},"61":{"name":"(anonymous_63)","decl":{"start":{"line":848,"column":24},"end":{"line":848,"column":32}},"loc":{"start":{"line":848,"column":32},"end":{"line":848,"column":null}}},"62":{"name":"(anonymous_64)","decl":{"start":{"line":851,"column":32},"end":{"line":851,"column":33}},"loc":{"start":{"line":851,"column":33},"end":{"line":853,"column":null}}},"63":{"name":"(anonymous_65)","decl":{"start":{"line":852,"column":24},"end":{"line":852,"column":32}},"loc":{"start":{"line":852,"column":32},"end":{"line":852,"column":null}}},"64":{"name":"(anonymous_66)","decl":{"start":{"line":852,"column":44},"end":{"line":852,"column":53}},"loc":{"start":{"line":852,"column":53},"end":{"line":852,"column":null}}},"65":{"name":"(anonymous_67)","decl":{"start":{"line":855,"column":32},"end":{"line":855,"column":33}},"loc":{"start":{"line":855,"column":80},"end":{"line":859,"column":null}}},"66":{"name":"(anonymous_68)","decl":{"start":{"line":856,"column":24},"end":{"line":856,"column":32}},"loc":{"start":{"line":856,"column":32},"end":{"line":857,"column":null}}},"67":{"name":"(anonymous_69)","decl":{"start":{"line":856,"column":41},"end":{"line":856,"column":null}},"loc":{"start":{"line":857,"column":6},"end":{"line":857,"column":null}}},"68":{"name":"(anonymous_70)","decl":{"start":{"line":892,"column":37},"end":{"line":892,"column":38}},"loc":{"start":{"line":892,"column":50},"end":{"line":892,"column":null}}},"69":{"name":"(anonymous_71)","decl":{"start":{"line":906,"column":36},"end":{"line":906,"column":37}},"loc":{"start":{"line":906,"column":43},"end":{"line":906,"column":null}}},"70":{"name":"(anonymous_72)","decl":{"start":{"line":916,"column":41},"end":{"line":916,"column":42}},"loc":{"start":{"line":916,"column":52},"end":{"line":916,"column":null}}},"71":{"name":"(anonymous_75)","decl":{"start":{"line":1006,"column":39},"end":{"line":1006,"column":40}},"loc":{"start":{"line":1007,"column":20},"end":{"line":1007,"column":40}}},"72":{"name":"(anonymous_76)","decl":{"start":{"line":1013,"column":35},"end":{"line":1013,"column":41}},"loc":{"start":{"line":1013,"column":41},"end":{"line":1013,"column":null}}},"73":{"name":"(anonymous_77)","decl":{"start":{"line":1026,"column":38},"end":{"line":1026,"column":39}},"loc":{"start":{"line":1026,"column":45},"end":{"line":1026,"column":null}}},"74":{"name":"(anonymous_78)","decl":{"start":{"line":1036,"column":38},"end":{"line":1036,"column":39}},"loc":{"start":{"line":1036,"column":45},"end":{"line":1036,"column":null}}},"75":{"name":"(anonymous_79)","decl":{"start":{"line":1048,"column":41},"end":{"line":1048,"column":42}},"loc":{"start":{"line":1048,"column":52},"end":{"line":1048,"column":null}}},"76":{"name":"(anonymous_80)","decl":{"start":{"line":1068,"column":43},"end":{"line":1068,"column":44}},"loc":{"start":{"line":1068,"column":56},"end":{"line":1068,"column":null}}},"77":{"name":"(anonymous_81)","decl":{"start":{"line":1119,"column":38},"end":{"line":1119,"column":39}},"loc":{"start":{"line":1120,"column":20},"end":{"line":1120,"column":40}}},"78":{"name":"(anonymous_82)","decl":{"start":{"line":1126,"column":35},"end":{"line":1126,"column":41}},"loc":{"start":{"line":1126,"column":41},"end":{"line":1126,"column":null}}},"79":{"name":"(anonymous_83)","decl":{"start":{"line":1138,"column":36},"end":{"line":1138,"column":37}},"loc":{"start":{"line":1138,"column":43},"end":{"line":1138,"column":null}}},"80":{"name":"(anonymous_84)","decl":{"start":{"line":1149,"column":38},"end":{"line":1149,"column":39}},"loc":{"start":{"line":1149,"column":45},"end":{"line":1149,"column":null}}},"81":{"name":"(anonymous_85)","decl":{"start":{"line":1159,"column":43},"end":{"line":1159,"column":44}},"loc":{"start":{"line":1159,"column":54},"end":{"line":1159,"column":null}}},"82":{"name":"(anonymous_86)","decl":{"start":{"line":1179,"column":43},"end":{"line":1179,"column":44}},"loc":{"start":{"line":1179,"column":54},"end":{"line":1179,"column":null}}},"83":{"name":"(anonymous_87)","decl":{"start":{"line":1195,"column":47},"end":{"line":1195,"column":48}},"loc":{"start":{"line":1195,"column":60},"end":{"line":1195,"column":null}}},"84":{"name":"(anonymous_88)","decl":{"start":{"line":1260,"column":57},"end":{"line":1260,"column":58}},"loc":{"start":{"line":1261,"column":32},"end":{"line":1261,"column":53}}},"85":{"name":"(anonymous_89)","decl":{"start":{"line":1274,"column":34},"end":{"line":1274,"column":35}},"loc":{"start":{"line":1274,"column":41},"end":{"line":1274,"column":null}}},"86":{"name":"(anonymous_90)","decl":{"start":{"line":1284,"column":33},"end":{"line":1284,"column":39}},"loc":{"start":{"line":1284,"column":39},"end":{"line":1284,"column":null}}},"87":{"name":"(anonymous_91)","decl":{"start":{"line":1342,"column":48},"end":{"line":1342,"column":49}},"loc":{"start":{"line":1342,"column":49},"end":{"line":1352,"column":null}}},"88":{"name":"(anonymous_92)","decl":{"start":{"line":1367,"column":56},"end":{"line":1367,"column":57}},"loc":{"start":{"line":1367,"column":64},"end":{"line":1378,"column":35}}},"89":{"name":"(anonymous_93)","decl":{"start":{"line":1392,"column":40},"end":{"line":1392,"column":41}},"loc":{"start":{"line":1393,"column":20},"end":{"line":1393,"column":40}}},"90":{"name":"(anonymous_94)","decl":{"start":{"line":1399,"column":35},"end":{"line":1399,"column":41}},"loc":{"start":{"line":1399,"column":41},"end":{"line":1399,"column":null}}},"91":{"name":"(anonymous_95)","decl":{"start":{"line":1411,"column":36},"end":{"line":1411,"column":37}},"loc":{"start":{"line":1411,"column":43},"end":{"line":1411,"column":null}}},"92":{"name":"(anonymous_96)","decl":{"start":{"line":1422,"column":38},"end":{"line":1422,"column":39}},"loc":{"start":{"line":1422,"column":45},"end":{"line":1422,"column":null}}},"93":{"name":"(anonymous_97)","decl":{"start":{"line":1432,"column":43},"end":{"line":1432,"column":44}},"loc":{"start":{"line":1432,"column":54},"end":{"line":1432,"column":null}}},"94":{"name":"(anonymous_98)","decl":{"start":{"line":1454,"column":43},"end":{"line":1454,"column":44}},"loc":{"start":{"line":1454,"column":56},"end":{"line":1454,"column":null}}},"95":{"name":"(anonymous_99)","decl":{"start":{"line":1500,"column":41},"end":{"line":1500,"column":42}},"loc":{"start":{"line":1500,"column":54},"end":{"line":1500,"column":null}}},"96":{"name":"(anonymous_100)","decl":{"start":{"line":1510,"column":36},"end":{"line":1510,"column":37}},"loc":{"start":{"line":1510,"column":43},"end":{"line":1510,"column":null}}},"97":{"name":"(anonymous_101)","decl":{"start":{"line":1525,"column":41},"end":{"line":1525,"column":42}},"loc":{"start":{"line":1525,"column":54},"end":{"line":1525,"column":null}}},"98":{"name":"(anonymous_102)","decl":{"start":{"line":1562,"column":41},"end":{"line":1562,"column":42}},"loc":{"start":{"line":1562,"column":54},"end":{"line":1562,"column":null}}},"99":{"name":"(anonymous_103)","decl":{"start":{"line":1595,"column":43},"end":{"line":1595,"column":44}},"loc":{"start":{"line":1595,"column":56},"end":{"line":1595,"column":null}}},"100":{"name":"(anonymous_104)","decl":{"start":{"line":1606,"column":41},"end":{"line":1606,"column":42}},"loc":{"start":{"line":1606,"column":54},"end":{"line":1606,"column":null}}},"101":{"name":"(anonymous_105)","decl":{"start":{"line":1638,"column":41},"end":{"line":1638,"column":42}},"loc":{"start":{"line":1638,"column":54},"end":{"line":1638,"column":null}}},"102":{"name":"(anonymous_106)","decl":{"start":{"line":1651,"column":36},"end":{"line":1651,"column":37}},"loc":{"start":{"line":1651,"column":37},"end":{"line":1654,"column":null}}},"103":{"name":"(anonymous_107)","decl":{"start":{"line":1671,"column":41},"end":{"line":1671,"column":42}},"loc":{"start":{"line":1671,"column":42},"end":{"line":1673,"column":null}}},"104":{"name":"(anonymous_108)","decl":{"start":{"line":1731,"column":32},"end":{"line":1731,"column":33}},"loc":{"start":{"line":1732,"column":18},"end":{"line":1732,"column":57}}}},"branchMap":{"0":{"loc":{"start":{"line":172,"column":26},"end":{"line":172,"column":null}},"type":"binary-expr","locations":[{"start":{"line":172,"column":26},"end":{"line":172,"column":55}},{"start":{"line":172,"column":55},"end":{"line":172,"column":null}}]},"1":{"loc":{"start":{"line":175,"column":4},"end":{"line":181,"column":null}},"type":"if","locations":[{"start":{"line":175,"column":4},"end":{"line":181,"column":null}},{"start":{"line":177,"column":11},"end":{"line":181,"column":null}}]},"2":{"loc":{"start":{"line":177,"column":11},"end":{"line":181,"column":null}},"type":"if","locations":[{"start":{"line":177,"column":11},"end":{"line":181,"column":null}},{"start":{"line":179,"column":11},"end":{"line":181,"column":null}}]},"3":{"loc":{"start":{"line":179,"column":11},"end":{"line":181,"column":null}},"type":"if","locations":[{"start":{"line":179,"column":11},"end":{"line":181,"column":null}}]},"4":{"loc":{"start":{"line":184,"column":4},"end":{"line":191,"column":null}},"type":"if","locations":[{"start":{"line":184,"column":4},"end":{"line":191,"column":null}}]},"5":{"loc":{"start":{"line":185,"column":20},"end":{"line":185,"column":null}},"type":"binary-expr","locations":[{"start":{"line":185,"column":20},"end":{"line":185,"column":49}},{"start":{"line":185,"column":49},"end":{"line":185,"column":null}}]},"6":{"loc":{"start":{"line":187,"column":28},"end":{"line":187,"column":70}},"type":"cond-expr","locations":[{"start":{"line":187,"column":61},"end":{"line":187,"column":66}},{"start":{"line":187,"column":66},"end":{"line":187,"column":70}}]},"7":{"loc":{"start":{"line":199,"column":20},"end":{"line":199,"column":null}},"type":"binary-expr","locations":[{"start":{"line":199,"column":20},"end":{"line":199,"column":47}},{"start":{"line":199,"column":47},"end":{"line":199,"column":null}}]},"8":{"loc":{"start":{"line":200,"column":19},"end":{"line":200,"column":null}},"type":"binary-expr","locations":[{"start":{"line":200,"column":19},"end":{"line":200,"column":45}},{"start":{"line":200,"column":45},"end":{"line":200,"column":null}}]},"9":{"loc":{"start":{"line":205,"column":6},"end":{"line":211,"column":null}},"type":"if","locations":[{"start":{"line":205,"column":6},"end":{"line":211,"column":null}},{"start":{"line":207,"column":13},"end":{"line":211,"column":null}}]},"10":{"loc":{"start":{"line":207,"column":13},"end":{"line":211,"column":null}},"type":"if","locations":[{"start":{"line":207,"column":13},"end":{"line":211,"column":null}},{"start":{"line":209,"column":13},"end":{"line":211,"column":null}}]},"11":{"loc":{"start":{"line":209,"column":13},"end":{"line":211,"column":null}},"type":"if","locations":[{"start":{"line":209,"column":13},"end":{"line":211,"column":null}}]},"12":{"loc":{"start":{"line":225,"column":21},"end":{"line":225,"column":null}},"type":"binary-expr","locations":[{"start":{"line":225,"column":21},"end":{"line":225,"column":46}},{"start":{"line":225,"column":46},"end":{"line":225,"column":null}}]},"13":{"loc":{"start":{"line":229,"column":6},"end":{"line":235,"column":null}},"type":"if","locations":[{"start":{"line":229,"column":6},"end":{"line":235,"column":null}},{"start":{"line":231,"column":13},"end":{"line":235,"column":null}}]},"14":{"loc":{"start":{"line":231,"column":13},"end":{"line":235,"column":null}},"type":"if","locations":[{"start":{"line":231,"column":13},"end":{"line":235,"column":null}},{"start":{"line":233,"column":13},"end":{"line":235,"column":null}}]},"15":{"loc":{"start":{"line":233,"column":13},"end":{"line":235,"column":null}},"type":"if","locations":[{"start":{"line":233,"column":13},"end":{"line":235,"column":null}}]},"16":{"loc":{"start":{"line":243,"column":23},"end":{"line":243,"column":null}},"type":"binary-expr","locations":[{"start":{"line":243,"column":23},"end":{"line":243,"column":48}},{"start":{"line":243,"column":48},"end":{"line":243,"column":null}}]},"17":{"loc":{"start":{"line":247,"column":8},"end":{"line":253,"column":null}},"type":"if","locations":[{"start":{"line":247,"column":8},"end":{"line":253,"column":null}},{"start":{"line":249,"column":15},"end":{"line":253,"column":null}}]},"18":{"loc":{"start":{"line":249,"column":15},"end":{"line":253,"column":null}},"type":"if","locations":[{"start":{"line":249,"column":15},"end":{"line":253,"column":null}},{"start":{"line":251,"column":15},"end":{"line":253,"column":null}}]},"19":{"loc":{"start":{"line":251,"column":15},"end":{"line":253,"column":null}},"type":"if","locations":[{"start":{"line":251,"column":15},"end":{"line":253,"column":null}}]},"20":{"loc":{"start":{"line":267,"column":4},"end":{"line":272,"column":null}},"type":"if","locations":[{"start":{"line":267,"column":4},"end":{"line":272,"column":null}}]},"21":{"loc":{"start":{"line":298,"column":4},"end":{"line":301,"column":null}},"type":"if","locations":[{"start":{"line":298,"column":4},"end":{"line":301,"column":null}}]},"22":{"loc":{"start":{"line":299,"column":23},"end":{"line":299,"column":null}},"type":"binary-expr","locations":[{"start":{"line":299,"column":23},"end":{"line":299,"column":67}},{"start":{"line":299,"column":67},"end":{"line":299,"column":null}}]},"23":{"loc":{"start":{"line":318,"column":4},"end":{"line":328,"column":null}},"type":"if","locations":[{"start":{"line":318,"column":4},"end":{"line":328,"column":null}}]},"24":{"loc":{"start":{"line":336,"column":4},"end":{"line":338,"column":null}},"type":"if","locations":[{"start":{"line":336,"column":4},"end":{"line":338,"column":null}}]},"25":{"loc":{"start":{"line":336,"column":8},"end":{"line":336,"column":105}},"type":"binary-expr","locations":[{"start":{"line":336,"column":8},"end":{"line":336,"column":36}},{"start":{"line":336,"column":40},"end":{"line":336,"column":69}},{"start":{"line":336,"column":73},"end":{"line":336,"column":105}}]},"26":{"loc":{"start":{"line":345,"column":4},"end":{"line":345,"column":null}},"type":"if","locations":[{"start":{"line":345,"column":4},"end":{"line":345,"column":null}}]},"27":{"loc":{"start":{"line":349,"column":19},"end":{"line":349,"column":83}
[...]
,"/Users/benebsworth/projects/pfinance/web/src/components/ui/form.tsx": {"path":"/Users/benebsworth/projects/pfinance/web/src/components/ui/form.tsx","statementMap":{"0":{"start":{"line":160,"column":2},"end":{"line":160,"column":6}},"1":{"start":{"line":163,"column":2},"end":{"line":163,"column":13}},"2":{"start":{"line":164,"column":2},"end":{"line":164,"column":17}},"3":{"start":{"line":166,"column":2},"end":{"line":166,"column":11}},"4":{"start":{"line":161,"column":2},"end":{"line":161,"column":10}},"5":{"start":{"line":162,"column":2},"end":{"line":162,"column":11}},"6":{"start":{"line":165,"column":2},"end":{"line":165,"column":13}},"7":{"start":{"line":159,"column":2},"end":{"line":159,"column":14}},"8":{"start":{"line":3,"column":23},"end":{"line":3,"column":null}},"9":{"start":{"line":5,"column":21},"end":{"line":5,"column":null}},"10":{"start":{"line":14,"column":7},"end":{"line":14,"column":null}},"11":{"start":{"line":16,"column":19},"end":{"line":16,"column":null}},"12":{"start":{"line":17,"column":22},"end":{"line":17,"column":null}},"13":{"start":{"line":19,"column":13},"end":{"line":19,"column":25}},"14":{"start":{"line":28,"column":25},"end":{"line":29,"column":null}},"15":{"start":{"line":32,"column":18},"end":{"line":43,"column":null}},"16":{"start":{"line":45,"column":21},"end":{"line":66,"column":null}},"17":{"start":{"line":46,"column":23},"end":{"line":46,"column":null}},"18":{"start":{"line":47,"column":22},"end":{"line":47,"column":null}},"19":{"start":{"line":48,"column":28},"end":{"line":48,"column":null}},"20":{"start":{"line":49,"column":20},"end":{"line":49,"column":null}},"21":{"start":{"line":50,"column":21},"end":{"line":50,"column":null}},"22":{"start":{"line":52,"column":2},"end":{"line":54,"column":null}},"23":{"start":{"line":53,"column":4},"end":{"line":53,"column":null}},"24":{"start":{"line":56,"column":17},"end":{"line":56,"column":null}},"25":{"start":{"line":58,"column":2},"end":{"line":65,"column":null}},"26":{"start":{"line":72,"column":24},"end":{"line":73,"column":null}},"27":{"start":{"line":77,"column":13},"end":{"line":77,"column":null}},"28":{"start":{"line":94,"column":32},"end":{"line":94,"column":null}},"29":{"start":{"line":108,"column":66},"end":{"line":108,"column":null}},"30":{"start":{"line":126,"column":32},"end":{"line":126,"column":null}},"31":{"start":{"line":139,"column":35},"end":{"line":139,"column":null}},"32":{"start":{"line":140,"column":15},"end":{"line":140,"column":68}},"33":{"start":{"line":142,"column":2},"end":{"line":144,"column":null}},"34":{"start":{"line":143,"column":4},"end":{"line":143,"column":null}}},"fnMap":{"0":{"name":"(anonymous_12)","decl":{"start":{"line":32,"column":18},"end":{"line":32,"column":null}},"loc":{"start":{"line":37,"column":39},"end":{"line":43,"column":null}}},"1":{"name":"(anonymous_13)","decl":{"start":{"line":45,"column":21},"end":{"line":45,"column":null}},"loc":{"start":{"line":45,"column":21},"end":{"line":66,"column":null}}},"2":{"name":"FormItem","decl":{"start":{"line":76,"column":9},"end":{"line":76,"column":18}},"loc":{"start":{"line":76,"column":70},"end":{"line":88,"column":null}}},"3":{"name":"FormLabel","decl":{"start":{"line":90,"column":9},"end":{"line":90,"column":19}},"loc":{"start":{"line":93,"column":51},"end":{"line":105,"column":null}}},"4":{"name":"FormControl","decl":{"start":{"line":107,"column":9},"end":{"line":107,"column":21}},"loc":{"start":{"line":107,"column":68},"end":{"line":123,"column":null}}},"5":{"name":"FormDescription","decl":{"start":{"line":125,"column":9},"end":{"line":125,"column":25}},"loc":{"start":{"line":125,"column":75},"end":{"line":136,"column":null}}},"6":{"name":"FormMessage","decl":{"start":{"line":138,"column":9},"end":{"line":138,"column":21}},"loc":{"start":{"line":138,"column":71},"end":{"line":156,"column":null}}}},"branchMap":{"0":{"loc":{"start":{"line":52,"column":2},"end":{"line":54,"column":null}},"type":"if","locations":[{"start":{"line":52,"column":2},"end":{"line":54,"column":null}}]},"1":{"loc":{"start":{"line":115,"column":8},"end":{"line":117,"column":51}},"type":"cond-expr","locations":[{"start":{"line":116,"column":12},"end":{"line":116,"column":34}},{"start":{"line":117,"column":12},"end":{"line":117,"column":51}}]},"2":{"loc":{"start":{"line":140,"column":15},"end":{"line":140,"column":68}},"type":"cond-expr","locations":[{"start":{"line":140,"column":23},"end":{"line":140,"column":54}},{"start":{"line":140,"column":54},"end":{"line":140,"column":68}}]},"3":{"loc":{"start":{"line":140,"column":30},"end":{"line":140,"column":54}},"type":"binary-expr","locations":[{"start":{"line":140,"column":30},"end":{"line":140,"column":48}},{"start":{"line":140,"column":48},"end":{"line":140,"column":54}}]},"4":{"loc":{"start":{"line":142,"column":2},"end":{"line":144,"column":null}},"type":"if","locations":[{"start":{"line":142,"column":2},"end":{"line":144,"column":null}}]}},"s":{"0":113,"1":74,"2":0,"3":378,"4":74,"5":74,"6":74,"7":0,"8":4,"9":4,"10":4,"11":4,"12":4,"13":4,"14":4,"15":4,"16":4,"17":222,"18":222,"19":222,"20":222,"21":222,"22":222,"23":0,"24":222,"25":222,"26":4,"27":74,"28":74,"29":74,"30":0,"31":74,"32":74,"33":74,"34":74},"f":{"0":74,"1":222,"2":74,"3":74,"4":74,"5":0,"6":74},"b":{"0":[0],"1":[74,0],"2":[0,74],"3":[0,0],"4":[74]}}
,"/Users/benebsworth/projects/pfinance/web/src/components/ui/input.tsx": {"path":"/Users/benebsworth/projects/pfinance/web/src/components/ui/input.tsx","statementMap":{"0":{"start":{"line":21,"column":9},"end":{"line":21,"column":null}},"1":{"start":{"line":1,"column":23},"end":{"line":1,"column":null}},"2":{"start":{"line":3,"column":19},"end":{"line":3,"column":null}}},"fnMap":{"0":{"name":"Input","decl":{"start":{"line":5,"column":9},"end":{"line":5,"column":15}},"loc":{"start":{"line":5,"column":75},"end":{"line":19,"column":null}}}},"branchMap":{},"s":{"0":126,"1":4,"2":4},"f":{"0":126},"b":{}}
,"/Users/benebsworth/projects/pfinance/web/src/components/ui/label.tsx": {"path":"/Users/benebsworth/projects/pfinance/web/src/components/ui/label.tsx","statementMap":{"0":{"start":{"line":24,"column":9},"end":{"line":24,"column":null}},"1":{"start":{"line":3,"column":23},"end":{"line":3,"column":null}},"2":{"start":{"line":4,"column":32},"end":{"line":4,"column":null}},"3":{"start":{"line":6,"column":19},"end":{"line":6,"column":null}}},"fnMap":{"0":{"name":"Label","decl":{"start":{"line":8,"column":9},"end":{"line":8,"column":15}},"loc":{"start":{"line":11,"column":51},"end":{"line":22,"column":null}}}},"branchMap":{},"s":{"0":185,"1":4,"2":4,"3":4},"f":{"0":185},"b":{}}
,"/Users/benebsworth/projects/pfinance/web/src/components/ui/select.tsx": {"path":"/Users/benebsworth/projects/pfinance/web/src/components/ui/select.tsx","statementMap":{"0":{"start":{"line":175,"column":2},"end":{"line":175,"column":8}},"1":{"start":{"line":176,"column":2},"end":{"line":176,"column":15}},"2":{"start":{"line":177,"column":2},"end":{"line":177,"column":13}},"3":{"start":{"line":178,"column":2},"end":{"line":178,"column":12}},"4":{"start":{"line":179,"column":2},"end":{"line":179,"column":13}},"5":{"start":{"line":180,"column":2},"end":{"line":180,"column":24}},"6":{"start":{"line":181,"column":2},"end":{"line":181,"column":22}},"7":{"start":{"line":182,"column":2},"end":{"line":182,"column":17}},"8":{"start":{"line":183,"column":2},"end":{"line":183,"column":15}},"9":{"start":{"line":184,"column":2},"end":{"line":184,"column":13}},"10":{"start":{"line":3,"column":23},"end":{"line":3,"column":null}},"11":{"start":{"line":4,"column":33},"end":{"line":4,"column":null}},"12":{"start":{"line":5,"column":58},"end":{"line":5,"column":null}},"13":{"start":{"line":7,"column":19},"end":{"line":7,"column":null}}},"fnMap":{"0":{"name":"Select","decl":{"start":{"line":9,"column":9},"end":{"line":9,"column":16}},"loc":{"start":{"line":11,"column":52},"end":{"line":13,"column":null}}},"1":{"name":"SelectGroup","decl":{"start":{"line":15,"column":9},"end":{"line":15,"column":21}},"loc":{"start":{"line":17,"column":53},"end":{"line":19,"column":null}}},"2":{"name":"SelectValue","decl":{"start":{"line":21,"column":9},"end":{"line":21,"column":21}},"loc":{"start":{"line":23,"column":53},"end":{"line":25,"column":null}}},"3":{"name":"SelectTrigger","decl":{"start":{"line":27,"column":9},"end":{"line":27,"column":23}},"loc":{"start":{"line":34,"column":1},"end":{"line":51,"column":null}}},"4":{"name":"SelectContent","decl":{"start":{"line":53,"column":9},"end":{"line":53,"column":23}},"loc":{"start":{"line":58,"column":55},"end":{"line":86,"column":null}}},"5":{"name":"SelectLabel","decl":{"start":{"line":88,"column":9},"end":{"line":88,"column":21}},"loc":{"start":{"line":91,"column":53},"end":{"line":99,"column":null}}},"6":{"name":"SelectItem","decl":{"start":{"line":101,"column":9},"end":{"line":101,"column":20}},"loc":{"start":{"line":105,"column":52},"end":{"line":123,"column":null}}},"7":{"name":"SelectSeparator","decl":{"start":{"line":125,"column":9},"end":{"line":125,"column":25}},"loc":{"start":{"line":128,"column":57},"end":{"line":136,"column":null}}},"8":{"name":"SelectScrollUpButton","decl":{"start":{"line":138,"column":9},"end":{"line":138,"column":30}},"loc":{"start":{"line":141,"column":62},"end":{"line":154,"column":null}}},"9":{"name":"SelectScrollDownButton","decl":{"start":{"line":156,"column":9},"end":{"line":156,"column":32}},"loc":{"start":{"line":159,"column":64},"end":{"line":172,"column":null}}}},"branchMap":{"0":{"loc":{"start":{"line":29,"column":2},"end":{"line":29,"column":18}},"type":"default-arg","locations":[{"start":{"line":29,"column":9},"end":{"line":29,"column":18}}]},"1":{"loc":{"start":{"line":56,"column":2},"end":{"line":56,"column":21}},"type":"default-arg","locations":[{"start":{"line":56,"column":13},"end":{"line":56,"column":21}}]},"2":{"loc":{"start":{"line":65,"column":10},"end":{"line":66,"column":null}},"type":"binary-expr","locations":[{"start":{"line":65,"column":10},"end":{"line":65,"column":null}},{"start":{"line":66,"column":12},"end":{"line":66,"column":null}}]},"3":{"loc":{"start":{"line":76,"column":12},"end":{"line":77,"column":null}},"type":"binary-expr","locations":[{"start":{"line":76,"column":12},"end":{"line":76,"column":null}},{"start":{"line":77,"column":14},"end":{"line":77,"column":null}}]}},"s":{"0":37,"1":37,"2":0,"3":148,"4":0,"5":0,"6":0,"7":0,"8":37,"9":37,"10":4,"11":4,"12":4,"13":4},"f":{"0":37,"1":0,"2":37,"3":37,"4":37,"5":0,"6":124,"7":0,"8":31,"9":31},"b":{"0":[37],"1":[37],"2":[37,37],"3":[37,37]}}
,"/Users/benebsworth/projects/pfinance/web/src/components/ui/slider.tsx": {"path":"/Users/benebsworth/projects/pfinance/web/src/components/ui/slider.tsx","statementMap":{"0":{"start":{"line":63,"column":9},"end":{"line":63,"column":null}},"1":{"start":{"line":3,"column":23},"end":{"line":3,"column":null}},"2":{"start":{"line":4,"column":33},"end":{"line":4,"column":null}},"3":{"start":{"line":6,"column":19},"end":{"line":6,"column":null}},"4":{"start":{"line":16,"column":18},"end":{"line":23,"column":null}},"5":{"start":{"line":18,"column":6},"end":{"line":22,"column":null}},"6":{"start":{"line":53,"column":8},"end":{"line":55,"column":null}}},"fnMap":{"0":{"name":"Slider","decl":{"start":{"line":8,"column":9},"end":{"line":8,"column":16}},"loc":{"start":{"line":15,"column":52},"end":{"line":61,"column":null}}},"1":{"name":"(anonymous_5)","decl":{"start":{"line":17,"column":4},"end":{"line":17,"column":null}},"loc":{"start":{"line":18,"column":6},"end":{"line":22,"column":null}}},"2":{"name":"(anonymous_6)","decl":{"start":{"line":52,"column":46},"end":{"line":52,"column":47}},"loc":{"start":{"line":53,"column":8},"end":{"line":55,"column":null}}}},"branchMap":{"0":{"loc":{"start":{"line":12,"column":2},"end":{"line":12,"column":9}},"type":"default-arg","locations":[{"start":{"line":12,"column":8},"end":{"line":12,"column":9}}]},"1":{"loc":{"start":{"line":13,"column":2},"end":{"line":13,"column":11}},"type":"default-arg","locations":[{"start":{"line":13,"column":8},"end":{"line":13,"column":11}}]},"2":{"loc":{"start":{"line":18,"column":6},"end":{"line":22,"column":null}},"type":"cond-expr","locations":[{"start":{"line":19,"column":10},"end":{"line":19,"column":null}},{"start":{"line":20,"column":10},"end":{"line":22,"column":null}}]},"3":{"loc":{"start":{"line":20,"column":10},"end":{"line":22,"column":null}},"type":"cond-expr","locations":[{"start":{"line":21,"column":12},"end":{"line":21,"column":null}},{"start":{"line":22,"column":12},"end":{"line":22,"column":null}}]}},"s":{"0":15,"1":2,"2":2,"3":2,"4":15,"5":15,"6":15},"f":{"0":15,"1":15,"2":15},"b":{"0":[0],"1":[0],"2":[15,0],"3":[0,0]}}
,"/Users/benebsworth/projects/pfinance/web/src/components/ui/switch.tsx": {"path":"/Users/benebsworth/projects/pfinance/web/src/components/ui/switch.tsx","statementMap":{"0":{"start":{"line":31,"column":9},"end":{"line":31,"column":null}},"1":{"start":{"line":3,"column":23},"end":{"line":3,"column":null}},"2":{"start":{"line":4,"column":33},"end":{"line":4,"column":null}},"3":{"start":{"line":6,"column":19},"end":{"line":6,"column":null}}},"fnMap":{"0":{"name":"Switch","decl":{"start":{"line":8,"column":9},"end":{"line":8,"column":16}},"loc":{"start":{"line":11,"column":52},"end":{"line":29,"column":null}}}},"branchMap":{},"s":{"0":259,"1":2,"2":2,"3":2},"f":{"0":259},"b":{}}
,"/Users/benebsworth/projects/pfinance/web/src/components/ui/table.tsx": {"path":"/Users/benebsworth/projects/pfinance/web/src/components/ui/table.tsx","statementMap":{"0":{"start":{"line":108,"column":2},"end":{"line":108,"column":7}},"1":{"start":{"line":110,"column":2},"end":{"line":110,"column":11}},"2":{"start":{"line":115,"column":2},"end":{"line":115,"column":14}},"3":{"start":{"line":114,"column":2},"end":{"line":114,"column":11}},"4":{"start":{"line":111,"column":2},"end":{"line":111,"column":13}},"5":{"start":{"line":112,"column":2},"end":{"line":112,"column":11}},"6":{"start":{"line":109,"column":2},"end":{"line":109,"column":13}},"7":{"start":{"line":113,"column":2},"end":{"line":113,"column":10}},"8":{"start":{"line":3,"column":23},"end":{"line":3,"column":null}},"9":{"start":{"line":5,"column":19},"end":{"line":5,"column":null}}},"fnMap":{"0":{"name":"Table","decl":{"start":{"line":7,"column":9},"end":{"line":7,"column":15}},"loc":{"start":{"line":7,"column":69},"end":{"line":20,"column":null}}},"1":{"name":"TableHeader","decl":{"start":{"line":22,"column":9},"end":{"line":22,"column":21}},"loc":{"start":{"line":22,"column":75},"end":{"line":30,"column":null}}},"2":{"name":"TableBody","decl":{"start":{"line":32,"column":9},"end":{"line":32,"column":19}},"loc":{"start":{"line":32,"column":73},"end":{"line":40,"column":null}}},"3":{"name":"TableFooter","decl":{"start":{"line":42,"column":9},"end":{"line":42,"column":21}},"loc":{"start":{"line":42,"column":75},"end":{"line":53,"column":null}}},"4":{"name":"TableRow","decl":{"start":{"line":55,"column":9},"end":{"line":55,"column":18}},"loc":{"start":{"line":55,"column":69},"end":{"line":66,"column":null}}},"5":{"name":"TableHead","decl":{"start":{"line":68,"column":9},"end":{"line":68,"column":19}},"loc":{"start":{"line":68,"column":70},"end":{"line":79,"column":null}}},"6":{"name":"TableCell","decl":{"start":{"line":81,"column":9},"end":{"line":81,"column":19}},"loc":{"start":{"line":81,"column":70},"end":{"line":92,"column":null}}},"7":{"name":"TableCaption","decl":{"start":{"line":94,"column":9},"end":{"line":94,"column":22}},"loc":{"start":{"line":97,"column":34},"end":{"line":105,"column":null}}}},"branchMap":{},"s":{"0":75,"1":75,"2":0,"3":4865,"4":0,"5":525,"6":75,"7":770,"8":2,"9":2},"f":{"0":64,"1":64,"2":64,"3":0,"4":649,"5":448,"6":4095,"7":0},"b":{}}
,"/Users/benebsworth/projects/pfinance/web/src/components/ui/tabs.tsx": {"path":"/Users/benebsworth/projects/pfinance/web/src/components/ui/tabs.tsx","statementMap":{"0":{"start":{"line":66,"column":9},"end":{"line":66,"column":13}},"1":{"start":{"line":66,"column":38},"end":{"line":66,"column":49}},"2":{"start":{"line":66,"column":15},"end":{"line":66,"column":23}},"3":{"start":{"line":66,"column":25},"end":{"line":66,"column":36}},"4":{"start":{"line":3,"column":23},"end":{"line":3,"column":null}},"5":{"start":{"line":4,"column":31},"end":{"line":4,"column":null}},"6":{"start":{"line":6,"column":19},"end":{"line":6,"column":null}}},"fnMap":{"0":{"name":"Tabs","decl":{"start":{"line":8,"column":9},"end":{"line":8,"column":14}},"loc":{"start":{"line":11,"column":50},"end":{"line":19,"column":null}}},"1":{"name":"TabsList","decl":{"start":{"line":21,"column":9},"end":{"line":21,"column":18}},"loc":{"start":{"line":24,"column":50},"end":{"line":35,"column":null}}},"2":{"name":"TabsTrigger","decl":{"start":{"line":37,"column":9},"end":{"line":37,"column":21}},"loc":{"start":{"line":40,"column":53},"end":{"line":51,"column":null}}},"3":{"name":"TabsContent","decl":{"start":{"line":53,"column":9},"end":{"line":53,"column":21}},"loc":{"start":{"line":56,"column":53},"end":{"line":64,"column":null}}}},"branchMap":{},"s":{"0":37,"1":148,"2":37,"3":148,"4":2,"5":2,"6":2},"f":{"0":37,"1":37,"2":148,"3":148},"b":{}}
,"/Users/benebsworth/projects/pfinance/web/src/components/ui/tooltip.tsx": {"path":"/Users/benebsworth/projects/pfinance/web/src/components/ui/tooltip.tsx","statementMap":{"0":{"start":{"line":61,"column":9},"end":{"line":61,"column":16}},"1":{"start":{"line":61,"column":34},"end":{"line":61,"column":48}},"2":{"start":{"line":61,"column":50},"end":{"line":61,"column":65}},"3":{"start":{"line":61,"column":18},"end":{"line":61,"column":32}},"4":{"start":{"line":3,"column":23},"end":{"line":3,"column":null}},"5":{"start":{"line":4,"column":34},"end":{"line":4,"column":null}},"6":{"start":{"line":6,"column":19},"end":{"line":6,"column":null}}},"fnMap":{"0":{"name":"TooltipProvider","decl":{"start":{"line":8,"column":9},"end":{"line":8,"column":25}},"loc":{"start":{"line":11,"column":57},"end":{"line":19,"column":null}}},"1":{"name":"Tooltip","decl":{"start":{"line":21,"column":9},"end":{"line":21,"column":17}},"loc":{"start":{"line":23,"column":53},"end":{"line":29,"column":null}}},"2":{"name":"TooltipTrigger","decl":{"start":{"line":31,"column":9},"end":{"line":31,"column":24}},"loc":{"start":{"line":33,"column":56},"end":{"line":35,"column":null}}},"3":{"name":"TooltipContent","decl":{"start":{"line":37,"column":9},"end":{"line":37,"column":24}},"loc":{"start":{"line":42,"column":56},"end":{"line":59,"column":null}}}},"branchMap":{"0":{"loc":{"start":{"line":9,"column":2},"end":{"line":9,"column":19}},"type":"default-arg","locations":[{"start":{"line":9,"column":18},"end":{"line":9,"column":19}}]},"1":{"loc":{"start":{"line":39,"column":2},"end":{"line":39,"column":16}},"type":"default-arg","locations":[{"start":{"line":39,"column":15},"end":{"line":39,"column":16}}]}},"s":{"0":222,"1":222,"2":222,"3":222,"4":2,"5":2,"6":2},"f":{"0":444,"1":222,"2":222,"3":222},"b":{"0":[444],"1":[222]}}
,"/Users/benebsworth/projects/pfinance/web/src/lib/utils.ts": {"path":"/Users/benebsworth/projects/pfinance/web/src/lib/utils.ts","statementMap":{"0":{"start":{"line":4,"column":16},"end":{"line":4,"column":19}},"1":{"start":{"line":1,"column":38},"end":{"line":1,"column":null}},"2":{"start":{"line":2,"column":24},"end":{"line":2,"column":null}},"3":{"start":{"line":5,"column":2},"end":{"line":5,"column":null}}},"fnMap":{"0":{"name":"cn","decl":{"start":{"line":4,"column":16},"end":{"line":4,"column":19}},"loc":{"start":{"line":4,"column":42},"end":{"line":6,"column":null}}}},"branchMap":{},"s":{"0":10734,"1":4,"2":4,"3":10734},"f":{"0":10734},"b":{}}
}
