TN:
SF:src/app/components/ExpenseList.tsx
FN:52,ExpenseList
FN:72,(anonymous_2)
FN:73,(anonymous_3)
FN:79,(anonymous_4)
FN:88,(anonymous_5)
FN:95,(anonymous_6)
FN:104,(anonymous_7)
FN:112,(anonymous_8)
FN:117,(anonymous_9)
FN:129,(anonymous_10)
FN:135,(anonymous_11)
FN:144,(anonymous_12)
FN:160,(anonymous_13)
FN:168,(anonymous_14)
FN:208,(anonymous_15)
FN:212,(anonymous_16)
FN:219,(anonymous_17)
FN:290,(anonymous_18)
FN:296,(anonymous_19)
FN:329,(anonymous_20)
FN:337,(anonymous_21)
FN:412,(anonymous_25)
FN:441,(anonymous_27)
FN:475,(anonymous_28)
FNF:24
FNH:15
FNDA:76,ExpenseList
FNDA:21,(anonymous_2)
FNDA:4,(anonymous_3)
FNDA:15,(anonymous_4)
FNDA:21,(anonymous_5)
FNDA:695,(anonymous_6)
FNDA:695,(anonymous_7)
FNDA:695,(anonymous_8)
FNDA:0,(anonymous_9)
FNDA:0,(anonymous_10)
FNDA:0,(anonymous_11)
FNDA:0,(anonymous_12)
FNDA:30,(anonymous_13)
FNDA:17,(anonymous_14)
FNDA:4,(anonymous_15)
FNDA:20,(anonymous_16)
FNDA:2,(anonymous_17)
FNDA:695,(anonymous_18)
FNDA:30,(anonymous_19)
FNDA:0,(anonymous_20)
FNDA:0,(anonymous_21)
FNDA:0,(anonymous_25)
FNDA:0,(anonymous_27)
FNDA:0,(anonymous_28)
DA:3,2
DA:4,2
DA:5,2
DA:6,2
DA:14,2
DA:22,2
DA:30,2
DA:37,2
DA:38,2
DA:39,2
DA:41,2
DA:42,2
DA:43,2
DA:52,21
DA:53,76
DA:54,76
DA:55,76
DA:56,76
DA:57,76
DA:58,76
DA:59,76
DA:60,76
DA:62,76
DA:72,76
DA:73,21
DA:74,4
DA:75,4
DA:79,21
DA:80,15
DA:81,15
DA:85,21
DA:86,21
DA:88,21
DA:89,21
DA:90,21
DA:95,76
DA:96,695
DA:104,76
DA:105,695
DA:112,76
DA:113,695
DA:117,76
DA:118,0
DA:119,0
DA:125,0
DA:129,76
DA:130,0
DA:131,0
DA:135,76
DA:136,0
DA:137,0
DA:138,0
DA:140,0
DA:144,76
DA:145,0
DA:147,0
DA:155,0
DA:156,0
DA:160,76
DA:161,30
DA:162,30
DA:164,4
DA:165,4
DA:168,17
DA:171,4
DA:174,4
DA:177,4
DA:178,17
DA:179,17
DA:181,0
DA:185,4
DA:188,26
DA:191,26
DA:192,2
DA:194,24
DA:197,26
DA:200,0
DA:204,30
DA:208,76
DA:209,4
DA:210,1
DA:212,20
DA:215,4
DA:219,76
DA:220,2
DA:221,2
DA:222,2
DA:226,76
DA:239,76
DA:291,695
DA:296,30
DA:329,0
DA:337,0
DA:413,0
DA:442,0
DA:475,0
LF:96
LH:76
BRDA:74,0,0,4
BRDA:80,1,0,15
BRDA:136,2,0,0
BRDA:145,3,0,0
BRDA:162,4,0,4
BRDA:162,4,1,26
BRDA:162,5,0,30
BRDA:162,5,1,4
BRDA:178,6,0,17
BRDA:178,6,1,0
BRDA:191,7,0,2
BRDA:191,7,1,24
BRDA:209,8,0,1
BRDA:209,8,1,3
BRDA:220,9,0,2
BRDA:253,10,0,76
BRDA:268,11,0,1
BRDA:306,12,0,11
BRDA:306,12,1,684
BRF:19
BRH:16
end_of_record
TN:
SF:src/app/components/SalaryBreakdownChart.tsx
FN:46,SalaryBreakdownChart
FN:69,(anonymous_2)
FN:81,(anonymous_3)
FN:161,(anonymous_4)
FN:166,(anonymous_5)
FN:167,(anonymous_6)
FN:168,(anonymous_7)
FN:174,(anonymous_8)
FN:175,(anonymous_9)
FN:180,(anonymous_10)
FN:198,(anonymous_11)
FN:199,(anonymous_12)
FN:208,(anonymous_13)
FN:219,(anonymous_14)
FN:225,(anonymous_15)
FN:226,(anonymous_16)
FN:239,(anonymous_17)
FN:240,(anonymous_18)
FN:241,(anonymous_19)
FN:242,(anonymous_20)
FN:303,(anonymous_21)
FNF:21
FNH:16
FNDA:37,SalaryBreakdownChart
FNDA:185,(anonymous_2)
FNDA:18,(anonymous_3)
FNDA:90,(anonymous_4)
FNDA:18,(anonymous_5)
FNDA:72,(anonymous_6)
FNDA:72,(anonymous_7)
FNDA:18,(anonymous_8)
FNDA:72,(anonymous_9)
FNDA:0,(anonymous_10)
FNDA:148,(anonymous_11)
FNDA:370,(anonymous_12)
FNDA:37,(anonymous_13)
FNDA:148,(anonymous_14)
FNDA:37,(anonymous_15)
FNDA:148,(anonymous_16)
FNDA:0,(anonymous_17)
FNDA:0,(anonymous_18)
FNDA:0,(anonymous_19)
FNDA:0,(anonymous_20)
FNDA:148,(anonymous_21)
DA:3,2
DA:4,2
DA:5,2
DA:6,2
DA:7,2
DA:8,2
DA:9,2
DA:10,2
DA:11,2
DA:12,2
DA:13,2
DA:34,2
DA:46,37
DA:57,37
DA:66,37
DA:69,37
DA:71,185
DA:73,185
DA:81,37
DA:84,18
DA:85,18
DA:86,18
DA:89,18
DA:93,18
DA:96,18
DA:98,18
DA:132,18
DA:133,0
DA:142,18
DA:143,0
DA:152,18
DA:153,0
DA:161,90
DA:165,37
DA:166,18
DA:167,72
DA:168,72
DA:174,37
DA:175,72
DA:180,37
DA:182,0
DA:185,0
DA:199,370
DA:200,148
DA:209,37
DA:210,37
DA:211,37
DA:219,148
DA:226,37
DA:227,148
DA:228,148
DA:229,148
DA:230,148
DA:231,148
DA:232,148
DA:234,148
DA:239,0
DA:240,0
DA:241,0
DA:242,0
DA:304,148
LF:61
LH:52
BRDA:52,0,0,0
BRDA:53,1,0,0
BRDA:54,2,0,0
BRDA:55,3,0,0
BRDA:132,4,0,0
BRDA:142,5,0,0
BRDA:152,6,0,0
BRDA:182,7,0,0
BRDA:182,7,1,0
BRDA:200,8,0,148
BRDA:200,8,1,0
BRDA:230,9,0,148
BRDA:230,9,1,0
BRDA:245,10,0,148
BRDA:276,11,0,37
BRDA:276,11,1,0
BRDA:276,11,2,0
BRDA:276,11,3,0
BRDA:276,11,4,0
BRF:19
BRH:4
end_of_record
TN:
SF:src/app/components/SalaryCalculator.tsx
FN:131,SalaryCalculator
FN:171,(anonymous_3)
FN:197,(anonymous_4)
FN:198,(anonymous_5)
FN:218,(anonymous_6)
FN:223,(anonymous_7)
FN:224,(anonymous_8)
FN:241,(anonymous_9)
FN:242,(anonymous_10)
FN:289,(anonymous_11)
FN:307,(anonymous_12)
FN:334,(anonymous_13)
FN:344,(anonymous_14)
FN:349,(anonymous_15)
FN:358,(anonymous_16)
FN:360,(anonymous_17)
FN:361,(anonymous_18)
FN:378,(anonymous_19)
FN:379,(anonymous_20)
FN:398,(anonymous_21)
FN:399,(anonymous_22)
FN:429,(anonymous_23)
FN:436,(anonymous_24)
FN:460,(anonymous_25)
FN:467,(anonymous_26)
FN:474,(anonymous_27)
FN:485,(anonymous_28)
FN:533,(anonymous_29)
FN:538,(anonymous_30)
FN:550,(anonymous_31)
FN:562,(anonymous_32)
FN:565,(anonymous_33)
FN:596,(anonymous_34)
FN:600,(anonymous_35)
FN:609,(anonymous_36)
FN:637,(anonymous_37)
FN:638,(anonymous_38)
FN:645,(anonymous_39)
FN:653,(anonymous_40)
FN:657,(anonymous_41)
FN:658,(anonymous_42)
FN:658,(anonymous_43)
FN:662,(anonymous_44)
FN:663,(anonymous_45)
FN:663,(anonymous_46)
FN:669,(anonymous_47)
FN:680,(anonymous_48)
FN:726,(anonymous_49)
FN:762,(anonymous_50)
FN:767,(anonymous_51)
FN:807,(anonymous_52)
FN:809,(anonymous_53)
FN:817,(anonymous_54)
FN:826,(anonymous_55)
FN:829,(anonymous_56)
FN:830,(anonymous_57)
FN:830,(anonymous_58)
FN:833,(anonymous_59)
FN:834,(anonymous_60)
FN:834,(anonymous_61)
FN:840,(anonymous_62)
FN:848,(anonymous_63)
FN:851,(anonymous_64)
FN:852,(anonymous_65)
FN:852,(anonymous_66)
FN:855,(anonymous_67)
FN:856,(anonymous_68)
FN:856,(anonymous_69)
FN:892,(anonymous_70)
FN:906,(anonymous_71)
FN:916,(anonymous_72)
FN:1006,(anonymous_75)
FN:1013,(anonymous_76)
FN:1026,(anonymous_77)
FN:1036,(anonymous_78)
FN:1048,(anonymous_79)
FN:1068,(anonymous_80)
FN:1119,(anonymous_81)
FN:1126,(anonymous_82)
FN:1138,(anonymous_83)
FN:1149,(anonymous_84)
FN:1159,(anonymous_85)
FN:1179,(anonymous_86)
FN:1195,(anonymous_87)
FN:1260,(anonymous_88)
FN:1274,(anonymous_89)
FN:1284,(anonymous_90)
FN:1342,(anonymous_91)
FN:1367,(anonymous_92)
FN:1392,(anonymous_93)
FN:1399,(anonymous_94)
FN:1411,(anonymous_95)
FN:1422,(anonymous_96)
FN:1432,(anonymous_97)
FN:1454,(anonymous_98)
FN:1500,(anonymous_99)
FN:1510,(anonymous_100)
FN:1525,(anonymous_101)
FN:1562,(anonymous_102)
FN:1595,(anonymous_103)
FN:1606,(anonymous_104)
FN:1638,(anonymous_105)
FN:1651,(anonymous_106)
FN:1671,(anonymous_107)
FN:1731,(anonymous_108)
FNF:105
FNH:28
FNDA:37,SalaryCalculator
FNDA:18,(anonymous_3)
FNDA:8,(anonymous_4)
FNDA:0,(anonymous_5)
FNDA:18,(anonymous_6)
FNDA:18,(anonymous_7)
FNDA:0,(anonymous_8)
FNDA:0,(anonymous_9)
FNDA:0,(anonymous_10)
FNDA:26,(anonymous_11)
FNDA:18,(anonymous_12)
FNDA:18,(anonymous_13)
FNDA:18,(anonymous_14)
FNDA:0,(anonymous_15)
FNDA:8,(anonymous_16)
FNDA:0,(anonymous_17)
FNDA:0,(anonymous_18)
FNDA:0,(anonymous_19)
FNDA:0,(anonymous_20)
FNDA:0,(anonymous_21)
FNDA:0,(anonymous_22)
FNDA:18,(anonymous_23)
FNDA:0,(anonymous_24)
FNDA:18,(anonymous_25)
FNDA:26,(anonymous_26)
FNDA:16,(anonymous_27)
FNDA:26,(anonymous_28)
FNDA:18,(anonymous_29)
FNDA:1733,(anonymous_30)
FNDA:936,(anonymous_31)
FNDA:18,(anonymous_32)
FNDA:72,(anonymous_33)
FNDA:0,(anonymous_34)
FNDA:0,(anonymous_35)
FNDA:0,(anonymous_36)
FNDA:8,(anonymous_37)
FNDA:8,(anonymous_38)
FNDA:0,(anonymous_39)
FNDA:0,(anonymous_40)
FNDA:0,(anonymous_41)
FNDA:0,(anonymous_42)
FNDA:0,(anonymous_43)
FNDA:0,(anonymous_44)
FNDA:0,(anonymous_45)
FNDA:0,(anonymous_46)
FNDA:0,(anonymous_47)
FNDA:0,(anonymous_48)
FNDA:0,(anonymous_49)
FNDA:0,(anonymous_50)
FNDA:14,(anonymous_51)
FNDA:8,(anonymous_52)
FNDA:0,(anonymous_53)
FNDA:0,(anonymous_54)
FNDA:0,(anonymous_55)
FNDA:0,(anonymous_56)
FNDA:0,(anonymous_57)
FNDA:0,(anonymous_58)
FNDA:0,(anonymous_59)
FNDA:0,(anonymous_60)
FNDA:0,(anonymous_61)
FNDA:0,(anonymous_62)
FNDA:0,(anonymous_63)
FNDA:0,(anonymous_64)
FNDA:0,(anonymous_65)
FNDA:0,(anonymous_66)
FNDA:0,(anonymous_67)
FNDA:0,(anonymous_68)
FNDA:0,(anonymous_69)
FNDA:0,(anonymous_70)
FNDA:0,(anonymous_71)
FNDA:0,(anonymous_72)
FNDA:0,(anonymous_75)
FNDA:0,(anonymous_76)
FNDA:0,(anonymous_77)
FNDA:0,(anonymous_78)
FNDA:0,(anonymous_79)
FNDA:0,(anonymous_80)
FNDA:0,(anonymous_81)
FNDA:0,(anonymous_82)
FNDA:0,(anonymous_83)
FNDA:0,(anonymous_84)
FNDA:0,(anonymous_85)
FNDA:0,(anonymous_86)
FNDA:0,(anonymous_87)
FNDA:148,(anonymous_88)
FNDA:0,(anonymous_89)
FNDA:0,(anonymous_90)
FNDA:0,(anonymous_91)
FNDA:0,(anonymous_92)
FNDA:0,(anonymous_93)
FNDA:0,(anonymous_94)
FNDA:0,(anonymous_95)
FNDA:0,(anonymous_96)
FNDA:0,(anonymous_97)
FNDA:0,(anonymous_98)
FNDA:0,(anonymous_99)
FNDA:0,(anonymous_100)
FNDA:0,(anonymous_101)
FNDA:0,(anonymous_102)
FNDA:0,(anonymous_103)
FNDA:0,(anonymous_104)
FNDA:8,(anonymous_105)
FNDA:5,(anonymous_106)
FNDA:0,(anonymous_107)
FNDA:148,(anonymous_108)
DA:3,2
DA:4,2
DA:6,2
DA:14,2
DA:15,2
DA:22,2
DA:29,2
DA:30,2
DA:31,2
DA:32,2
DA:33,2
DA:34,2
DA:35,2
DA:36,2
DA:37,2
DA:38,2
DA:44,2
DA:45,2
DA:46,2
DA:83,2
DA:84,2
DA:87,2
DA:89,2
DA:90,2
DA:91,2
DA:94,2
DA:102,2
DA:105,2
DA:128,2
DA:129,2
DA:131,8
DA:132,37
DA:133,37
DA:146,37
DA:147,37
DA:148,37
DA:150,37
DA:162,37
DA:163,37
DA:164,37
DA:165,37
DA:166,37
DA:168,37
DA:171,37
DA:172,18
DA:173,18
DA:175,18
DA:176,0
DA:177,18
DA:178,0
DA:179,18
DA:180,0
DA:184,18
DA:185,0
DA:187,0
DA:188,0
DA:190,0
DA:193,18
DA:197,37
DA:198,8
DA:199,0
DA:200,0
DA:202,0
DA:205,0
DA:206,0
DA:207,0
DA:208,0
DA:209,0
DA:210,0
DA:213,0
DA:218,37
DA:219,18
DA:223,37
DA:224,18
DA:225,0
DA:228,0
DA:229,0
DA:230,0
DA:231,0
DA:232,0
DA:233,0
DA:234,0
DA:237,0
DA:240,18
DA:241,0
DA:243,0
DA:246,0
DA:247,0
DA:248,0
DA:249,0
DA:250,0
DA:251,0
DA:252,0
DA:255,0
DA:259,18
DA:262,18
DA:266,18
DA:267,18
DA:268,0
DA:269,0
DA:270,0
DA:271,0
DA:275,18
DA:277,18
DA:289,37
DA:291,26
DA:295,26
DA:298,26
DA:299,10
DA:300,10
DA:303,26
DA:307,37
DA:308,18
DA:311,18
DA:314,18
DA:315,18
DA:318,18
DA:330,18
DA:334,37
DA:336,18
DA:337,0
DA:340,18
DA:344,37
DA:345,18
DA:348,0
DA:349,0
DA:352,0
DA:354,0
DA:358,37
DA:359,8
DA:360,0
DA:362,0
DA:365,0
DA:366,0
DA:367,0
DA:368,0
DA:369,0
DA:370,0
DA:371,0
DA:374,0
DA:377,8
DA:378,0
DA:380,0
DA:383,0
DA:384,0
DA:385,0
DA:386,0
DA:387,0
DA:388,0
DA:389,0
DA:392,0
DA:397,8
DA:398,0
DA:400,0
DA:403,0
DA:404,0
DA:405,0
DA:406,0
DA:407,0
DA:408,0
DA:409,0
DA:413,0
DA:414,0
DA:417,0
DA:420,8
DA:429,37
DA:430,18
DA:433,18
DA:436,18
DA:437,0
DA:438,0
DA:439,0
DA:441,0
DA:444,0
DA:445,0
DA:446,0
DA:447,0
DA:448,0
DA:449,0
DA:452,0
DA:456,18
DA:460,37
DA:461,18
DA:462,18
DA:463,18
DA:467,37
DA:468,26
DA:469,10
DA:470,10
DA:474,37
DA:475,16
DA:479,8
DA:480,8
DA:481,8
DA:485,37
DA:487,26
DA:490,26
DA:493,26
DA:496,26
DA:499,26
DA:500,10
DA:501,10
DA:507,26
DA:521,26
DA:533,37
DA:534,18
DA:538,37
DA:540,1733
DA:542,1733
DA:550,37
DA:551,936
DA:552,234
DA:553,702
DA:554,234
DA:555,468
DA:556,234
DA:558,234
DA:562,37
DA:563,18
DA:565,72
DA:596,37
DA:597,0
DA:599,0
DA:600,0
DA:603,0
DA:605,0
DA:609,37
DA:610,0
DA:619,0
DA:632,0
DA:633,0
DA:634,0
DA:637,37
DA:638,8
DA:645,37
DA:646,0
DA:653,0
DA:657,37
DA:658,0
DA:662,37
DA:663,0
DA:664,0
DA:669,37
DA:670,0
DA:672,0
DA:673,0
DA:674,0
DA:676,0
DA:680,37
DA:681,0
DA:683,0
DA:688,0
DA:690,0
DA:696,0
DA:697,0
DA:703,0
DA:704,0
DA:706,0
DA:707,0
DA:713,0
DA:715,0
DA:721,0
DA:726,37
DA:727,0
DA:729,0
DA:737,0
DA:740,0
DA:743,0
DA:749,0
DA:751,0
DA:757,0
DA:762,37
DA:763,0
DA:767,37
DA:768,14
DA:769,14
DA:770,14
DA:771,14
DA:773,14
DA:774,0
DA:777,0
DA:778,0
DA:781,0
DA:782,0
DA:786,0
DA:787,0
DA:794,0
DA:797,0
DA:798,0
DA:801,0
DA:807,37
DA:808,8
DA:809,0
DA:817,37
DA:818,0
DA:826,0
DA:829,37
DA:830,0
DA:833,37
DA:834,0
DA:835,0
DA:840,37
DA:841,0
DA:848,0
DA:851,37
DA:852,0
DA:855,37
DA:856,0
DA:857,0
DA:892,0
DA:906,0
DA:916,0
DA:1007,0
DA:1013,0
DA:1026,0
DA:1036,0
DA:1048,0
DA:1068,0
DA:1120,0
DA:1126,0
DA:1138,0
DA:1149,0
DA:1159,0
DA:1179,0
DA:1195,0
DA:1261,148
DA:1274,0
DA:1284,0
DA:1343,0
DA:1344,0
DA:1368,0
DA:1369,0
DA:1370,0
DA:1371,0
DA:1372,0
DA:1373,0
DA:1374,0
DA:1376,0
DA:1393,0
DA:1399,0
DA:1411,0
DA:1422,0
DA:1432,0
DA:1454,0
DA:1500,0
DA:1510,0
DA:1525,0
DA:1562,0
DA:1595,0
DA:1606,0
DA:1638,8
DA:1652,5
DA:1653,5
DA:1672,0
DA:1732,148
LF:355
LH:162
BRDA:172,0,0,18
BRDA:172,0,1,0
BRDA:175,1,0,0
BRDA:175,1,1,18
BRDA:177,2,0,0
BRDA:177,2,1,18
BRDA:179,3,0,0
BRDA:184,4,0,0
BRDA:185,5,0,0
BRDA:185,5,1,0
BRDA:187,6,0,0
BRDA:187,6,1,0
BRDA:199,7,0,0
BRDA:199,7,1,0
BRDA:200,8,0,0
BRDA:200,8,1,0
BRDA:205,9,0,0
BRDA:205,9,1,0
BRDA:207,10,0,0
BRDA:207,10,1,0
BRDA:209,11,0,0
BRDA:225,12,0,0
BRDA:225,12,1,0
BRDA:229,13,0,0
BRDA:229,13,1,0
BRDA:231,14,0,0
BRDA:231,14,1,0
BRDA:233,15,0,0
BRDA:243,16,0,0
BRDA:243,16,1,0
BRDA:247,17,0,0
BRDA:247,17,1,0
BRDA:249,18,0,0
BRDA:249,18,1,0
BRDA:251,19,0,0
BRDA:267,20,0,0
BRDA:298,21,0,10
BRDA:299,22,0,10
BRDA:299,22,1,10
BRDA:318,23,0,0
BRDA:336,24,0,0
BRDA:336,25,0,18
BRDA:336,25,1,18
BRDA:336,25,2,18
BRDA:345,26,0,18
BRDA:349,27,0,0
BRDA:349,27,1,0
BRDA:352,28,0,0
BRDA:362,29,0,0
BRDA:362,29,1,0
BRDA:366,30,0,0
BRDA:366,30,1,0
BRDA:368,31,0,0
BRDA:368,31,1,0
BRDA:370,32,0,0
BRDA:380,33,0,0
BRDA:380,33,1,0
BRDA:384,34,0,0
BRDA:384,34,1,0
BRDA:386,35,0,0
BRDA:386,35,1,0
BRDA:388,36,0,0
BRDA:400,37,0,0
BRDA:400,37,1,0
BRDA:404,38,0,0
BRDA:404,38,1,0
BRDA:406,39,0,0
BRDA:406,39,1,0
BRDA:408,40,0,0
BRDA:413,41,0,0
BRDA:430,42,0,0
BRDA:437,43,0,0
BRDA:438,44,0,0
BRDA:438,44,1,0
BRDA:439,45,0,0
BRDA:439,45,1,0
BRDA:444,46,0,0
BRDA:444,46,1,0
BRDA:446,47,0,0
BRDA:446,47,1,0
BRDA:448,48,0,0
BRDA:468,49,0,16
BRDA:469,50,0,10
BRDA:469,50,1,10
BRDA:475,51,0,8
BRDA:499,52,0,10
BRDA:500,53,0,10
BRDA:500,53,1,10
BRDA:551,54,0,234
BRDA:551,54,1,702
BRDA:553,55,0,234
BRDA:553,55,1,468
BRDA:555,56,0,234
BRDA:597,57,0,0
BRDA:600,58,0,0
BRDA:600,58,1,0
BRDA:603,59,0,0
BRDA:664,60,0,0
BRDA:664,60,1,0
BRDA:670,61,0,0
BRDA:672,62,0,0
BRDA:672,62,1,0
BRDA:673,63,0,0
BRDA:673,63,1,0
BRDA:681,64,0,0
BRDA:768,65,0,14
BRDA:773,66,0,0
BRDA:781,67,0,0
BRDA:786,68,0,0
BRDA:786,69,0,0
BRDA:786,69,1,0
BRDA:808,70,0,0
BRDA:808,71,0,8
BRDA:808,71,1,0
BRDA:835,72,0,0
BRDA:835,72,1,0
BRDA:844,73,0,0
BRDA:844,73,1,0
BRDA:857,74,0,0
BRDA:857,74,1,0
BRDA:898,75,0,37
BRDA:928,76,0,0
BRDA:1073,77,0,0
BRDA:1073,77,1,0
BRDA:1274,78,0,0
BRDA:1274,78,1,0
BRDA:1296,79,0,37
BRDA:1343,80,0,0
BRDA:1343,80,1,0
BRDA:1368,81,0,0
BRDA:1368,81,1,0
BRDA:1369,82,0,0
BRDA:1369,82,1,0
BRDA:1371,83,0,0
BRDA:1371,83,1,0
BRDA:1373,84,0,0
BRDA:1373,84,1,0
BRDA:1460,85,0,0
BRDA:1463,86,0,0
BRDA:1463,86,1,0
BRDA:1464,87,0,0
BRDA:1464,87,1,0
BRDA:1469,88,0,0
BRDA:1472,89,0,0
BRDA:1472,89,1,0
BRDA:1473,90,0,0
BRDA:1473,90,1,0
BRDA:1488,91,0,37
BRDA:1488,91,1,0
BRDA:1504,92,0,37
BRDA:1510,93,0,0
BRDA:1510,93,1,0
BRDA:1550,94,0,37
BRDA:1590,95,0,37
BRDA:1645,96,0,37
BRDA:1652,97,0,5
BRDA:1652,97,1,0
BRDA:1667,98,0,15
BRDA:1667,98,1,10
BRDA:1682,99,0,15
BRDA:1740,100,0,148
BRDA:1740,100,1,0
BRDA:1752,101,0,148
BRDA:1760,102,0,148
BRDA:1775,103,0,148
BRDA:1787,104,0,148
BRDA:1803,105,0,148
BRDA:1803,105,1,148
BRDA:1804,106,0,60
BRDA:1804,106,1,88
BRDA:1822,107,0,148
BRDA:1822,107,1,148
BRDA:1834,108,0,148
BRDA:1846,109,0,148
BRDA:1875,110,0,148
BRDA:1883,111,0,148
BRDA:1900,112,0,148
BRDA:1900,112,1,148
BRDA:1905,113,0,148
BRDA:1994,114,0,37
BRDA:1994,114,1,0
BRF:181
BRH:54
end_of_record
TN:
SF:src/app/constants/taxSystems.ts
FN:40,getTaxSystem
FN:53,calculateTaxWithBrackets
FN:61,(anonymous_8)
FN:64,(anonymous_9)
FNF:4
FNH:3
FNDA:1936,getTaxSystem
FNDA:36,calculateTaxWithBrackets
FNDA:0,(anonymous_8)
FNDA:36,(anonymous_9)
DA:4,4
DA:18,4
DA:31,4
DA:40,1936
DA:41,1936
DA:43,0
DA:45,0
DA:48,1936
DA:53,36
DA:58,36
DA:61,36
DA:64,36
DA:65,36
DA:68,36
DA:71,36
DA:72,0
DA:73,0
DA:74,0
DA:76,0
DA:80,36
DA:81,36
DA:83,36
DA:84,36
DA:86,36
DA:89,36
DA:90,36
DA:91,36
DA:94,36
DA:95,36
DA:98,36
DA:100,36
DA:103,36
LF:32
LH:26
BRDA:41,0,0,0
BRDA:41,0,1,0
BRDA:41,0,2,1936
BRDA:41,0,3,1936
BRDA:58,1,0,0
BRDA:65,2,0,36
BRDA:65,2,1,36
BRDA:65,2,2,0
BRDA:68,3,0,0
BRDA:71,4,0,0
BRDA:86,5,0,0
BRDA:89,6,0,0
BRDA:89,6,1,36
BRDA:100,7,0,36
BRF:14
BRH:6
end_of_record
TN:
SF:src/app/constants/theme.ts
FN:26,(anonymous_12)
FN:44,(anonymous_13)
FN:49,(anonymous_14)
FN:65,(anonymous_15)
FN:70,(anonymous_16)
FN:87,(anonymous_17)
FN:100,getCategoryIndex
FNF:7
FNH:2
FNDA:695,(anonymous_12)
FNDA:695,(anonymous_13)
FNDA:0,(anonymous_14)
FNDA:0,(anonymous_15)
FNDA:0,(anonymous_16)
FNDA:0,(anonymous_17)
FNDA:0,getCategoryIndex
DA:4,2
DA:18,2
DA:26,695
DA:27,695
DA:40,695
DA:44,695
DA:45,695
DA:49,2
DA:50,0
DA:61,0
DA:65,2
DA:66,0
DA:70,2
DA:71,0
DA:82,0
DA:83,0
DA:87,2
DA:88,0
DA:95,0
DA:96,0
DA:101,0
DA:114,0
DA:118,2
DA:119,2
DA:120,2
LF:25
LH:14
BRDA:40,0,0,695
BRDA:40,0,1,0
BRDA:45,1,0,695
BRDA:45,1,1,0
BRDA:61,2,0,0
BRDA:61,2,1,0
BRDA:82,3,0,0
BRDA:82,3,1,0
BRDA:95,4,0,0
BRDA:95,4,1,0
BRDA:114,5,0,0
BRDA:114,5,1,0
BRF:12
BRH:2
end_of_record
TN:
SF:src/app/context/FinanceContext.tsx
FN:71,FinanceProvider
FN:77,(anonymous_4)
FN:83,(anonymous_5)
FN:98,(anonymous_6)
FN:121,(anonymous_7)
FN:126,(anonymous_8)
FN:131,(anonymous_9)
FN:136,(anonymous_10)
FN:146,(anonymous_11)
FN:150,(anonymous_12)
FN:153,(anonymous_13)
FN:154,(anonymous_14)
FN:169,(anonymous_15)
FN:170,(anonymous_16)
FN:171,(anonymous_17)
FN:179,(anonymous_18)
FN:180,(anonymous_19)
FN:180,(anonymous_20)
FN:183,(anonymous_21)
FN:184,(anonymous_22)
FN:184,(anonymous_23)
FN:187,(anonymous_24)
FN:188,(anonymous_25)
FN:200,(anonymous_26)
FN:204,(anonymous_27)
FN:217,(anonymous_28)
FN:225,(anonymous_29)
FN:244,(anonymous_30)
FN:245,(anonymous_31)
FN:246,(anonymous_32)
FN:254,(anonymous_33)
FN:255,(anonymous_34)
FN:259,(anonymous_35)
FN:275,(anonymous_36)
FN:291,(anonymous_37)
FN:292,(anonymous_38)
FN:300,(anonymous_39)
FN:302,(anonymous_40)
FN:313,(anonymous_41)
FN:332,(anonymous_42)
FN:355,(anonymous_43)
FN:359,(anonymous_44)
FN:360,(anonymous_45)
FN:440,useFinance
FNF:44
FNH:6
FNDA:54,FinanceProvider
FNDA:29,(anonymous_4)
FNDA:0,(anonymous_5)
FNDA:0,(anonymous_6)
FNDA:54,(anonymous_7)
FNDA:54,(anonymous_8)
FNDA:54,(anonymous_9)
FNDA:0,(anonymous_10)
FNDA:0,(anonymous_11)
FNDA:0,(anonymous_12)
FNDA:0,(anonymous_13)
FNDA:0,(anonymous_14)
FNDA:0,(anonymous_15)
FNDA:0,(anonymous_16)
FNDA:0,(anonymous_17)
FNDA:0,(anonymous_18)
FNDA:0,(anonymous_19)
FNDA:0,(anonymous_20)
FNDA:0,(anonymous_21)
FNDA:0,(anonymous_22)
FNDA:0,(anonymous_23)
FNDA:0,(anonymous_24)
FNDA:0,(anonymous_25)
FNDA:0,(anonymous_26)
FNDA:0,(anonymous_27)
FNDA:0,(anonymous_28)
FNDA:0,(anonymous_29)
FNDA:0,(anonymous_30)
FNDA:0,(anonymous_31)
FNDA:0,(anonymous_32)
FNDA:0,(anonymous_33)
FNDA:0,(anonymous_34)
FNDA:0,(anonymous_35)
FNDA:0,(anonymous_36)
FNDA:0,(anonymous_37)
FNDA:0,(anonymous_38)
FNDA:0,(anonymous_39)
FNDA:0,(anonymous_40)
FNDA:0,(anonymous_41)
FNDA:0,(anonymous_42)
FNDA:0,(anonymous_43)
FNDA:0,(anonymous_44)
FNDA:0,(anonymous_45)
FNDA:74,useFinance
DA:3,4
DA:14,4
DA:15,4
DA:62,4
DA:69,4
DA:71,10
DA:72,54
DA:73,54
DA:74,54
DA:77,54
DA:79,29
DA:80,29
DA:81,25
DA:82,25
DA:83,25
DA:87,25
DA:89,0
DA:94,29
DA:95,29
DA:96,25
DA:97,25
DA:98,25
DA:102,25
DA:104,0
DA:109,29
DA:110,29
DA:111,25
DA:112,25
DA:113,25
DA:115,0
DA:121,54
DA:122,54
DA:126,54
DA:127,54
DA:131,54
DA:132,54
DA:136,54
DA:137,0
DA:138,0
DA:146,0
DA:150,54
DA:151,0
DA:153,0
DA:154,0
DA:163,0
DA:166,0
DA:169,54
DA:170,0
DA:171,0
DA:172,0
DA:179,54
DA:180,0
DA:183,54
DA:184,0
DA:187,54
DA:188,0
DA:191,0
DA:196,0
DA:200,54
DA:201,0
DA:204,0
DA:207,0
DA:212,0
DA:213,0
DA:217,0
DA:225,54
DA:232,0
DA:241,0
DA:244,54
DA:245,0
DA:246,0
DA:247,0
DA:254,54
DA:255,0
DA:259,54
DA:260,0
DA:262,0
DA:264,0
DA:266,0
DA:268,0
DA:270,0
DA:275,54
DA:276,0
DA:278,0
DA:280,0
DA:282,0
DA:284,0
DA:286,0
DA:291,54
DA:292,0
DA:293,0
DA:296,0
DA:300,54
DA:301,0
DA:302,0
DA:303,0
DA:308,0
DA:309,0
DA:313,54
DA:315,0
DA:318,0
DA:319,0
DA:323,0
DA:326,0
DA:328,0
DA:332,54
DA:333,0
DA:336,0
DA:341,0
DA:342,0
DA:343,0
DA:344,0
DA:345,0
DA:346,0
DA:348,0
DA:352,0
DA:354,0
DA:355,0
DA:356,0
DA:358,0
DA:359,0
DA:360,0
DA:364,0
DA:365,0
DA:366,0
DA:367,0
DA:368,0
DA:369,0
DA:371,0
DA:374,0
DA:377,0
DA:381,0
DA:385,0
DA:386,0
DA:387,0
DA:388,0
DA:389,0
DA:390,0
DA:392,0
DA:396,0
DA:407,0
DA:440,76
DA:441,74
DA:442,74
DA:443,0
DA:445,74
LF:146
LH:53
BRDA:80,0,0,25
BRDA:95,1,0,25
BRDA:110,2,0,25
BRDA:136,3,0,0
BRDA:159,4,0,0
BRDA:159,4,1,0
BRDA:172,5,0,0
BRDA:172,5,1,0
BRDA:191,6,0,0
BRDA:191,6,1,0
BRDA:192,7,0,0
BRDA:192,7,1,0
BRDA:193,8,0,0
BRDA:193,8,1,0
BRDA:207,9,0,0
BRDA:207,9,1,0
BRDA:208,10,0,0
BRDA:208,10,1,0
BRDA:209,11,0,0
BRDA:209,11,1,0
BRDA:212,12,0,0
BRDA:212,12,1,0
BRDA:220,13,0,0
BRDA:220,13,1,0
BRDA:247,14,0,0
BRDA:247,14,1,0
BRDA:260,15,0,0
BRDA:260,15,1,0
BRDA:260,15,2,0
BRDA:260,15,3,0
BRDA:260,15,4,0
BRDA:276,16,0,0
BRDA:276,16,1,0
BRDA:276,16,2,0
BRDA:276,16,3,0
BRDA:276,16,4,0
BRDA:291,17,0,0
BRDA:315,18,0,0
BRDA:315,19,0,0
BRDA:315,19,1,0
BRDA:318,20,0,0
BRDA:326,21,0,0
BRDA:326,21,1,0
BRDA:332,22,0,0
BRDA:336,23,0,0
BRDA:341,24,0,0
BRDA:341,24,1,0
BRDA:343,25,0,0
BRDA:343,25,1,0
BRDA:345,26,0,0
BRDA:345,26,1,0
BRDA:354,27,0,0
BRDA:356,28,0,0
BRDA:364,29,0,0
BRDA:364,29,1,0
BRDA:366,30,0,0
BRDA:366,30,1,0
BRDA:368,31,0,0
BRDA:368,31,1,0
BRDA:385,32,0,0
BRDA:385,32,1,0
BRDA:387,33,0,0
BRDA:387,33,1,0
BRDA:389,34,0,0
BRDA:389,34,1,0
BRDA:404,35,0,0
BRDA:404,35,1,0
BRDA:442,36,0,0
BRF:68
BRH:3
end_of_record
TN:
SF:src/components/ui/badge.tsx
FN:28,Badge
FNF:1
FNH:1
FNDA:1170,Badge
DA:1,2
DA:2,2
DA:3,2
DA:5,2
DA:7,2
DA:35,1170
DA:46,1390
LF:7
LH:7
BRDA:31,0,0,1170
BRDA:35,1,0,0
BRDA:35,1,1,1170
BRF:3
BRH:2
end_of_record
TN:
SF:src/components/ui/button.tsx
FN:38,Button
FNF:1
FNH:1
FNDA:1506,Button
DA:1,4
DA:2,4
DA:3,4
DA:5,4
DA:7,4
DA:48,1506
DA:59,1962
LF:7
LH:7
BRDA:42,0,0,1506
BRDA:48,1,0,0
BRDA:48,1,1,1506
BRF:3
BRH:2
end_of_record
TN:
SF:src/components/ui/card.tsx
FN:5,Card
FN:18,CardHeader
FN:31,CardTitle
FN:41,CardDescription
FN:51,CardAction
FN:64,CardContent
FN:74,CardFooter
FNF:7
FNH:5
FNDA:176,Card
FNDA:176,CardHeader
FNDA:176,CardTitle
FNDA:0,CardDescription
FNDA:0,CardAction
FNDA:176,CardContent
FNDA:37,CardFooter
DA:1,4
DA:3,4
DA:85,187
DA:86,187
DA:87,37
DA:88,187
DA:89,0
DA:90,0
DA:91,187
LF:9
LH:7
BRF:0
BRH:0
end_of_record
TN:
SF:src/components/ui/dialog.tsx
FN:9,Dialog
FN:15,DialogTrigger
FN:21,DialogPortal
FN:27,DialogClose
FN:33,DialogOverlay
FN:49,DialogContent
FN:75,DialogHeader
FN:85,DialogFooter
FN:98,DialogTitle
FN:111,DialogDescription
FNF:10
FNH:3
FNDA:22,Dialog
FNDA:0,DialogTrigger
FNDA:22,DialogPortal
FNDA:0,DialogClose
FNDA:0,DialogOverlay
FNDA:22,DialogContent
FNDA:0,DialogHeader
FNDA:0,DialogFooter
FNDA:0,DialogTitle
FNDA:0,DialogDescription
DA:3,1
DA:4,1
DA:5,1
DA:7,1
DA:125,22
DA:126,0
DA:127,22
DA:128,11
DA:129,22
DA:130,22
DA:131,0
DA:132,0
DA:133,22
DA:134,0
LF:14
LH:10
BRF:0
BRH:0
end_of_record
TN:
SF:src/components/ui/form.tsx
FN:32,(anonymous_12)
FN:45,(anonymous_13)
FN:76,FormItem
FN:90,FormLabel
FN:107,FormControl
FN:125,FormDescription
FN:138,FormMessage
FNF:7
FNH:6
FNDA:74,(anonymous_12)
FNDA:222,(anonymous_13)
FNDA:74,FormItem
FNDA:74,FormLabel
FNDA:74,FormControl
FNDA:0,FormDescription
FNDA:74,FormMessage
DA:3,4
DA:5,4
DA:14,4
DA:16,4
DA:17,4
DA:19,4
DA:28,4
DA:32,4
DA:45,4
DA:46,222
DA:47,222
DA:48,222
DA:49,222
DA:50,222
DA:52,222
DA:53,0
DA:56,222
DA:58,222
DA:72,4
DA:77,74
DA:94,74
DA:108,74
DA:126,0
DA:139,74
DA:140,74
DA:142,74
DA:143,74
DA:159,0
DA:160,113
DA:161,74
DA:162,74
DA:163,74
DA:164,0
DA:165,74
DA:166,378
LF:35
LH:31
BRDA:52,0,0,0
BRDA:115,1,0,74
BRDA:115,1,1,0
BRDA:140,2,0,0
BRDA:140,2,1,74
BRDA:140,3,0,0
BRDA:140,3,1,0
BRDA:142,4,0,74
BRF:8
BRH:3
end_of_record
TN:
SF:src/components/ui/input.tsx
FN:5,Input
FNF:1
FNH:1
FNDA:126,Input
DA:1,4
DA:3,4
DA:21,126
LF:3
LH:3
BRF:0
BRH:0
end_of_record
TN:
SF:src/components/ui/label.tsx
FN:8,Label
FNF:1
FNH:1
FNDA:185,Label
DA:3,4
DA:4,4
DA:6,4
DA:24,185
LF:4
LH:4
BRF:0
BRH:0
end_of_record
TN:
SF:src/components/ui/select.tsx
FN:9,Select
FN:15,SelectGroup
FN:21,SelectValue
FN:27,SelectTrigger
FN:53,SelectContent
FN:88,SelectLabel
FN:101,SelectItem
FN:125,SelectSeparator
FN:138,SelectScrollUpButton
FN:156,SelectScrollDownButton
FNF:10
FNH:7
FNDA:37,Select
FNDA:0,SelectGroup
FNDA:37,SelectValue
FNDA:37,SelectTrigger
FNDA:37,SelectContent
FNDA:0,SelectLabel
FNDA:124,SelectItem
FNDA:0,SelectSeparator
FNDA:31,SelectScrollUpButton
FNDA:31,SelectScrollDownButton
DA:3,4
DA:4,4
DA:5,4
DA:7,4
DA:175,37
DA:176,37
DA:177,0
DA:178,148
DA:179,0
DA:180,0
DA:181,0
DA:182,0
DA:183,37
DA:184,37
LF:14
LH:9
BRDA:29,0,0,37
BRDA:56,1,0,37
BRDA:65,2,0,37
BRDA:65,2,1,37
BRDA:76,3,0,37
BRDA:76,3,1,37
BRF:6
BRH:6
end_of_record
TN:
SF:src/components/ui/slider.tsx
FN:8,Slider
FN:17,(anonymous_5)
FN:52,(anonymous_6)
FNF:3
FNH:3
FNDA:15,Slider
FNDA:15,(anonymous_5)
FNDA:15,(anonymous_6)
DA:3,2
DA:4,2
DA:6,2
DA:16,15
DA:18,15
DA:53,15
DA:63,15
LF:7
LH:7
BRDA:12,0,0,0
BRDA:13,1,0,0
BRDA:18,2,0,15
BRDA:18,2,1,0
BRDA:20,3,0,0
BRDA:20,3,1,0
BRF:6
BRH:1
end_of_record
TN:
SF:src/components/ui/switch.tsx
FN:8,Switch
FNF:1
FNH:1
FNDA:259,Switch
DA:3,2
DA:4,2
DA:6,2
DA:31,259
LF:4
LH:4
BRF:0
BRH:0
end_of_record
TN:
SF:src/components/ui/table.tsx
FN:7,Table
FN:22,TableHeader
FN:32,TableBody
FN:42,TableFooter
FN:55,TableRow
FN:68,TableHead
FN:81,TableCell
FN:94,TableCaption
FNF:8
FNH:6
FNDA:64,Table
FNDA:64,TableHeader
FNDA:64,TableBody
FNDA:0,TableFooter
FNDA:649,TableRow
FNDA:448,TableHead
FNDA:4095,TableCell
FNDA:0,TableCaption
DA:3,2
DA:5,2
DA:108,75
DA:109,75
DA:110,75
DA:111,0
DA:112,525
DA:113,770
DA:114,4865
DA:115,0
LF:10
LH:8
BRF:0
BRH:0
end_of_record
TN:
SF:src/components/ui/tabs.tsx
FN:8,Tabs
FN:21,TabsList
FN:37,TabsTrigger
FN:53,TabsContent
FNF:4
FNH:4
FNDA:37,Tabs
FNDA:37,TabsList
FNDA:148,TabsTrigger
FNDA:148,TabsContent
DA:3,2
DA:4,2
DA:6,2
DA:66,148
LF:4
LH:4
BRF:0
BRH:0
end_of_record
TN:
SF:src/components/ui/tooltip.tsx
FN:8,TooltipProvider
FN:21,Tooltip
FN:31,TooltipTrigger
FN:37,TooltipContent
FNF:4
FNH:4
FNDA:444,TooltipProvider
FNDA:222,Tooltip
FNDA:222,TooltipTrigger
FNDA:222,TooltipContent
DA:3,2
DA:4,2
DA:6,2
DA:61,222
LF:4
LH:4
BRDA:9,0,0,444
BRDA:39,1,0,222
BRF:2
BRH:2
end_of_record
TN:
SF:src/lib/utils.ts
FN:4,cn
FNF:1
FNH:1
FNDA:10734,cn
DA:1,4
DA:2,4
DA:4,10734
DA:5,10734
LF:4
LH:4
BRF:0
BRH:0
end_of_record
